<?xml version="1.0" encoding="UTF-8"?>
<!-- Generated by org.testng.reporters.JUnitReportReporter -->
<testsuite hostname="DESKTOP-SPJ27N6" failures="0" tests="30" name="Test_Orgnization" time="675.027" errors="0" timestamp="2024-10-15T21:08:29 IST" skipped="0">
  <testcase classname="Test_Orgnization" name="Create_Orgnization_with_invalid_orgnization_name" time="24.683"/>
  <testcase classname="Test_Orgnization" name="verify_to_create_orgnization_with_all_valid_data_of_orgnization" time="19.471"/>
  <testcase classname="Test_Orgnization" name="Verify_that_an_organization_cannot_be_created_without_an_organization_name" time="19.865"/>
  <testcase classname="Test_Orgnization" name="Verify_to_add_orgnization_with_special_charcter_in_org_name_field" time="23.561"/>
  <testcase classname="Test_Orgnization" name="Verify_to_add_orgnization_with_minimum_length_of_orgname" time="22.582"/>
  <testcase classname="Test_Orgnization" name="Verify_to_add_orgnization_with_max_length_of_orgname" time="22.967"/>
  <testcase classname="Test_Orgnization" name="Verify_that_an_organization_cannot_be_created_with_an_invalid_GST_number_format" time="22.609"/>
  <testcase classname="Test_Orgnization" name="Verify_that_an_organization_cannot_be_created_without_GST_number" time="22.583"/>
  <testcase classname="Test_Orgnization" name="Verify_that_an_organization_cannot_be_created_with_max_length_of_GST_number" time="22.913"/>
  <testcase classname="Test_Orgnization" name="Verify_that_an_organization_cannot_be_created_with_max_length_of_Address_field" time="22.826"/>
  <testcase classname="Test_Orgnization" name="Verify_that_an_organization_cannot_be_created_without_Address_field" time="22.606"/>
  <testcase classname="Test_Orgnization" name="Verify_that_an_organization_cannot_be_created_withmax_length_of_city_field" time="22.765"/>
  <testcase classname="Test_Orgnization" name="Verify_that_an_organization_cannot_be_created_without_enter_city_field" time="22.619"/>
  <testcase classname="Test_Orgnization" name="Verify_that_an_organization_cannot_be_created_with_an_minimum_length_of_pincode" time="22.982"/>
  <testcase classname="Test_Orgnization" name="Verify_that_an_organization_cannot_be_created_with_an_max_length_of_pincode" time="22.582"/>
  <testcase classname="Test_Orgnization" name="Verify_that_an_organization_cannot_be_created_without__pincode" time="22.385"/>
  <testcase classname="Test_Orgnization" name="Verify_that_an_organization_cannot_be_created_with_max_length_of_state" time="22.776"/>
  <testcase classname="Test_Orgnization" name="Verify_that_an_organization_cannot_be_created_with_using_undercurse_and_attherate_in_state" time="22.591"/>
  <testcase classname="Test_Orgnization" name="Verify_that_an_organization_cannot_be_created_without_enter_state" time="22.504"/>
  <testcase classname="Test_Orgnization" name="Verify_that_an_organization_cannot_be_created_without_selecting_refresh_time" time="22.506"/>
  <testcase classname="Test_Orgnization" name="Verify_that_an_organization_cannot_be_created_with_a_name_that_already_exists" time="22.664"/>
  <testcase classname="Test_Orgnization" name="Verify_that_an_organization_cannot_be_created_with_a_numeric_city_name" time="23.541"/>
  <testcase classname="Test_Orgnization" name="Ensure_that_the_organization_is_successfully_updated_with_valid_inputs_for_organization_name_GST_number_address" time="22.871"/>
  <testcase classname="Test_Orgnization" name="Ensure_that_the_organization_update_fails_when_the_organization_name_is_missing" time="22.132"/>
  <testcase classname="Test_Orgnization" name="Ensure_that_the_organization_update_fails_when_enter_special_char_in_orgname_field" time="22.151"/>
  <testcase classname="Test_Orgnization" name="Ensure_that_the_organization_update_fails_when_enter_min_length_of_orgname_field" time="22.145"/>
  <testcase classname="Test_Orgnization" name="Ensure_that_the_organization_update_fails_when_enter_max_length_of_orgname_field" time="22.212"/>
  <testcase classname="Test_Orgnization" name="Ensure_that_the_organization_update_fails_when_enter_special_char_in_GSTnumberfield" time="22.246"/>
  <testcase classname="Test_Orgnization" name="Ensure_that_the_organization_update_fails_when_enter_invalidGSTnumberfield" time="22.445"/>
  <testcase classname="Test_Orgnization" name="Ensure_that_the_organization_update_fails_without_enter_GSTnumberfield" time="22.244"/>
</testsuite> <!-- Test_Orgnization -->
