<?xml version="1.0" encoding="UTF-8"?>
<!-- Generated by org.testng.reporters.JUnitReportReporter -->
<testsuite hostname="DESKTOP-SPJ27N6" failures="0" tests="26" name="Test_Orgnization2" time="516.954" errors="0" timestamp="2024-10-15T21:19:57 IST" skipped="0">
  <testcase classname="Test_Orgnization2" name="Ensure_that_the_organization_update_fails_with_enter_max_length_of_GSTnumberfield" time="17.550"/>
  <testcase classname="Test_Orgnization2" name="Ensure_that_the_organization_update_fails_with_max_length_of_address_fields" time="22.365"/>
  <testcase classname="Test_Orgnization2" name="Ensure_that_the_organization_update_fails_without_address_fields" time="21.900"/>
  <testcase classname="Test_Orgnization2" name="Ensure_that_the_organization_update_fails_with_max_length_Of_city" time="22.228"/>
  <testcase classname="Test_Orgnization2" name="Ensure_that_the_organization_update_fails_without_enter_city" time="22.349"/>
  <testcase classname="Test_Orgnization2" name="Ensure_that_the_organization_update_fails_with_minimum_length_of_pincode" time="22.463"/>
  <testcase classname="Test_Orgnization2" name="Ensure_that_the_organization_update_fails_with_maximum_length_of_pincode" time="22.302"/>
  <testcase classname="Test_Orgnization2" name="Ensure_that_the_organization_update_fails_without_enter_pincode" time="22.278"/>
  <testcase classname="Test_Orgnization2" name="Ensure_that_the_organization_update_fails_with_max_length_of_state" time="22.271"/>
  <testcase classname="Test_Orgnization2" name="Ensure_that_the_organization_update_fails_with_using_undercurse_and_at_the_rate_in_state" time="22.443"/>
  <testcase classname="Test_Orgnization2" name="Ensure_that_the_organization_update_fails_withOut_enter_state" time="12.155"/>
  <testcase classname="Test_Orgnization2" name="Ensure_that_the_organization_update_fails_withOut_selecting_refresh_rate" time="22.204"/>
  <testcase classname="Test_Orgnization2" name="Verify_that_an_updateorganization_with_a_name_that_already_exists" time="23.057"/>
  <testcase classname="Test_Orgnization2" name="Verify_that_an_updateorganization_with_a_numeric_city" time="22.928"/>
  <testcase classname="Test_Orgnization2" name="Verify_that_an_updateorganization_without__city" time="22.119"/>
  <testcase classname="Test_Orgnization2" name="Verify_that_an_editorgnizationtext_in_update_orgnization_page" time="17.082"/>
  <testcase classname="Test_Orgnization2" name="Verify_that_an_editorgnization_page_and_click_on_cross_button" time="21.026"/>
  <testcase classname="Test_Orgnization2" name="Verify_that_orgnization_text_present_in_orgnizationpage" time="16.862"/>
  <testcase classname="Test_Orgnization2" name="Verify_that_update_orgnization_with_duplicate_GST_number" time="22.914"/>
  <testcase classname="Test_Orgnization2" name="Verify_that_to_check_sr_no_column_is_present_in_orgniozation_create_page" time="16.948"/>
  <testcase classname="Test_Orgnization2" name="Verify_that_to_check_orgnization_name_column_is_present_in_orgniozation_create_page" time="16.831"/>
  <testcase classname="Test_Orgnization2" name="Verify_that_to_check_city_columnname_is_present_in_orgniozation_create_page" time="16.878"/>
  <testcase classname="Test_Orgnization2" name="Verify_that_to_check_state_columnname_is_present_in_orgniozation_create_page" time="16.945"/>
  <testcase classname="Test_Orgnization2" name="Verify_that_to_check_action_columnname_is_present_in_orgniozation_create_page" time="16.988"/>
  <testcase classname="Test_Orgnization2" name="Verify_that_to_check_to_click_next_page_of_orgnization_page" time="16.923"/>
  <testcase classname="Test_Orgnization2" name="Verify_that_to_check_to_click_previous_page_of_orgnization_page" time="16.945"/>
</testsuite> <!-- Test_Orgnization2 -->
