<?xml version="1.0" encoding="UTF-8"?>
<!-- Generated by org.testng.reporters.JUnitReportReporter -->
<testsuite hostname="DESKTOP-SPJ27N6" failures="0" tests="30" name="Device_update_TC" time="778.917" errors="0" timestamp="2024-11-15T15:44:00 IST" skipped="0">
  <testcase classname="Device_update_TC" name="verify_that_to_update_device_and_enter_min_length_of_device_ID" time="36.890"/>
  <testcase classname="Device_update_TC" name="verify_that_to_update_device_and_enter_max_length_of_device_ID" time="18.068"/>
  <testcase classname="Device_update_TC" name="verify_that_to_update_device_and_take_deviceId_field_blank" time="17.946"/>
  <testcase classname="Device_update_TC" name="verify_that_to_update_device_and_enter_temp1_below_the_range" time="30.511"/>
  <testcase classname="Device_update_TC" name="verify_that_to_update_device_and_enter_maxtemp1_above_the_range" time="29.494"/>
  <testcase classname="Device_update_TC" name="verify_that_to_update_device_and_enter_alphabet_in_maxtemp1_field" time="26.383"/>
  <testcase classname="Device_update_TC" name="verify_that_to_update_device_without_enter_temp1" time="24.219"/>
  <testcase classname="Device_update_TC" name="verify_that_to_update_device_with_enter_special_char_in_temp1_field" time="26.372"/>
  <testcase classname="Device_update_TC" name="verify_that_to_update_device_with_enter_maxtemp2_below_the_range" time="26.363"/>
  <testcase classname="Device_update_TC" name="verify_that_to_update_device_with_enter_maxtemp2_above_the_range" time="26.210"/>
  <testcase classname="Device_update_TC" name="verify_that_to_update_device_with_enter_alphabet_in_temp2_field" time="26.228"/>
  <testcase classname="Device_update_TC" name="verify_that_to_update_device_without_enter_temp2_field" time="26.384"/>
  <testcase classname="Device_update_TC" name="verify_that_to_update_device_with_enter_special_char_in_temp2_field" time="23.217"/>
  <testcase classname="Device_update_TC" name="verify_that_to_update_device_with_maxtemp3_below_the_range" time="24.262"/>
  <testcase classname="Device_update_TC" name="verify_that_to_update_device_with_maxtemp3_above_the_range" time="24.226"/>
  <testcase classname="Device_update_TC" name="verify_that_to_update_device_with_enter_alphabet_in_maxtemp3_field" time="27.178"/>
  <testcase classname="Device_update_TC" name="verify_that_to_update_device_without_enter_maxtemp3" time="27.384"/>
  <testcase classname="Device_update_TC" name="verify_that_to_update_device_maxtemp3_with_special_char" time="27.291"/>
  <testcase classname="Device_update_TC" name="verify_that_to_update_device_with_below_range_of_the_maxpresser" time="27.322"/>
  <testcase classname="Device_update_TC" name="verify_that_to_update_device_with_above_range_of_the_maxpresser" time="27.270"/>
  <testcase classname="Device_update_TC" name="verify_that_to_update_device_with_enter_alphabet_in_maxtpresser_field" time="27.355"/>
  <testcase classname="Device_update_TC" name="verify_that_to_update_device_with0ut_enter_maxtpresser_field" time="27.345"/>
  <testcase classname="Device_update_TC" name="verify_that_to_update_device_with_enter_specialchar_in_maxtpresser_field" time="27.227"/>
  <testcase classname="Device_update_TC" name="verify_that_to_update_device_with_below_range_of_the_vibration" time="27.400"/>
  <testcase classname="Device_update_TC" name="verify_that_to_update_device_with_above_range_of_the_vibration" time="27.406"/>
  <testcase classname="Device_update_TC" name="verify_that_to_update_device_with_enter_alphabet_in_maxvibration_field" time="27.419"/>
  <testcase classname="Device_update_TC" name="verify_that_to_update_device_without_enter_maxvibration_field" time="27.193"/>
  <testcase classname="Device_update_TC" name="verify_that_to_update_device_with_enter_specialchar_in_maxvibration_field" time="27.190"/>
  <testcase classname="Device_update_TC" name="verify_that_to_clickon_update_device_and_click_on_cross_button_of_the_popup" time="16.723"/>
  <testcase classname="Device_update_TC" name="verify_to_check_clickon_update_device_and_check_the_text_ofthe_page" time="20.441"/>
</testsuite> <!-- Device_update_TC -->
