<?xml version="1.0" encoding="UTF-8"?>
<!-- Generated by org.testng.reporters.JUnitReportReporter -->
<testsuite hostname="DESKTOP-SPJ27N6" failures="0" tests="7" name="TesttipcoLogin" time="86.694" errors="0" timestamp="2024-10-15T19:39:32 IST" skipped="0">
  <testcase classname="TesttipcoLogin" name="Verify_that_not_able_to_Login_with_incorrect_password" time="12.107"/>
  <testcase classname="TesttipcoLogin" name="Verify_that_not_able_to_login_with_unregisterdmail" time="7.295"/>
  <testcase classname="TesttipcoLogin" name="Verify_to_signin_with_blank_mail_and_passwordfield" time="19.307"/>
  <testcase classname="TesttipcoLogin" name="Verify_to_login_with_validmail_and_blankpass" time="14.874"/>
  <testcase classname="TesttipcoLogin" name="verify_to_login_with_blankmail_and_valid_password" time="12.341"/>
  <testcase classname="TesttipcoLogin" name="Verify_to_login_with_invalidmail_and_password" time="11.471"/>
  <testcase classname="TesttipcoLogin" name="verify_to_login_with_valid_mail_and_Password" time="9.299"/>
</testsuite> <!-- TesttipcoLogin -->
