<?xml version="1.0" encoding="UTF-8"?>
<!-- Generated by org.testng.reporters.JUnitReportReporter -->
<testsuite hostname="DESKTOP-SPJ27N6" failures="0" tests="30" name="Test_Device" time="714.352" errors="0" timestamp="2024-10-04T15:29:41 IST" skipped="0">
  <testcase classname="Test_Device" name="Verify_that_the_Device_ID_field_is_unique_and_does_not_allow_duplicates" time="61.208"/>
  <testcase classname="Test_Device" name="Verify_to_check_the_Device_ID_with_special_characters" time="26.167"/>
  <testcase classname="Test_Device" name="Verify_to_check_the_Device_ID_with_spaces" time="26.255"/>
  <testcase classname="Test_Device" name="Verify_that_the_Device_ID_field_does_not_accept_with_minimum_length_of_2_characters" time="26.175"/>
  <testcase classname="Test_Device" name="Verify_that_the_Device_ID_field_does_not_accept_with_max_length" time="26.199"/>
  <testcase classname="Test_Device" name="Verify_that_the_Max_Temperature_1_field_accepts_numeric_values_between_1_to_100" time="26.060"/>
  <testcase classname="Test_Device" name="Verify_that_temp1_field_should_not_accept_alphabet" time="28.073"/>
  <testcase classname="Test_Device" name="Verify_that_temp1_field_take_blank" time="23.045"/>
  <testcase classname="Test_Device" name="Verify_that_the_Max_Temperature_2_field_does_not_accept_alphabetic_or_any_special_characters" time="23.104"/>
  <testcase classname="Test_Device" name="Verify_that_the_Max_Temperature_2_field_does_not_greater_than_100" time="23.110"/>
  <testcase classname="Test_Device" name="check_maxtemp3_field_does_not_accept_special_and_char" time="23.151"/>
  <testcase classname="Test_Device" name="check_maxtepm3_does_not_accept_greater_than_100" time="23.017"/>
  <testcase classname="Test_Device" name="check_maxtepm3_field_blank" time="23.190"/>
  <testcase classname="Test_Device" name="Verify_that_the_Max_Pressure_1_field_does_not_accept_alphabetic_or_any_speecial_characters" time="22.998"/>
  <testcase classname="Test_Device" name="Verify_that_the_Max_pressure_field_does_not_accept_values__greater_than_10" time="23.074"/>
  <testcase classname="Test_Device" name="Verify_that_the_Max_pressure_field_does_not_accept_values_less_than_1" time="22.933"/>
  <testcase classname="Test_Device" name="Verify_that_the_Max_pressure__field_take_blnak_and_see_error" time="23.010"/>
  <testcase classname="Test_Device" name="Verify_that_the_Max_vibration_field_does_not_accept_alphabetic_or_any_special_characters" time="20.109"/>
  <testcase classname="Test_Device" name="Verify_that_the_Max_vibration_field_does_not_accept_value_greater_than_10000" time="23.008"/>
  <testcase classname="Test_Device" name="Verify_that_the_Max_vibration_field_does_not_accept_value_less_than_1" time="25.015"/>
  <testcase classname="Test_Device" name="Verify_that_the_Max_vibration_field_take_blank_and_see_error_message" time="24.936"/>
  <testcase classname="Test_Device" name="Verify_that_the_Time_Zone_field_displays_a_dropdown_menu" time="21.824"/>
  <testcase classname="Test_Device" name="Verify_the_empty_field_of_Device_ID_is_not_saved_and_gets_valid_errormessage" time="22.914"/>
  <testcase classname="Test_Device" name="Verify_that_click_on_cross_button_and_close_the_popup" time="8.195"/>
  <testcase classname="Test_Device" name="Verify_that_the_text_of_Device_page" time="7.168"/>
  <testcase classname="Test_Device" name="Verify_that_clickon_submit_button_when_all_the_fields_are_blank" time="10.394"/>
  <testcase classname="Test_Device" name="Verify_the_deice_text_on_add_device_page" time="10.480"/>
  <testcase classname="Test_Device" name="Verify_to_create_Horizontalbead_mill_machine" time="31.893"/>
  <testcase classname="Test_Device" name="verify_to_create_twinsaftdisperser" time="25.886"/>
  <testcase classname="Test_Device" name="Verify_to_create_highspeed_disperser_machine" time="31.761"/>
</testsuite> <!-- Test_Device -->
