<?xml version="1.0" encoding="UTF-8"?>
<!-- Generated by org.testng.reporters.JUnitReportReporter -->
<testsuite hostname="DESKTOP-SPJ27N6" failures="0" tests="44" name="Dashboard_from_supervisor" time="755.266" errors="0" timestamp="2024-11-12T14:28:17 IST" skipped="0">
  <testcase classname="Dashboard_from_supervisor" name="Verify_that_select_Horizontal_bead_mill_machine_and_check_product_pump_motor_on_off" time="53.666"/>
  <testcase classname="Dashboard_from_supervisor" name="Verify_that_select_Horizontal_bead_mill_machine_and_check_product_pump_motor_RPM_is_displayed" time="16.907"/>
  <testcase classname="Dashboard_from_supervisor" name="Verify_that_select_Horizontal_bead_mill_machine_and_check_product_pump_motor_Last_of_off_time_isDisplayed" time="15.640"/>
  <testcase classname="Dashboard_from_supervisor" name="Verify_that_select_Horizontal_bead_mill_machine_and_check_product_pump_motor_Last_on_off_date_isDisplayed" time="15.508"/>
  <testcase classname="Dashboard_from_supervisor" name="Verify_that_select_Horizontal_bead_mill_machine_and_check_milli_motor_on_off" time="21.006"/>
  <testcase classname="Dashboard_from_supervisor" name="Verify_that_select_Horizontal_bead_mill_machine_and_check_milli_motor_RPM_is_displayed" time="15.467"/>
  <testcase classname="Dashboard_from_supervisor" name="Verify_that_select_Horizontal_bead_mill_machine_and_check_Milli_motor_Last_on_off_time_isDisplayed" time="26.227"/>
  <testcase classname="Dashboard_from_supervisor" name="Verify_that_select_Horizontal_bead_mill_machine_and_check_milli_motor_Last_on_off_date_isDisplayed" time="25.794"/>
  <testcase classname="Dashboard_from_supervisor" name="Verify_that_select_Horizontal_bead_mill_machine_and_check_coolant_motor_on_off" time="15.495"/>
  <testcase classname="Dashboard_from_supervisor" name="Verify_that_select_Horizontal_bead_mill_machine_and_check_coolant_motor_Last_on_off_time_isDisplayed" time="15.499"/>
  <testcase classname="Dashboard_from_supervisor" name="Verify_that_select_Horizontal_bead_mill_machine_and_check_coolant_motor_Last_on_off_date_isDisplayed" time="31.889"/>
  <testcase classname="Dashboard_from_supervisor" name="Verify_that_select_Horizontal_bead_mill_machine_and_check_horizontal_bead_mill_machine_isDisplayed" time="15.485"/>
  <testcase classname="Dashboard_from_supervisor" name="Verify_that_select_Horizontal_bead_mill_machine_and_check_temperature_isDisplayed" time="15.556"/>
  <testcase classname="Dashboard_from_supervisor" name="Verify_that_select_Horizontal_bead_mill_machine_and_check_pressure_isDisplayed" time="15.638"/>
  <testcase classname="Dashboard_from_supervisor" name="Verify_that_select_Horizontal_bead_mill_machine_and_check_vibration_isDisplayed" time="17.990"/>
  <testcase classname="Dashboard_from_supervisor" name="Verify_that_select_Horizontal_bead_mill_machine_and_check_weight_isDisplayed" time="17.820"/>
  <testcase classname="Dashboard_from_supervisor" name="Verify_that_select_twin_saft_disperser_machine_and_check_main_motor_on_off" time="18.947"/>
  <testcase classname="Dashboard_from_supervisor" name="Verify_that_select_twin_shaftdisperser_machine_and_check_main_motor_motor_RPM_is_displayed" time="13.913"/>
  <testcase classname="Dashboard_from_supervisor" name="Verify_that_select_twin_shaftdisperser_machine_and_check_main_motor_motor_Last_on_off_time_is_displayed" time="13.857"/>
  <testcase classname="Dashboard_from_supervisor" name="Verify_that_select_twin_shaftdisperser_machine_and_check_main_motor_motor_Last_on_off_date_is_displayed" time="13.810"/>
  <testcase classname="Dashboard_from_supervisor" name="Verify_that_select_twin_shaftdisperser_machine_and_check_scrapper_motor_on_off_is_displayed" time="13.890"/>
  <testcase classname="Dashboard_from_supervisor" name="Verify_that_select_twin_shaftdisperser_machine_and_check_scrapper_motor_RPM_is_displayed" time="14.049"/>
  <testcase classname="Dashboard_from_supervisor" name="Verify_that_select_twin_shaftdisperser_machine_and_check_scrapper_motor_last_on_off_time_is_displayed" time="14.605"/>
  <testcase classname="Dashboard_from_supervisor" name="Verify_that_select_twin_shaftdisperser_machine_and_check_scrapper_motor_last_on_off_date_is_displayed" time="14.184"/>
  <testcase classname="Dashboard_from_supervisor" name="Verify_that_select_twin_shaftdisperser_machine_and_check_hydraulic_motor__on_off_is_displayed" time="13.777"/>
  <testcase classname="Dashboard_from_supervisor" name="Verify_that_select_twin_shaftdisperser_machine_and_check_hydraulic_motor_Last_on_off__time_is_displayed" time="13.830"/>
  <testcase classname="Dashboard_from_supervisor" name="Verify_that_select_twin_shaftdisperser_machine_and_check_hydraulic_motor_Last_on_off_date_is_displayed" time="13.888"/>
  <testcase classname="Dashboard_from_supervisor" name="Verify_that_select_twin_shaftdisperser_machine_and_check_twin_shaft_disperser_machine_text_is_displayed" time="13.759"/>
  <testcase classname="Dashboard_from_supervisor" name="Verify_that_select_twin_shaftdisperser_machine_and_check_temperature1_is_displayed" time="13.828"/>
  <testcase classname="Dashboard_from_supervisor" name="Verify_that_select_twin_shaftdisperser_machine_and_check_temperature2_is_displayed" time="13.769"/>
  <testcase classname="Dashboard_from_supervisor" name="Verify_that_select_twin_shaftdisperser_machine_and_check_temperature3_is_displayed" time="13.874"/>
  <testcase classname="Dashboard_from_supervisor" name="Verify_that_select_twin_shaftdisperser_machine_and_check_vibration_is_displayed" time="13.800"/>
  <testcase classname="Dashboard_from_supervisor" name="Verify_that_select_twin_shaftdisperser_machine_and_check_weight_is_displayed" time="13.848"/>
  <testcase classname="Dashboard_from_supervisor" name="Verify_that_select_high_speed_disperser_machine_and_check_main_motor_on_off" time="17.904"/>
  <testcase classname="Dashboard_from_supervisor" name="Verify_that_select_high_speed_disperser_machine_and_check_the_main_motor_RPM_is_displayed" time="35.261"/>
  <testcase classname="Dashboard_from_supervisor" name="Verify_that_select_high_speed_disperser_machine_and_check_main_motor_Last_on_off_time" time="13.865"/>
  <testcase classname="Dashboard_from_supervisor" name="Verify_that_select_high_speed_disperser_machine_and_check_main_motor_Last_on_off_date" time="13.781"/>
  <testcase classname="Dashboard_from_supervisor" name="Verify_that_select_high_speed_disperser_machine_and_check_hydraulic_motor_on_off" time="13.873"/>
  <testcase classname="Dashboard_from_supervisor" name="Verify_that_select_high_speed_disperser_machine_and_check_hydraulic_motor_last_on_off_time" time="13.941"/>
  <testcase classname="Dashboard_from_supervisor" name="Verify_that_select_high_speed_disperser_machine_and_check_hydraulic_motor_last_on_off_date" time="14.017"/>
  <testcase classname="Dashboard_from_supervisor" name="Verify_that_select_high_speed_disperser_machine_and_check_the_text_of_high_speed_disperser_is_visible" time="13.937"/>
  <testcase classname="Dashboard_from_supervisor" name="Verify_that_select_high_speed_disperser_machine_and_check_the_temperature_is_visible" time="13.902"/>
  <testcase classname="Dashboard_from_supervisor" name="Verify_that_select_high_speed_disperser_machine_and_check_the_vibration_is_visible" time="13.808"/>
  <testcase classname="Dashboard_from_supervisor" name="Verify_that_select_high_speed_disperser_machine_and_check_the_weight_is_visible" time="13.762"/>
</testsuite> <!-- Dashboard_from_supervisor -->
