<?xml version="1.0" encoding="UTF-8"?>
<!-- Generated by org.testng.reporters.JUnitReportReporter -->
<testsuite hostname="DESKTOP-SPJ27N6" failures="1" tests="30" name="Device_update_from_supervisor" time="799.290" errors="0" timestamp="2024-10-16T10:44:22 IST" skipped="0">
  <testcase classname="Device_update_from_supervisor" name="verify_that_to_update_device_and_enter_min_length_of_device_ID" time="34.913"/>
  <testcase classname="Device_update_from_supervisor" name="verify_that_to_update_device_and_enter_max_length_of_device_ID" time="18.067"/>
  <testcase classname="Device_update_from_supervisor" name="verify_that_to_update_device_and_take_deviceId_field_blank" time="18.130"/>
  <testcase classname="Device_update_from_supervisor" name="verify_that_to_update_device_and_enter_temp1_below_the_range" time="30.369"/>
  <testcase classname="Device_update_from_supervisor" name="verify_that_to_update_device_and_enter_maxtemp1_above_the_range" time="29.536"/>
  <testcase classname="Device_update_from_supervisor" name="verify_that_to_update_device_and_enter_alphabet_in_maxtemp1_field" time="26.795"/>
  <testcase classname="Device_update_from_supervisor" name="verify_that_to_update_device_without_enter_temp1" time="24.674"/>
  <testcase classname="Device_update_from_supervisor" name="verify_that_to_update_device_with_enter_special_char_in_temp1_field" time="26.548"/>
  <testcase classname="Device_update_from_supervisor" name="verify_that_to_update_device_with_enter_maxtemp2_below_the_range" time="26.441"/>
  <testcase classname="Device_update_from_supervisor" name="verify_that_to_update_device_with_enter_maxtemp2_above_the_range" time="37.131"/>
  <testcase classname="Device_update_from_supervisor" name="verify_that_to_update_device_with_enter_alphabet_in_temp2_field" time="26.210"/>
  <testcase classname="Device_update_from_supervisor" name="verify_that_to_update_device_without_enter_temp2_field" time="26.313"/>
  <testcase classname="Device_update_from_supervisor" name="verify_that_to_update_device_with_enter_special_char_in_temp2_field" time="23.191"/>
  <testcase classname="Device_update_from_supervisor" name="verify_that_to_update_device_with_maxtemp3_below_the_range" time="24.272"/>
  <testcase classname="Device_update_from_supervisor" name="verify_that_to_update_device_with_maxtemp3_above_the_range" time="24.185"/>
  <testcase classname="Device_update_from_supervisor" name="verify_that_to_update_device_with_enter_alphabet_in_maxtemp3_field" time="27.150"/>
  <testcase classname="Device_update_from_supervisor" name="verify_that_to_update_device_without_enter_maxtemp3" time="37.956"/>
  <testcase classname="Device_update_from_supervisor" name="verify_that_to_update_device_maxtemp3_with_special_char" time="27.224"/>
  <testcase classname="Device_update_from_supervisor" name="verify_that_to_update_device_with_below_range_of_the_maxpresser" time="27.317"/>
  <testcase classname="Device_update_from_supervisor" name="verify_that_to_update_device_with_above_range_of_the_maxpresser" time="27.301"/>
  <testcase classname="Device_update_from_supervisor" name="verify_that_to_update_device_with_enter_alphabet_in_maxtpresser_field" time="27.291"/>
  <testcase classname="Device_update_from_supervisor" name="verify_that_to_update_device_with0ut_enter_maxtpresser_field" time="27.235"/>
  <testcase classname="Device_update_from_supervisor" name="verify_that_to_update_device_with_enter_specialchar_in_maxtpresser_field" time="27.234"/>
  <testcase classname="Device_update_from_supervisor" name="verify_that_to_update_device_with_below_range_of_the_vibration" time="27.301"/>
  <testcase classname="Device_update_from_supervisor" name="verify_that_to_update_device_with_above_range_of_the_vibration" time="27.517"/>
  <testcase classname="Device_update_from_supervisor" name="verify_that_to_update_device_with_enter_alphabet_in_maxvibration_field" time="27.267"/>
  <testcase classname="Device_update_from_supervisor" name="verify_that_to_update_device_without_enter_maxvibration_field" time="27.182">
    <failure message="The following asserts failed:
	Device creation message mismatch! expected [Max Vibration is requir] but found [Max Vibration is required]" type="java.lang.AssertionError">
      <![CDATA[java.lang.AssertionError: The following asserts failed:
Device creation message mismatch! expected [Max Vibration is requir] but found [Max Vibration is required]
at org.testng.asserts.SoftAssert.assertAll(SoftAssert.java:46)
at org.testng.asserts.SoftAssert.assertAll(SoftAssert.java:30)
at Device_update_from_supervisor.verify_that_to_update_device_without_enter_maxvibration_field(Device_update_from_supervisor.java:1151)
at java.base/jdk.internal.reflect.NativeMethodAccessorImpl.invoke0(Native Method)
at java.base/jdk.internal.reflect.NativeMethodAccessorImpl.invoke(NativeMethodAccessorImpl.java:77)
at java.base/jdk.internal.reflect.DelegatingMethodAccessorImpl.invoke(DelegatingMethodAccessorImpl.java:43)
at java.base/java.lang.reflect.Method.invoke(Method.java:568)
at org.testng.internal.invokers.MethodInvocationHelper.invokeMethod(MethodInvocationHelper.java:139)
at org.testng.internal.invokers.TestInvoker.invokeMethod(TestInvoker.java:664)
at org.testng.internal.invokers.TestInvoker.invokeTestMethod(TestInvoker.java:227)
at org.testng.internal.invokers.MethodRunner.runInSequence(MethodRunner.java:50)
at org.testng.internal.invokers.TestInvoker$MethodInvocationAgent.invoke(TestInvoker.java:957)
at org.testng.internal.invokers.TestInvoker.invokeTestMethods(TestInvoker.java:200)
at org.testng.internal.invokers.TestMethodWorker.invokeTestMethods(TestMethodWorker.java:148)
at org.testng.internal.invokers.TestMethodWorker.run(TestMethodWorker.java:128)
at java.base/java.util.ArrayList.forEach(ArrayList.java:1511)
at org.testng.TestRunner.privateRun(TestRunner.java:848)
at org.testng.TestRunner.run(TestRunner.java:621)
at org.testng.SuiteRunner.runTest(SuiteRunner.java:443)
at org.testng.SuiteRunner.runSequentially(SuiteRunner.java:437)
at org.testng.SuiteRunner.privateRun(SuiteRunner.java:397)
at org.testng.SuiteRunner.run(SuiteRunner.java:336)
at org.testng.SuiteRunnerWorker.runSuite(SuiteRunnerWorker.java:52)
at org.testng.SuiteRunnerWorker.run(SuiteRunnerWorker.java:95)
at org.testng.TestNG.runSuitesSequentially(TestNG.java:1280)
at org.testng.TestNG.runSuitesLocally(TestNG.java:1200)
at org.testng.TestNG.runSuites(TestNG.java:1114)
at org.testng.TestNG.run(TestNG.java:1082)
at org.testng.remote.AbstractRemoteTestNG.run(AbstractRemoteTestNG.java:115)
at org.testng.remote.RemoteTestNG.initAndRun(RemoteTestNG.java:251)
at org.testng.remote.RemoteTestNG.main(RemoteTestNG.java:77)
]]>
    </failure>
  </testcase> <!-- verify_that_to_update_device_without_enter_maxvibration_field -->
  <testcase classname="Device_update_from_supervisor" name="verify_that_to_update_device_with_enter_specialchar_in_maxvibration_field" time="27.151"/>
  <testcase classname="Device_update_from_supervisor" name="verify_that_to_clickon_update_device_and_click_on_cross_button_of_the_popup" time="16.818"/>
  <testcase classname="Device_update_from_supervisor" name="verify_to_check_clickon_update_device_and_check_the_text_ofthe_page" time="20.571"/>
</testsuite> <!-- Device_update_from_supervisor -->
