<?xml version="1.0" encoding="UTF-8"?>
<!-- Generated by org.testng.reporters.JUnitReportReporter -->
<testsuite hostname="DESKTOP-SPJ27N6" failures="0" tests="19" name="Edit_profile_from_supervisor" time="653.986" errors="0" timestamp="2024-11-29T11:33:11 IST" skipped="0">
  <testcase classname="Edit_profile_from_supervisor" name="Verify_to_check_edit_full_namefield_and_enter_max_length_of_fullname" time="47.877"/>
  <testcase classname="Edit_profile_from_supervisor" name="Verify_to_check_edit_full_namefield_and_enterMinimum_length_of_fullname" time="28.741"/>
  <testcase classname="Edit_profile_from_supervisor" name="Verify_to_check_edit_full_namefield_and_enter_special_charIn_fullname" time="38.908"/>
  <testcase classname="Edit_profile_from_supervisor" name="Verify_to_check_edit_full_namefield_and_enter_numericvalue_fullname" time="38.982"/>
  <testcase classname="Edit_profile_from_supervisor" name="Verify_to_check_edit_profile_without_fullname_field" time="39.072"/>
  <testcase classname="Edit_profile_from_supervisor" name="Verify_to_check_edit_profile_with_invalid_email_formate" time="37.049"/>
  <testcase classname="Edit_profile_from_supervisor" name="Verify_to_check_edit_profile_without_using_at_the_rate_in_name_field" time="36.372"/>
  <testcase classname="Edit_profile_from_supervisor" name="Verify_to_check_edit_profile_without_enter_email_field" time="36.259"/>
  <testcase classname="Edit_profile_from_supervisor" name="Verify_to_check_edit_profile_to_entermax_length_ofemail_field_more_than_50char" time="36.941"/>
  <testcase classname="Edit_profile_from_supervisor" name="Verify_to_check_edit_profile_to_enter_invalid_phoneNumber" time="36.359"/>
  <testcase classname="Edit_profile_from_supervisor" name="Verify_to_check_edit_profile_without_enter_phone_number" time="36.275"/>
  <testcase classname="Edit_profile_from_supervisor" name="Verify_to_close_popup_to_click_on_cross_button_of_the_popup" time="33.079"/>
  <testcase classname="Edit_profile_from_supervisor" name="Verify_to_check_select_other_country_code_and_enter_invalid_phone" time="39.399"/>
  <testcase classname="Edit_profile_from_supervisor" name="Verify_toupdate_profile_with_all_valid_data" time="33.657"/>
  <testcase classname="Edit_profile_from_supervisor" name="Verify_that_orgnization_field_is_disabled_in_update_profile_from_supervisor_side" time="33.298"/>
  <testcase classname="Edit_profile_from_supervisor" name="Verify_that_to_reset_password_without_enter_current_and_comfrim_password_field" time="25.625"/>
  <testcase classname="Edit_profile_from_supervisor" name="Verify_that_to_reset_password_with_newpassword_and_confirm_password_does_not_matched" time="32.096"/>
  <testcase classname="Edit_profile_from_supervisor" name="Verify_that_reset_password_to_enter_current_pasword_with_space" time="26.357"/>
  <testcase classname="Edit_profile_from_supervisor" name="Verify_to_check_edit_full_namefield_and_enter_valid_NAME" time="17.640"/>
</testsuite> <!-- Edit_profile_from_supervisor -->
