<?xml version="1.0" encoding="UTF-8"?>
<!-- Generated by org.testng.reporters.JUnitReportReporter -->
<testsuite hostname="DESKTOP-SPJ27N6" failures="0" tests="30" name="Device_update_from_supervisor" time="767.256" errors="0" timestamp="2024-11-25T13:14:34 IST" skipped="0">
  <testcase classname="Device_update_from_supervisor" name="verify_that_to_update_device_and_enter_min_length_of_device_ID" time="14.432"/>
  <testcase classname="Device_update_from_supervisor" name="verify_that_to_update_device_and_enter_max_length_of_device_ID" time="18.261"/>
  <testcase classname="Device_update_from_supervisor" name="verify_that_to_update_device_and_take_deviceId_field_blank" time="18.288"/>
  <testcase classname="Device_update_from_supervisor" name="verify_that_to_update_device_and_enter_temp1_below_the_range" time="31.273"/>
  <testcase classname="Device_update_from_supervisor" name="verify_that_to_update_device_and_enter_maxtemp1_above_the_range" time="30.426"/>
  <testcase classname="Device_update_from_supervisor" name="verify_that_to_update_device_and_enter_alphabet_in_maxtemp1_field" time="26.718"/>
  <testcase classname="Device_update_from_supervisor" name="verify_that_to_update_device_without_enter_temp1" time="24.289"/>
  <testcase classname="Device_update_from_supervisor" name="verify_that_to_update_device_with_enter_special_char_in_temp1_field" time="26.285"/>
  <testcase classname="Device_update_from_supervisor" name="verify_that_to_update_device_with_enter_maxtemp2_below_the_range" time="26.293"/>
  <testcase classname="Device_update_from_supervisor" name="verify_that_to_update_device_with_enter_maxtemp2_above_the_range" time="27.028"/>
  <testcase classname="Device_update_from_supervisor" name="verify_that_to_update_device_with_enter_alphabet_in_temp2_field" time="26.438"/>
  <testcase classname="Device_update_from_supervisor" name="verify_that_to_update_device_without_enter_temp2_field" time="26.237"/>
  <testcase classname="Device_update_from_supervisor" name="verify_that_to_update_device_with_enter_special_char_in_temp2_field" time="23.337"/>
  <testcase classname="Device_update_from_supervisor" name="verify_that_to_update_device_with_maxtemp3_below_the_range" time="24.659"/>
  <testcase classname="Device_update_from_supervisor" name="verify_that_to_update_device_with_maxtemp3_above_the_range" time="24.792"/>
  <testcase classname="Device_update_from_supervisor" name="verify_that_to_update_device_with_enter_alphabet_in_maxtemp3_field" time="27.825"/>
  <testcase classname="Device_update_from_supervisor" name="verify_that_to_update_device_without_enter_maxtemp3" time="27.907"/>
  <testcase classname="Device_update_from_supervisor" name="verify_that_to_update_device_maxtemp3_with_special_char" time="27.722"/>
  <testcase classname="Device_update_from_supervisor" name="verify_that_to_update_device_with_below_range_of_the_maxpresser" time="27.949"/>
  <testcase classname="Device_update_from_supervisor" name="verify_that_to_update_device_with_above_range_of_the_maxpresser" time="28.260"/>
  <testcase classname="Device_update_from_supervisor" name="verify_that_to_update_device_with_enter_alphabet_in_maxtpresser_field" time="28.209"/>
  <testcase classname="Device_update_from_supervisor" name="verify_that_to_update_device_with0ut_enter_maxtpresser_field" time="27.923"/>
  <testcase classname="Device_update_from_supervisor" name="verify_that_to_update_device_with_enter_specialchar_in_maxtpresser_field" time="27.323"/>
  <testcase classname="Device_update_from_supervisor" name="verify_that_to_update_device_with_below_range_of_the_vibration" time="27.402"/>
  <testcase classname="Device_update_from_supervisor" name="verify_that_to_update_device_with_above_range_of_the_vibration" time="27.186"/>
  <testcase classname="Device_update_from_supervisor" name="verify_that_to_update_device_with_enter_alphabet_in_maxvibration_field" time="28.112"/>
  <testcase classname="Device_update_from_supervisor" name="verify_that_to_update_device_without_enter_maxvibration_field" time="27.412"/>
  <testcase classname="Device_update_from_supervisor" name="verify_that_to_update_device_with_enter_specialchar_in_maxvibration_field" time="27.441"/>
  <testcase classname="Device_update_from_supervisor" name="verify_that_to_clickon_update_device_and_click_on_cross_button_of_the_popup" time="16.815"/>
  <testcase classname="Device_update_from_supervisor" name="verify_to_check_clickon_update_device_and_check_the_text_ofthe_page" time="21.014"/>
</testsuite> <!-- Device_update_from_supervisor -->
