<?xml version="1.0" encoding="UTF-8"?>
<!-- Generated by org.testng.reporters.JUnitReportReporter -->
<testsuite hostname="DESKTOP-SPJ27N6" failures="0" tests="30" name="Device_update_TC" time="795.441" errors="0" timestamp="2024-11-29T12:31:45 IST" skipped="0">
  <testcase classname="Device_update_TC" name="verify_that_to_update_device_and_enter_min_length_of_device_ID" time="37.560"/>
  <testcase classname="Device_update_TC" name="verify_that_to_update_device_and_enter_max_length_of_device_ID" time="18.276"/>
  <testcase classname="Device_update_TC" name="verify_that_to_update_device_and_take_deviceId_field_blank" time="18.253"/>
  <testcase classname="Device_update_TC" name="verify_that_to_update_device_and_enter_temp1_below_the_range" time="31.309"/>
  <testcase classname="Device_update_TC" name="verify_that_to_update_device_and_enter_maxtemp1_above_the_range" time="29.939"/>
  <testcase classname="Device_update_TC" name="verify_that_to_update_device_and_enter_alphabet_in_maxtemp1_field" time="27.107"/>
  <testcase classname="Device_update_TC" name="verify_that_to_update_device_without_enter_temp1" time="25.062"/>
  <testcase classname="Device_update_TC" name="verify_that_to_update_device_with_enter_special_char_in_temp1_field" time="27.284"/>
  <testcase classname="Device_update_TC" name="verify_that_to_update_device_with_enter_maxtemp2_below_the_range" time="27.199"/>
  <testcase classname="Device_update_TC" name="verify_that_to_update_device_with_enter_maxtemp2_above_the_range" time="26.820"/>
  <testcase classname="Device_update_TC" name="verify_that_to_update_device_with_enter_alphabet_in_temp2_field" time="27.239"/>
  <testcase classname="Device_update_TC" name="verify_that_to_update_device_without_enter_temp2_field" time="27.096"/>
  <testcase classname="Device_update_TC" name="verify_that_to_update_device_with_enter_special_char_in_temp2_field" time="24.193"/>
  <testcase classname="Device_update_TC" name="verify_that_to_update_device_with_maxtemp3_below_the_range" time="25.114"/>
  <testcase classname="Device_update_TC" name="verify_that_to_update_device_with_maxtemp3_above_the_range" time="24.862"/>
  <testcase classname="Device_update_TC" name="verify_that_to_update_device_with_enter_alphabet_in_maxtemp3_field" time="28.206"/>
  <testcase classname="Device_update_TC" name="verify_that_to_update_device_without_enter_maxtemp3" time="27.998"/>
  <testcase classname="Device_update_TC" name="verify_that_to_update_device_maxtemp3_with_special_char" time="27.646"/>
  <testcase classname="Device_update_TC" name="verify_that_to_update_device_with_below_range_of_the_maxpresser" time="28.025"/>
  <testcase classname="Device_update_TC" name="verify_that_to_update_device_with_above_range_of_the_maxpresser" time="28.080"/>
  <testcase classname="Device_update_TC" name="verify_that_to_update_device_with_enter_alphabet_in_maxtpresser_field" time="27.465"/>
  <testcase classname="Device_update_TC" name="verify_that_to_update_device_with0ut_enter_maxtpresser_field" time="27.172"/>
  <testcase classname="Device_update_TC" name="verify_that_to_update_device_with_enter_specialchar_in_maxtpresser_field" time="27.685"/>
  <testcase classname="Device_update_TC" name="verify_that_to_update_device_with_below_range_of_the_vibration" time="27.702"/>
  <testcase classname="Device_update_TC" name="verify_that_to_update_device_with_above_range_of_the_vibration" time="27.791"/>
  <testcase classname="Device_update_TC" name="verify_that_to_update_device_with_enter_alphabet_in_maxvibration_field" time="27.549"/>
  <testcase classname="Device_update_TC" name="verify_that_to_update_device_without_enter_maxvibration_field" time="27.789"/>
  <testcase classname="Device_update_TC" name="verify_that_to_update_device_with_enter_specialchar_in_maxvibration_field" time="27.702"/>
  <testcase classname="Device_update_TC" name="verify_that_to_clickon_update_device_and_click_on_cross_button_of_the_popup" time="16.746"/>
  <testcase classname="Device_update_TC" name="verify_to_check_clickon_update_device_and_check_the_text_ofthe_page" time="20.572"/>
</testsuite> <!-- Device_update_TC -->
