<?xml version="1.0" encoding="UTF-8"?>
<!-- Generated by org.testng.reporters.JUnitReportReporter -->
<testsuite hostname="DESKTOP-SPJ27N6" failures="0" tests="26" name="Test_Orgnization2" time="545.070" errors="0" timestamp="2024-10-17T15:37:55 IST" skipped="0">
  <testcase classname="Test_Orgnization2" name="Ensure_that_the_organization_update_fails_with_enter_max_length_of_GSTnumberfield" time="38.005"/>
  <testcase classname="Test_Orgnization2" name="Ensure_that_the_organization_update_fails_with_max_length_of_address_fields" time="22.270"/>
  <testcase classname="Test_Orgnization2" name="Ensure_that_the_organization_update_fails_without_address_fields" time="21.995"/>
  <testcase classname="Test_Orgnization2" name="Ensure_that_the_organization_update_fails_with_max_length_Of_city" time="22.332"/>
  <testcase classname="Test_Orgnization2" name="Ensure_that_the_organization_update_fails_without_enter_city" time="22.042"/>
  <testcase classname="Test_Orgnization2" name="Ensure_that_the_organization_update_fails_with_minimum_length_of_pincode" time="22.257"/>
  <testcase classname="Test_Orgnization2" name="Ensure_that_the_organization_update_fails_with_maximum_length_of_pincode" time="22.064"/>
  <testcase classname="Test_Orgnization2" name="Ensure_that_the_organization_update_fails_without_enter_pincode" time="22.035"/>
  <testcase classname="Test_Orgnization2" name="Ensure_that_the_organization_update_fails_with_max_length_of_state" time="22.238"/>
  <testcase classname="Test_Orgnization2" name="Ensure_that_the_organization_update_fails_with_using_undercurse_and_at_the_rate_in_state" time="22.041"/>
  <testcase classname="Test_Orgnization2" name="Ensure_that_the_organization_update_fails_withOut_enter_state" time="22.027"/>
  <testcase classname="Test_Orgnization2" name="Ensure_that_the_organization_update_fails_withOut_selecting_refresh_rate" time="22.204"/>
  <testcase classname="Test_Orgnization2" name="Verify_that_an_updateorganization_with_a_name_that_already_exists" time="22.750"/>
  <testcase classname="Test_Orgnization2" name="Verify_that_an_updateorganization_with_a_numeric_city" time="22.799"/>
  <testcase classname="Test_Orgnization2" name="Verify_that_an_updateorganization_without__city" time="22.080"/>
  <testcase classname="Test_Orgnization2" name="Verify_that_an_editorgnizationtext_in_update_orgnization_page" time="16.954"/>
  <testcase classname="Test_Orgnization2" name="Verify_that_an_editorgnization_page_and_click_on_cross_button" time="20.974"/>
  <testcase classname="Test_Orgnization2" name="Verify_that_orgnization_text_present_in_orgnizationpage" time="16.785"/>
  <testcase classname="Test_Orgnization2" name="Verify_that_update_orgnization_with_duplicate_GST_number" time="22.671"/>
  <testcase classname="Test_Orgnization2" name="Verify_that_to_check_sr_no_column_is_present_in_orgniozation_create_page" time="16.800"/>
  <testcase classname="Test_Orgnization2" name="Verify_that_to_check_orgnization_name_column_is_present_in_orgniozation_create_page" time="17.563"/>
  <testcase classname="Test_Orgnization2" name="Verify_that_to_check_city_columnname_is_present_in_orgniozation_create_page" time="16.969"/>
  <testcase classname="Test_Orgnization2" name="Verify_that_to_check_state_columnname_is_present_in_orgniozation_create_page" time="16.777"/>
  <testcase classname="Test_Orgnization2" name="Verify_that_to_check_action_columnname_is_present_in_orgniozation_create_page" time="16.770"/>
  <testcase classname="Test_Orgnization2" name="Verify_that_to_check_to_click_next_page_of_orgnization_page" time="16.870"/>
  <testcase classname="Test_Orgnization2" name="Verify_that_to_check_to_click_previous_page_of_orgnization_page" time="16.798"/>
</testsuite> <!-- Test_Orgnization2 -->
