<?xml version="1.0" encoding="UTF-8"?>
<!-- Generated by org.testng.reporters.JUnitReportReporter -->
<testsuite hostname="DESKTOP-SPJ27N6" failures="1" tests="21" name="Edit_profile_from_supervisor" time="743.986" errors="0" timestamp="2024-10-28T16:21:27 IST" skipped="0">
  <testcase classname="Edit_profile_from_supervisor" name="Verify_to_check_edit_full_namefield_and_enter_max_length_of_fullname" time="48.087"/>
  <testcase classname="Edit_profile_from_supervisor" name="Verify_to_check_edit_full_namefield_and_enterMinimum_length_of_fullname" time="38.851"/>
  <testcase classname="Edit_profile_from_supervisor" name="Verify_to_check_edit_full_namefield_and_enter_special_charIn_fullname" time="38.589"/>
  <testcase classname="Edit_profile_from_supervisor" name="Verify_to_check_edit_full_namefield_and_enter_numericvalue_fullname" time="38.654"/>
  <testcase classname="Edit_profile_from_supervisor" name="Verify_to_check_edit_profile_without_fullname_field" time="58.541"/>
  <testcase classname="Edit_profile_from_supervisor" name="Verify_to_check_edit_profile_with_invalid_email_formate" time="40.850"/>
  <testcase classname="Edit_profile_from_supervisor" name="Verify_to_check_edit_profile_without_using_at_the_rate_in_name_field" time="36.691"/>
  <testcase classname="Edit_profile_from_supervisor" name="Verify_to_check_edit_profile_without_enter_email_field" time="36.331"/>
  <testcase classname="Edit_profile_from_supervisor" name="Verify_to_check_edit_profile_to_entermax_length_ofemail_field_more_than_50char" time="37.468"/>
  <testcase classname="Edit_profile_from_supervisor" name="Verify_to_check_edit_profile_to_enter_invalid_phoneNumber" time="36.473"/>
  <testcase classname="Edit_profile_from_supervisor" name="Verify_to_check_edit_profile_without_enter_phone_number" time="36.236"/>
  <testcase classname="Edit_profile_from_supervisor" name="Verify_to_close_popup_to_click_on_cross_button_of_the_popup" time="33.455"/>
  <testcase classname="Edit_profile_from_supervisor" name="Verify_to_check_select_other_country_code_and_enter_invalid_phone" time="39.894"/>
  <testcase classname="Edit_profile_from_supervisor" name="Verify_toupdate_profile_with_all_valid_data" time="34.194"/>
  <testcase classname="Edit_profile_from_supervisor" name="Verify_that_orgnization_field_is_disabled_in_update_profile_from_supervisor_side" time="33.372"/>
  <testcase classname="Edit_profile_from_supervisor" name="Verify_that_to_reset_password_without_enter_current_and_comfrim_password_field" time="25.631"/>
  <testcase classname="Edit_profile_from_supervisor" name="Verify_that_to_enter_wrong_current_password_and_try_to_reset" time="30.578"/>
  <testcase classname="Edit_profile_from_supervisor" name="Verify_that_to_reset_password_with_newpassword_and_confirm_password_does_not_matched" time="30.361">
    <failure message="The following asserts failed:
	Profile update message mismatch expected [Current password and new password cannot be the same] but found [Password and confirm password does not match]" type="java.lang.AssertionError">
      <![CDATA[java.lang.AssertionError: The following asserts failed:
Profile update message mismatch expected [Current password and new password cannot be the same] but found [Password and confirm password does not match]
at org.testng.asserts.SoftAssert.assertAll(SoftAssert.java:46)
at org.testng.asserts.SoftAssert.assertAll(SoftAssert.java:30)
at Edit_profile_from_supervisor.Verify_that_to_reset_password_with_newpassword_and_confirm_password_does_not_matched(Edit_profile_from_supervisor.java:729)
at java.base/jdk.internal.reflect.NativeMethodAccessorImpl.invoke0(Native Method)
at java.base/jdk.internal.reflect.NativeMethodAccessorImpl.invoke(NativeMethodAccessorImpl.java:77)
at java.base/jdk.internal.reflect.DelegatingMethodAccessorImpl.invoke(DelegatingMethodAccessorImpl.java:43)
at java.base/java.lang.reflect.Method.invoke(Method.java:568)
at org.testng.internal.invokers.MethodInvocationHelper.invokeMethod(MethodInvocationHelper.java:139)
at org.testng.internal.invokers.TestInvoker.invokeMethod(TestInvoker.java:664)
at org.testng.internal.invokers.TestInvoker.invokeTestMethod(TestInvoker.java:227)
at org.testng.internal.invokers.MethodRunner.runInSequence(MethodRunner.java:50)
at org.testng.internal.invokers.TestInvoker$MethodInvocationAgent.invoke(TestInvoker.java:957)
at org.testng.internal.invokers.TestInvoker.invokeTestMethods(TestInvoker.java:200)
at org.testng.internal.invokers.TestMethodWorker.invokeTestMethods(TestMethodWorker.java:148)
at org.testng.internal.invokers.TestMethodWorker.run(TestMethodWorker.java:128)
at java.base/java.util.ArrayList.forEach(ArrayList.java:1511)
at org.testng.TestRunner.privateRun(TestRunner.java:848)
at org.testng.TestRunner.run(TestRunner.java:621)
at org.testng.SuiteRunner.runTest(SuiteRunner.java:443)
at org.testng.SuiteRunner.runSequentially(SuiteRunner.java:437)
at org.testng.SuiteRunner.privateRun(SuiteRunner.java:397)
at org.testng.SuiteRunner.run(SuiteRunner.java:336)
at org.testng.SuiteRunnerWorker.runSuite(SuiteRunnerWorker.java:52)
at org.testng.SuiteRunnerWorker.run(SuiteRunnerWorker.java:95)
at org.testng.TestNG.runSuitesSequentially(TestNG.java:1280)
at org.testng.TestNG.runSuitesLocally(TestNG.java:1200)
at org.testng.TestNG.runSuites(TestNG.java:1114)
at org.testng.TestNG.run(TestNG.java:1082)
at org.testng.remote.AbstractRemoteTestNG.run(AbstractRemoteTestNG.java:115)
at org.testng.remote.RemoteTestNG.initAndRun(RemoteTestNG.java:251)
at org.testng.remote.RemoteTestNG.main(RemoteTestNG.java:77)
]]>
    </failure>
  </testcase> <!-- Verify_that_to_reset_password_with_newpassword_and_confirm_password_does_not_matched -->
  <testcase classname="Edit_profile_from_supervisor" name="Verify_that_reset_password_to_enter_current_pasword_with_space" time="26.123"/>
  <testcase classname="Edit_profile_from_supervisor" name="Verify_that_to_reset_password_to_enter_current_pasword_and_newPassword_are_same" time="30.443"/>
  <testcase classname="Edit_profile_from_supervisor" name="Verify_to_check_edit_full_namefield_and_enter_valid_NAME" time="13.164"/>
</testsuite> <!-- Edit_profile_from_supervisor -->
