<?xml version="1.0" encoding="UTF-8"?>
<!-- Generated by org.testng.reporters.JUnitReportReporter -->
<testsuite hostname="DESKTOP-SPJ27N6" failures="0" tests="19" name="Device_TC" time="351.315" errors="0" timestamp="2024-10-15T20:38:36 IST" skipped="0">
  <testcase classname="Device_TC" name="Verify_to_check_click_on_update_and_click_on_submit_button" time="18.262"/>
  <testcase classname="Device_TC" name="Verify_and_check_to_update_devicezone_by_selecting_other_country_from_dropdown" time="28.316"/>
  <testcase classname="Device_TC" name="Verify_and_check_to_type_on_timezone_field_and_select_from_list_box" time="31.664"/>
  <testcase classname="Device_TC" name="Verify_and_check_to_type_on_timezone_field_but_the_country_are_not_present_in_dropbox" time="31.283"/>
  <testcase classname="Device_TC" name="Verify_and_check_orgnization_field_disable_in_update_form" time="21.358"/>
  <testcase classname="Device_TC" name="Verify_to_check_clear_all_fields_and_click_on_submit_in_update_form" time="25.618"/>
  <testcase classname="Device_TC" name="Verify_to_check_tipco_logo_is_visible_or_not_in_device_create_page" time="13.153"/>
  <testcase classname="Device_TC" name="Verify_to_check_and_click_next_page_of_the_device_page" time="3.155"/>
  <testcase classname="Device_TC" name="Verify_to_check_sr_number_column_of_the_device_in_device_page" time="13.760"/>
  <testcase classname="Device_TC" name="Verify_to_check_and_click_prvious_pagebutton_of_the_device_page" time="13.313"/>
  <testcase classname="Device_TC" name="Verify_to_check_devicwID_column_of_the_device_in_device_page" time="13.706"/>
  <testcase classname="Device_TC" name="Verify_to_check_devicetype_column_of_the_device_in_device_page" time="13.192"/>
  <testcase classname="Device_TC" name="Verify_to_check_Organization_Namecolumn_of_the_device_in_device_page" time="13.164"/>
  <testcase classname="Device_TC" name="Verify_to_check_Action_column_of_the_device_in_device_page" time="13.166"/>
  <testcase classname="Device_TC" name="Verify_to_check_selected_option_of_zone_in_update_form_is_visible" time="20.624"/>
  <testcase classname="Device_TC" name="Verify_to_check_selected_option_of_devicetype_in_update_form_is_visible" time="20.919"/>
  <testcase classname="Device_TC" name="Verify_to_check_selected_orgnization_should_not_change_in_update" time="20.854"/>
  <testcase classname="Device_TC" name="Verify_to_check_click_on_any_intermediate_page_of_device_page" time="17.885"/>
  <testcase classname="Device_TC" name="Verify_that_the_total_number_of_pages_is_displayed_correctly" time="17.923"/>
</testsuite> <!-- Device_TC -->
