<?xml version="1.0" encoding="UTF-8"?>
<!-- Generated by org.testng.reporters.JUnitReportReporter -->
<testsuite hostname="DESKTOP-SPJ27N6" failures="0" tests="7" name="TesttipcoLogin" time="99.909" errors="0" timestamp="2024-09-26T20:08:45 IST" skipped="0">
  <testcase classname="TesttipcoLogin" name="Verify_that_not_able_to_Login_with_incorrect_password" time="11.891"/>
  <testcase classname="TesttipcoLogin" name="Verify_that_not_able_to_login_with_unregisterdmail" time="7.084"/>
  <testcase classname="TesttipcoLogin" name="Verify_to_signin_with_blank_mail_and_passwordfield" time="19.245"/>
  <testcase classname="TesttipcoLogin" name="Verify_to_login_with_validmail_and_blankpass" time="14.588"/>
  <testcase classname="TesttipcoLogin" name="verify_to_login_with_blankmail_and_valid_password" time="12.329"/>
  <testcase classname="TesttipcoLogin" name="Verify_to_login_with_invalidmail_and_password" time="11.399"/>
  <testcase classname="TesttipcoLogin" name="verify_to_login_with_valid_mail_and_Password" time="23.373"/>
</testsuite> <!-- TesttipcoLogin -->
