<?xml version="1.0" encoding="UTF-8"?>
<!-- Generated by org.testng.reporters.JUnitReportReporter -->
<testsuite hostname="DESKTOP-SPJ27N6" failures="0" tests="3" name="Test_Device" time="91.519" errors="0" timestamp="2024-09-26T20:34:45 IST" skipped="0">
  <testcase classname="Test_Device" name="Verify_to_create_Horizontalbead_mill_machine" time="33.493"/>
  <testcase classname="Test_Device" name="verify_to_create_twinsaftdisperser" time="25.905"/>
  <testcase classname="Test_Device" name="Verify_to_create_highspeed_disperser_machine" time="32.121"/>
</testsuite> <!-- Test_Device -->
