<?xml version="1.0" encoding="UTF-8"?>
<!-- Generated by org.testng.reporters.JUnitReportReporter -->
<testsuite hostname="DESKTOP-SPJ27N6" failures="0" tests="19" name="Device_TC" time="457.632" errors="0" timestamp="2024-11-22T12:48:58 IST" skipped="0">
  <testcase classname="Device_TC" name="Verify_to_check_click_on_update_and_click_on_submit_button" time="61.757"/>
  <testcase classname="Device_TC" name="Verify_and_check_to_update_devicezone_by_selecting_other_country_from_dropdown" time="28.199"/>
  <testcase classname="Device_TC" name="Verify_and_check_to_type_on_timezone_field_and_select_from_list_box" time="35.987"/>
  <testcase classname="Device_TC" name="Verify_and_check_to_type_on_timezone_field_but_the_country_are_not_present_in_dropbox" time="31.099"/>
  <testcase classname="Device_TC" name="Verify_and_check_orgnization_field_disable_in_update_form" time="21.496"/>
  <testcase classname="Device_TC" name="Verify_to_check_clear_all_fields_and_click_on_submit_in_update_form" time="26.022"/>
  <testcase classname="Device_TC" name="Verify_to_check_tipco_logo_is_visible_or_not_in_device_create_page" time="13.162"/>
  <testcase classname="Device_TC" name="Verify_to_check_and_click_next_page_of_the_device_page" time="3.319"/>
  <testcase classname="Device_TC" name="Verify_to_check_sr_number_column_of_the_device_in_device_page" time="14.831"/>
  <testcase classname="Device_TC" name="Verify_to_check_and_click_prvious_pagebutton_of_the_device_page" time="13.297"/>
  <testcase classname="Device_TC" name="Verify_to_check_devicwID_column_of_the_device_in_device_page" time="16.502"/>
  <testcase classname="Device_TC" name="Verify_to_check_devicetype_column_of_the_device_in_device_page" time="13.152"/>
  <testcase classname="Device_TC" name="Verify_to_check_Organization_Namecolumn_of_the_device_in_device_page" time="13.127"/>
  <testcase classname="Device_TC" name="Verify_to_check_Action_column_of_the_device_in_device_page" time="13.099"/>
  <testcase classname="Device_TC" name="Verify_to_check_selected_option_of_zone_in_update_form_is_visible" time="20.398"/>
  <testcase classname="Device_TC" name="Verify_to_check_selected_option_of_devicetype_in_update_form_is_visible" time="32.552"/>
  <testcase classname="Device_TC" name="Verify_to_check_selected_orgnization_should_not_change_in_update" time="20.795"/>
  <testcase classname="Device_TC" name="Verify_to_check_click_on_any_intermediate_page_of_device_page" time="45.617"/>
  <testcase classname="Device_TC" name="Verify_that_the_total_number_of_pages_is_displayed_correctly" time="33.221"/>
</testsuite> <!-- Device_TC -->
