<?xml version="1.0" encoding="UTF-8"?>
<!-- Generated by org.testng.reporters.JUnitReportReporter -->
<testsuite hostname="DESKTOP-SPJ27N6" failures="0" tests="30" name="Test_Device" time="635.572" errors="0" timestamp="2024-11-22T12:48:58 IST" skipped="0">
  <testcase classname="Test_Device" name="Verify_that_the_Device_ID_field_is_unique_and_does_not_allow_duplicates" time="38.085"/>
  <testcase classname="Test_Device" name="Verify_to_check__Device_ID_Field_with_special_characters" time="21.499"/>
  <testcase classname="Test_Device" name="Verify_to_check__Device_IDfield_with_spaces" time="25.748"/>
  <testcase classname="Test_Device" name="Verify_that_the_Device_ID_field_does_not_accept_with_minimum_length_of_2_characters" time="21.553"/>
  <testcase classname="Test_Device" name="Verify_that_the_Device_ID_field_does_not_accept_with_max_length" time="21.583"/>
  <testcase classname="Test_Device" name="Verify_that_the_Max_Temperature_1_field_accepts_numeric_values_between_1_to_100" time="20.477"/>
  <testcase classname="Test_Device" name="Verify_that_temp1_field_should_not_accept_alphabet" time="25.650"/>
  <testcase classname="Test_Device" name="Verify_that_temp1_field_take_blank_and_see_the_error_message" time="31.026"/>
  <testcase classname="Test_Device" name="Verify_that_the_Max_Temperature_2_field_does_not_accept_alphabetic_or_any_special_characters" time="35.632"/>
  <testcase classname="Test_Device" name="Verify_that_the_Max_Temperature_2_field_does_not_greater_than_100" time="20.669"/>
  <testcase classname="Test_Device" name="check_maxtemp3_field_does_not_accept_special_char" time="20.555"/>
  <testcase classname="Test_Device" name="check_maxtepm3_does_not_accept_greater_than_100" time="20.538"/>
  <testcase classname="Test_Device" name="check_to_create_device_with_maxtepm3_field_is_blank" time="20.523"/>
  <testcase classname="Test_Device" name="Verify_that_the_Max_Pressure_1_field_does_not_accept_alphabetic_or_any_speecial_characters" time="20.543"/>
  <testcase classname="Test_Device" name="Verify_that_the_Max_pressure_field_does_not_accept_values__greater_than_10" time="20.499"/>
  <testcase classname="Test_Device" name="Verify_that_the_Max_pressure_field_does_not_accept_values_less_than_1" time="20.526"/>
  <testcase classname="Test_Device" name="Verify_that_the_Max_pressure__field_take_blnak_and_see_error" time="20.414"/>
  <testcase classname="Test_Device" name="Verify_that_the_Max_vibration_field_does_not_accept_alphabetic_or_any_special_characters" time="20.480"/>
  <testcase classname="Test_Device" name="Verify_that_the_Max_vibration_field_does_not_accept_value_greater_than_10000" time="20.509"/>
  <testcase classname="Test_Device" name="Verify_that_the_Max_vibration_field_does_not_accept_value_less_than_1" time="20.556"/>
  <testcase classname="Test_Device" name="Verify_that_the_Max_vibration_field_take_blank_and_see_error_message" time="20.439"/>
  <testcase classname="Test_Device" name="Verify_that_the_Time_Zone_field_displays_a_dropdown_menu" time="15.181"/>
  <testcase classname="Test_Device" name="Verify_the_empty_field_of_Device_ID_is_not_saved_and_gets_valid_errormessage" time="20.432"/>
  <testcase classname="Test_Device" name="Verify_that_click_on_cross_button_and_close_the_popup" time="10.780"/>
  <testcase classname="Test_Device" name="Verify_that_the_text_of_Device_page" time="4.223"/>
  <testcase classname="Test_Device" name="Verify_that_clickon_submit_button_when_all_the_fields_are_blank" time="15.654"/>
  <testcase classname="Test_Device" name="Verify_the_deice_text_on_add_device_page" time="14.947"/>
  <testcase classname="Test_Device" name="Verify_to_create_Horizontalbead_mill_machine" time="22.286"/>
  <testcase classname="Test_Device" name="verify_to_create_twinsaftdisperser" time="22.404"/>
  <testcase classname="Test_Device" name="Verify_to_create_highspeed_disperser_machine" time="22.161"/>
</testsuite> <!-- Test_Device -->
