<?xml version="1.0" encoding="UTF-8"?>
<!-- Generated by org.testng.reporters.JUnitReportReporter -->
<testsuite hostname="DESKTOP-SPJ27N6" failures="0" tests="32" name="Test_Supervisor" time="770.916" errors="0" timestamp="2024-10-24T12:42:42 IST" skipped="0">
  <testcase classname="Test_Supervisor" name="verify_that_createSupervisor_with_invalid_email" time="25.148"/>
  <testcase classname="Test_Supervisor" name="Verify_that_the_full_name_field_does_not_accept_numeric_or_special_characters_accept_only_character" time="27.733"/>
  <testcase classname="Test_Supervisor" name="Verify_that_the_email_field_is_mandatory_and_displays_an_error_message_when_left_empty" time="29.370"/>
  <testcase classname="Test_Supervisor" name="Verify_that_the_full_name_field_is_mandatory_and_displays_an_error_message_when_left_empty" time="27.346"/>
  <testcase classname="Test_Supervisor" name="Verify_that_the_mobile_number_field_does_not_accept_alphabetic_or_special_characters" time="26.446"/>
  <testcase classname="Test_Supervisor" name="Verify_that_the_mobile_number_field_accepts_different_formats_based_on_the_selected_country_code" time="48.985"/>
  <testcase classname="Test_Supervisor" name="Verify_that_the_user_can_type_in_the_mobile_number_after_selecting_the_country_code" time="31.866"/>
  <testcase classname="Test_Supervisor" name="Verify_that_the_organization_name_can_be_selected_from_a_dropdown_menu" time="27.648"/>
  <testcase classname="Test_Supervisor" name="Verify_that_the_user_can_type_and_select_an_organization_name_if_it_is_not_listed_in_the_dropdown" time="20.673"/>
  <testcase classname="Test_Supervisor" name="Verify_that_an_error_message_is_displayed_if_the_save_button_is_clicked_when_mandatory_fields_are_not_filled" time="22.215"/>
  <testcase classname="Test_Supervisor" name="Verify_the_maximum_and_minimum_length_of_the_full_name" time="25.482"/>
  <testcase classname="Test_Supervisor" name="Verify_the_maximum_and_minimum_length_of_the_mobile_number_for_each_country_code" time="27.379"/>
  <testcase classname="Test_Supervisor" name="Enter_an_email_without_a_domain_and_verify_that_an_error_message_is_displayed" time="32.280"/>
  <testcase classname="Test_Supervisor" name="Verify_to_check_and_click_on_next_page_button_of_supervisor" time="18.806"/>
  <testcase classname="Test_Supervisor" name="check_to_update_supervisor_without_select_orgnization_name" time="24.169"/>
  <testcase classname="Test_Supervisor" name="check_and_update_superviaor_without_using_attherate" time="26.166"/>
  <testcase classname="Test_Supervisor" name="check_to_update_supervisor_without_enter_mandatory_field" time="22.147"/>
  <testcase classname="Test_Supervisor" name="Verify_to_update_supervisor_with_max_char_in_full_name_field" time="22.165"/>
  <testcase classname="Test_Supervisor" name="Verify_to_update_superviosr_with_invalid_number" time="26.205"/>
  <testcase classname="Test_Supervisor" name="Verify_to_check_createsupervisor_that_are_already_exist" time="29.630"/>
  <testcase classname="Test_Supervisor" name="Verify_to_check_sr_no_column_is_present_in_supervisor_page" time="16.844"/>
  <testcase classname="Test_Supervisor" name="Verify_to_check_supervisor_name_column_is_present_in_supervisor_page" time="16.784"/>
  <testcase classname="Test_Supervisor" name="Verify_to_check_Email_column_is_present_in_supervisor_page" time="16.838"/>
  <testcase classname="Test_Supervisor" name="Verify_to_check_mobile_number_column_is_present_in_supervisor_page" time="16.793"/>
  <testcase classname="Test_Supervisor" name="Verify_to_check_orgnizationname_column_is_present_in_supervisor_page" time="16.794"/>
  <testcase classname="Test_Supervisor" name="Verify_to_check_action_column_is_present_in_supervisor_page" time="16.837"/>
  <testcase classname="Test_Supervisor" name="Verify_to_check_click_on_previous_page_button_of_supervisor_page" time="16.871"/>
  <testcase classname="Test_Supervisor" name="Verify_that_to_select_orgnization_from_filter_and_see_supervisor" time="19.879"/>
  <testcase classname="Test_Supervisor" name="Verify_that_search_and_select_orgnization_from_filter_and_see_supervisor" time="23.194"/>
  <testcase classname="Test_Supervisor" name="Verify_that_search_the_orgnization_that_are_not_present_in_list_box_and_see_valid_error_message" time="20.115"/>
  <testcase classname="Test_Supervisor" name="Create_Supervisor_with_valid_email" time="28.205"/>
  <testcase classname="Test_Supervisor" name="Verify_that_click_on_tipco_Logo_from_supervisor_page_and_redirect_on_dashborad" time="19.903"/>
</testsuite> <!-- Test_Supervisor -->
