<?xml version="1.0" encoding="UTF-8"?>
<!-- Generated by org.testng.reporters.JUnitReportReporter -->
<testsuite hostname="DESKTOP-SPJ27N6" failures="0" tests="17" name="TesttipcoLogin" time="208.028" errors="0" timestamp="2024-10-24T14:34:03 IST" skipped="0">
  <testcase classname="TesttipcoLogin" name="Verify_that_not_able_to_Login_with_incorrect_password" time="32.931"/>
  <testcase classname="TesttipcoLogin" name="Verify_that_not_able_to_login_with_unregisterdmail" time="7.280"/>
  <testcase classname="TesttipcoLogin" name="Verify_to_signin_with_blank_mail_and_passwordfield" time="19.156"/>
  <testcase classname="TesttipcoLogin" name="Verify_to_login_with_validmail_and_blankpass" time="14.496"/>
  <testcase classname="TesttipcoLogin" name="verify_to_login_with_blankmail_and_valid_password" time="8.447"/>
  <testcase classname="TesttipcoLogin" name="verify_to_validmail_and_space_in_password_field" time="8.488"/>
  <testcase classname="TesttipcoLogin" name="verify_to_check_that_Sign_in_text_is_present_at_signin_page" time="4.203"/>
  <testcase classname="TesttipcoLogin" name="verify_to_check_that_the_tipcoengineeing_logo_is_present_at_signin_page" time="4.247"/>
  <testcase classname="TesttipcoLogin" name="verify_to_check_click_on_password_visibility_button" time="7.785"/>
  <testcase classname="TesttipcoLogin" name="verify_to_check_click_on_forgott_password_button_and_redirect_on_foergott_password_page" time="8.226"/>
  <testcase classname="TesttipcoLogin" name="verify_to_check_the_forgot_password_text_is_present_on_forgot_password_page" time="12.355"/>
  <testcase classname="TesttipcoLogin" name="verify_to_check_click_on_forgot_password_and_then_click_on_cancel" time="12.351"/>
  <testcase classname="TesttipcoLogin" name="verify_to_check_and_invalid_mail_in_forgot_password_field" time="18.537"/>
  <testcase classname="TesttipcoLogin" name="verify_to_check_mail_field_take_blank_and_see_valid_error_message" time="15.325"/>
  <testcase classname="TesttipcoLogin" name="verify_to_check_tipco_enginnering_logo_is_present_at_forgot_password_page" time="12.296"/>
  <testcase classname="TesttipcoLogin" name="Verify_to_login_with_invalidmail_and_password" time="11.476"/>
  <testcase classname="TesttipcoLogin" name="verify_to_login_with_valid_mail_and_Password" time="10.429"/>
</testsuite> <!-- TesttipcoLogin -->
