<?xml version="1.0" encoding="UTF-8"?>
<!-- Generated by org.testng.reporters.JUnitReportReporter -->
<testsuite hostname="DESKTOP-SPJ27N6" failures="0" tests="2" name="Test_Supervisor" time="56.798" errors="0" timestamp="2024-09-23T18:31:23 IST" skipped="0">
  <testcase classname="Test_Supervisor" name="Verify_to_check_and_click_on_next_page_button_of_supervisor" time="43.336"/>
  <testcase classname="Test_Supervisor" name="check_to_update_supervisor_without_select_orgnization_name" time="13.462"/>
</testsuite> <!-- Test_Supervisor -->
