<?xml version="1.0" encoding="UTF-8"?>
<!-- Generated by org.testng.reporters.JUnitReportReporter -->
<testsuite hostname="DESKTOP-SPJ27N6" failures="1" tests="30" name="Test_Device" time="709.789" errors="0" timestamp="2024-11-25T11:49:48 IST" skipped="0">
  <testcase classname="Test_Device" name="Verify_that_the_Device_ID_field_is_unique_and_does_not_allow_duplicates" time="59.681"/>
  <testcase classname="Test_Device" name="Verify_to_check__Device_ID_Field_with_special_characters" time="21.507"/>
  <testcase classname="Test_Device" name="Verify_to_check__Device_IDfield_with_spaces" time="29.600"/>
  <testcase classname="Test_Device" name="Verify_that_the_Device_ID_field_does_not_accept_with_minimum_length_of_2_characters" time="25.210"/>
  <testcase classname="Test_Device" name="Verify_that_the_Device_ID_field_does_not_accept_with_max_length" time="22.078"/>
  <testcase classname="Test_Device" name="Verify_that_the_Max_Temperature_1_field_accepts_numeric_values_between_1_to_100" time="20.601"/>
  <testcase classname="Test_Device" name="Verify_that_temp1_field_should_not_accept_alphabet" time="48.047"/>
  <testcase classname="Test_Device" name="Verify_that_temp1_field_take_blank_and_see_the_error_message" time="53.189">
    <failure message="The following asserts failed:
	&#039;TechNova Solutions&#039; was not selected in the dropdown! expected [true] but found [false]" type="java.lang.AssertionError">
      <![CDATA[java.lang.AssertionError: The following asserts failed:
'TechNova Solutions' was not selected in the dropdown! expected [true] but found [false]
at org.testng.asserts.SoftAssert.assertAll(SoftAssert.java:46)
at org.testng.asserts.SoftAssert.assertAll(SoftAssert.java:30)
at Test_Device.Verify_that_temp1_field_take_blank_and_see_the_error_message(Test_Device.java:882)
at java.base/jdk.internal.reflect.NativeMethodAccessorImpl.invoke0(Native Method)
at java.base/jdk.internal.reflect.NativeMethodAccessorImpl.invoke(NativeMethodAccessorImpl.java:77)
at java.base/jdk.internal.reflect.DelegatingMethodAccessorImpl.invoke(DelegatingMethodAccessorImpl.java:43)
at java.base/java.lang.reflect.Method.invoke(Method.java:568)
at org.testng.internal.invokers.MethodInvocationHelper.invokeMethod(MethodInvocationHelper.java:139)
at org.testng.internal.invokers.TestInvoker.invokeMethod(TestInvoker.java:664)
at org.testng.internal.invokers.TestInvoker.invokeTestMethod(TestInvoker.java:227)
at org.testng.internal.invokers.MethodRunner.runInSequence(MethodRunner.java:50)
at org.testng.internal.invokers.TestInvoker$MethodInvocationAgent.invoke(TestInvoker.java:957)
at org.testng.internal.invokers.TestInvoker.invokeTestMethods(TestInvoker.java:200)
at org.testng.internal.invokers.TestMethodWorker.invokeTestMethods(TestMethodWorker.java:148)
at org.testng.internal.invokers.TestMethodWorker.run(TestMethodWorker.java:128)
at java.base/java.util.ArrayList.forEach(ArrayList.java:1511)
at org.testng.TestRunner.privateRun(TestRunner.java:848)
at org.testng.TestRunner.run(TestRunner.java:621)
at org.testng.SuiteRunner.runTest(SuiteRunner.java:443)
at org.testng.SuiteRunner.runSequentially(SuiteRunner.java:437)
at org.testng.SuiteRunner.privateRun(SuiteRunner.java:397)
at org.testng.SuiteRunner.run(SuiteRunner.java:336)
at org.testng.SuiteRunnerWorker.runSuite(SuiteRunnerWorker.java:52)
at org.testng.SuiteRunnerWorker.run(SuiteRunnerWorker.java:95)
at org.testng.TestNG.runSuitesSequentially(TestNG.java:1280)
at org.testng.TestNG.runSuitesLocally(TestNG.java:1200)
at org.testng.TestNG.runSuites(TestNG.java:1114)
at org.testng.TestNG.run(TestNG.java:1082)
at org.testng.remote.AbstractRemoteTestNG.run(AbstractRemoteTestNG.java:115)
at org.testng.remote.RemoteTestNG.initAndRun(RemoteTestNG.java:251)
at org.testng.remote.RemoteTestNG.main(RemoteTestNG.java:77)
]]>
    </failure>
  </testcase> <!-- Verify_that_temp1_field_take_blank_and_see_the_error_message -->
  <testcase classname="Test_Device" name="Verify_that_the_Max_Temperature_2_field_does_not_accept_alphabetic_or_any_special_characters" time="20.671"/>
  <testcase classname="Test_Device" name="Verify_that_the_Max_Temperature_2_field_does_not_greater_than_100" time="20.599"/>
  <testcase classname="Test_Device" name="check_maxtemp3_field_does_not_accept_special_char" time="20.478"/>
  <testcase classname="Test_Device" name="check_maxtepm3_does_not_accept_greater_than_100" time="20.475"/>
  <testcase classname="Test_Device" name="check_to_create_device_with_maxtepm3_field_is_blank" time="20.520"/>
  <testcase classname="Test_Device" name="Verify_that_the_Max_Pressure_1_field_does_not_accept_alphabetic_or_any_speecial_characters" time="20.561"/>
  <testcase classname="Test_Device" name="Verify_that_the_Max_pressure_field_does_not_accept_values__greater_than_10" time="20.616"/>
  <testcase classname="Test_Device" name="Verify_that_the_Max_pressure_field_does_not_accept_values_less_than_1" time="20.533"/>
  <testcase classname="Test_Device" name="Verify_that_the_Max_pressure__field_take_blnak_and_see_error" time="20.669"/>
  <testcase classname="Test_Device" name="Verify_that_the_Max_vibration_field_does_not_accept_alphabetic_or_any_special_characters" time="36.163"/>
  <testcase classname="Test_Device" name="Verify_that_the_Max_vibration_field_does_not_accept_value_greater_than_10000" time="20.582"/>
  <testcase classname="Test_Device" name="Verify_that_the_Max_vibration_field_does_not_accept_value_less_than_1" time="20.463"/>
  <testcase classname="Test_Device" name="Verify_that_the_Max_vibration_field_take_blank_and_see_error_message" time="20.475"/>
  <testcase classname="Test_Device" name="Verify_that_the_Time_Zone_field_displays_a_dropdown_menu" time="15.181"/>
  <testcase classname="Test_Device" name="Verify_the_empty_field_of_Device_ID_is_not_saved_and_gets_valid_errormessage" time="20.574"/>
  <testcase classname="Test_Device" name="Verify_that_click_on_cross_button_and_close_the_popup" time="10.672"/>
  <testcase classname="Test_Device" name="Verify_that_the_text_of_Device_page" time="4.131"/>
  <testcase classname="Test_Device" name="Verify_that_clickon_submit_button_when_all_the_fields_are_blank" time="14.862"/>
  <testcase classname="Test_Device" name="Verify_the_deice_text_on_add_device_page" time="15.070"/>
  <testcase classname="Test_Device" name="Verify_to_create_Horizontalbead_mill_machine" time="22.223"/>
  <testcase classname="Test_Device" name="verify_to_create_twinsaftdisperser" time="22.260"/>
  <testcase classname="Test_Device" name="Verify_to_create_highspeed_disperser_machine" time="22.098"/>
</testsuite> <!-- Test_Device -->
