<?xml version="1.0" encoding="UTF-8"?>
<!-- Generated by org.testng.reporters.JUnitReportReporter -->
<testsuite hostname="DESKTOP-SPJ27N6" failures="1" tests="21" name="Test_Supervisor" time="306.063" errors="0" timestamp="2024-10-03T19:49:15 IST" skipped="0">
  <testcase classname="Test_Supervisor" name="verify_that_createSupervisor_with_invalid_email" time="18.371"/>
  <testcase classname="Test_Supervisor" name="Verify_that_the_full_name_field_does_not_accept_numeric_or_special_characters_accept_only_character" time="12.132"/>
  <testcase classname="Test_Supervisor" name="Verify_that_the_email_field_is_mandatory_and_displays_an_error_message_when_left_empty" time="11.937"/>
  <testcase classname="Test_Supervisor" name="Verify_that_the_full_name_field_is_mandatory_and_displays_an_error_message_when_left_empty" time="9.977"/>
  <testcase classname="Test_Supervisor" name="Verify_that_the_mobile_number_field_does_not_accept_alphabetic_or_special_characters" time="12.058"/>
  <testcase classname="Test_Supervisor" name="Verify_that_the_mobile_number_field_accepts_different_formats_based_on_the_selected_country_code" time="14.098"/>
  <testcase classname="Test_Supervisor" name="Verify_that_the_user_can_type_in_the_mobile_number_after_selecting_the_country_code" time="14.198"/>
  <testcase classname="Test_Supervisor" name="Verify_that_the_organization_name_can_be_selected_from_a_dropdown_menu" time="14.118"/>
  <testcase classname="Test_Supervisor" name="Verify_that_the_user_can_type_and_select_an_organization_name_if_it_is_not_listed_in_the_dropdown" time="9.836"/>
  <testcase classname="Test_Supervisor" name="Verify_that_an_error_message_is_displayed_if_the_save_button_is_clicked_when_mandatory_fields_are_not_filled" time="6.516"/>
  <testcase classname="Test_Supervisor" name="Verify_the_maximum_and_minimum_length_of_the_full_name" time="9.959"/>
  <testcase classname="Test_Supervisor" name="Verify_the_maximum_and_minimum_length_of_the_mobile_number_for_each_country_code" time="12.962"/>
  <testcase classname="Test_Supervisor" name="Enter_an_email_without_a_domain_and_verify_that_an_error_message_is_displayed" time="24.090"/>
  <testcase classname="Test_Supervisor" name="Verify_to_check_and_click_on_next_page_button_of_supervisor" time="11.336"/>
  <testcase classname="Test_Supervisor" name="check_to_update_supervisor_without_select_orgnization_name" time="14.130"/>
  <testcase classname="Test_Supervisor" name="check_and_update_superviaor_without_using_attherate" time="16.132"/>
  <testcase classname="Test_Supervisor" name="check_to_update_supervisor_without_enter_mandatory_field" time="11.760"/>
  <testcase classname="Test_Supervisor" name="Verify_to_update_supervisor_with_max_char_in_full_name_field" time="11.815"/>
  <testcase classname="Test_Supervisor" name="Verify_to_update_superviosr_with_invalid_number" time="11.742"/>
  <testcase classname="Test_Supervisor" name="Verify_to_check_createsupervisor_that_are_already_exist" time="17.936"/>
  <testcase classname="Test_Supervisor" name="Create_Supervisor_with_valid_email" time="40.960">
    <failure message="The following asserts failed:
	Exception  Expected condition failed: waiting for visibility of element located by By.xpath: //div[text()=&#039;Successfully Registered&#039;] (tried for 25 second(s) with 500 milliseconds interval)
Build info: version: &#039;4.12.1&#039;, revision: &#039;8e34639b11&#039;
System info: os.name: &#039;Windows 11&#039;, os.arch: &#039;amd64&#039;, os.version: &#039;10.0&#039;, java.version: &#039;17.0.8.1&#039;
Driver info: org.openqa.selenium.chrome.ChromeDriver
Capabilities {acceptInsecureCerts: false, browserName: chrome, browserVersion: 129.0.6668.90, chrome: {chromedriverVersion: 129.0.6668.89 (951c0b97221f..., userDataDir: C:\Users\EXTERN~1\AppData\L...}, fedcm:accounts: true, goog:chromeOptions: {debuggerAddress: localhost:58289}, networkConnectionEnabled: false, pageLoadStrategy: normal, platformName: windows, proxy: Proxy(), se:cdp: ws://localhost:58289/devtoo..., se:cdpVersion: 129.0.6668.90, setWindowRect: true, strictFileInteractability: false, timeouts: {implicit: 0, pageLoad: 300000, script: 30000}, unhandledPromptBehavior: dismiss and notify, webauthn:extension:credBlob: true, webauthn:extension:largeBlob: true, webauthn:extension:minPinLength: true, webauthn:extension:prf: true, webauthn:virtualAuthenticators: true}
Session ID: 5ab5b1f7b409a1577d627e5af4b12fd0" type="java.lang.AssertionError">
      <![CDATA[java.lang.AssertionError: The following asserts failed:
Exception  Expected condition failed: waiting for visibility of element located by By.xpath: //div[text()='Successfully Registered'] (tried for 25 second(s) with 500 milliseconds interval)
Build info: version: '4.12.1', revision: '8e34639b11'
System info: os.name: 'Windows 11', os.arch: 'amd64', os.version: '10.0', java.version: '17.0.8.1'
Driver info: org.openqa.selenium.chrome.ChromeDriver
Capabilities {acceptInsecureCerts: false, browserName: chrome, browserVersion: 129.0.6668.90, chrome: {chromedriverVersion: 129.0.6668.89 (951c0b97221f..., userDataDir: C:\Users\EXTERN~1\AppData\L...}, fedcm:accounts: true, goog:chromeOptions: {debuggerAddress: localhost:58289}, networkConnectionEnabled: false, pageLoadStrategy: normal, platformName: windows, proxy: Proxy(), se:cdp: ws://localhost:58289/devtoo..., se:cdpVersion: 129.0.6668.90, setWindowRect: true, strictFileInteractability: false, timeouts: {implicit: 0, pageLoad: 300000, script: 30000}, unhandledPromptBehavior: dismiss and notify, webauthn:extension:credBlob: true, webauthn:extension:largeBlob: true, webauthn:extension:minPinLength: true, webauthn:extension:prf: true, webauthn:virtualAuthenticators: true}
Session ID: 5ab5b1f7b409a1577d627e5af4b12fd0
at org.testng.asserts.SoftAssert.assertAll(SoftAssert.java:46)
at org.testng.asserts.SoftAssert.assertAll(SoftAssert.java:30)
at Test_Supervisor.Create_Supervisor_with_valid_email(Test_Supervisor.java:68)
at java.base/jdk.internal.reflect.NativeMethodAccessorImpl.invoke0(Native Method)
at java.base/jdk.internal.reflect.NativeMethodAccessorImpl.invoke(NativeMethodAccessorImpl.java:77)
at java.base/jdk.internal.reflect.DelegatingMethodAccessorImpl.invoke(DelegatingMethodAccessorImpl.java:43)
at java.base/java.lang.reflect.Method.invoke(Method.java:568)
at org.testng.internal.invokers.MethodInvocationHelper.invokeMethod(MethodInvocationHelper.java:139)
at org.testng.internal.invokers.TestInvoker.invokeMethod(TestInvoker.java:664)
at org.testng.internal.invokers.TestInvoker.invokeTestMethod(TestInvoker.java:227)
at org.testng.internal.invokers.MethodRunner.runInSequence(MethodRunner.java:50)
at org.testng.internal.invokers.TestInvoker$MethodInvocationAgent.invoke(TestInvoker.java:957)
at org.testng.internal.invokers.TestInvoker.invokeTestMethods(TestInvoker.java:200)
at org.testng.internal.invokers.TestMethodWorker.invokeTestMethods(TestMethodWorker.java:148)
at org.testng.internal.invokers.TestMethodWorker.run(TestMethodWorker.java:128)
at java.base/java.util.ArrayList.forEach(ArrayList.java:1511)
at org.testng.TestRunner.privateRun(TestRunner.java:848)
at org.testng.TestRunner.run(TestRunner.java:621)
at org.testng.SuiteRunner.runTest(SuiteRunner.java:443)
at org.testng.SuiteRunner.runSequentially(SuiteRunner.java:437)
at org.testng.SuiteRunner.privateRun(SuiteRunner.java:397)
at org.testng.SuiteRunner.run(SuiteRunner.java:336)
at org.testng.SuiteRunnerWorker.runSuite(SuiteRunnerWorker.java:52)
at org.testng.SuiteRunnerWorker.run(SuiteRunnerWorker.java:95)
at org.testng.TestNG.runSuitesSequentially(TestNG.java:1280)
at org.testng.TestNG.runSuitesLocally(TestNG.java:1200)
at org.testng.TestNG.runSuites(TestNG.java:1114)
at org.testng.TestNG.run(TestNG.java:1082)
at org.testng.remote.AbstractRemoteTestNG.run(AbstractRemoteTestNG.java:115)
at org.testng.remote.RemoteTestNG.initAndRun(RemoteTestNG.java:251)
at org.testng.remote.RemoteTestNG.main(RemoteTestNG.java:77)
]]>
    </failure>
  </testcase> <!-- Create_Supervisor_with_valid_email -->
</testsuite> <!-- Test_Supervisor -->
