<?xml version="1.0" encoding="UTF-8"?>
<!-- Generated by org.testng.reporters.JUnitReportReporter -->
<testsuite hostname="DESKTOP-SPJ27N6" failures="0" tests="3" name="Test_Supervisor" time="67.934" errors="0" timestamp="2024-09-17T10:33:48 IST" skipped="0">
  <testcase classname="Test_Supervisor" name="verify_that_createSupervisor_with_invalid_email" time="42.225"/>
  <testcase classname="Test_Supervisor" name="Verify_that_the_full_name_field_does_not_accept_numeric_or_special_characters" time="10.732"/>
  <testcase classname="Test_Supervisor" name="Create_Supervisor_with_valid_email" time="14.977"/>
</testsuite> <!-- Test_Supervisor -->
