<?xml version="1.0" encoding="UTF-8"?>
<!-- Generated by org.testng.reporters.JUnitReportReporter -->
<testsuite hostname="DESKTOP-SPJ27N6" failures="0" tests="45" name="Test_dashboard" time="712.761" errors="0" timestamp="2024-11-21T17:29:10 IST" skipped="0">
  <testcase classname="Test_dashboard" name="Verify_that_select_Horizontal_bead_mill_machine_and_check_product_pump_motor_on_off" time="38.951"/>
  <testcase classname="Test_dashboard" name="Verify_that_select_Horizontal_bead_mill_machine_and_check_product_pump_motor_RPM_is_displayed" time="16.028"/>
  <testcase classname="Test_dashboard" name="Verify_that_select_Horizontal_bead_mill_machine_and_check_product_pump_motor_Last_of_off_time_isDisplayed" time="15.916"/>
  <testcase classname="Test_dashboard" name="Verify_that_select_Horizontal_bead_mill_machine_and_check_product_pump_motor_Last_on_off_date_isDisplayed" time="15.906"/>
  <testcase classname="Test_dashboard" name="Verify_that_select_Horizontal_bead_mill_machine_and_check_milli_motor_on_off" time="16.030"/>
  <testcase classname="Test_dashboard" name="Verify_that_select_Horizontal_bead_mill_machine_and_check_milli_motor_RPM_is_displayed" time="16.148"/>
  <testcase classname="Test_dashboard" name="Verify_that_select_Horizontal_bead_mill_machine_and_check_Milli_motor_Last_on_off_time_isDisplayed" time="16.171"/>
  <testcase classname="Test_dashboard" name="Verify_that_select_Horizontal_bead_mill_machine_and_check_milli_motor_Last_on_off_date_isDisplayed" time="16.176"/>
  <testcase classname="Test_dashboard" name="Verify_that_select_Horizontal_bead_mill_machine_and_check_coolant_motor_on_off" time="16.091"/>
  <testcase classname="Test_dashboard" name="Verify_that_select_Horizontal_bead_mill_machine_and_check_coolant_motor_Last_on_off_time_isDisplayed" time="16.846"/>
  <testcase classname="Test_dashboard" name="Verify_that_select_Horizontal_bead_mill_machine_and_check_coolant_motor_Last_on_off_date_isDisplayed" time="31.078"/>
  <testcase classname="Test_dashboard" name="Verify_that_select_Horizontal_bead_mill_machine_and_check_horizontal_bead_mill_machine_isDisplayed" time="16.515"/>
  <testcase classname="Test_dashboard" name="Verify_that_select_Horizontal_bead_mill_machine_and_check_temperature_isDisplayed" time="16.037"/>
  <testcase classname="Test_dashboard" name="Verify_that_select_Horizontal_bead_mill_machine_and_check_pressure_isDisplayed" time="15.991"/>
  <testcase classname="Test_dashboard" name="Verify_that_select_Horizontal_bead_mill_machine_and_check_vibration_isDisplayed" time="16.586"/>
  <testcase classname="Test_dashboard" name="Verify_that_select_Horizontal_bead_mill_machine_and_check_weight_isDisplayed" time="15.474"/>
  <testcase classname="Test_dashboard" name="Verify_that_select_twin_saft_disperser_machine_and_check_main_motor_on_off" time="18.160"/>
  <testcase classname="Test_dashboard" name="Verify_that_select_twin_shaftdisperser_machine_and_check_main_motor_motor_RPM_is_displayed" time="14.927"/>
  <testcase classname="Test_dashboard" name="Verify_that_select_twin_shaftdisperser_machine_and_check_main_motor_motor_Last_on_off_time_is_displayed" time="14.319"/>
  <testcase classname="Test_dashboard" name="Verify_that_select_twin_shaftdisperser_machine_and_check_main_motor_motor_Last_on_off_date_is_displayed" time="13.849"/>
  <testcase classname="Test_dashboard" name="Verify_that_select_twin_shaftdisperser_machine_and_check_scrapper_motor_on_off_is_displayed" time="13.915"/>
  <testcase classname="Test_dashboard" name="Verify_that_select_twin_shaftdisperser_machine_and_check_scrapper_motor_RPM_is_displayed" time="13.785"/>
  <testcase classname="Test_dashboard" name="Verify_that_select_twin_shaftdisperser_machine_and_check_scrapper_motor_last_on_off_time_is_displayed" time="14.283"/>
  <testcase classname="Test_dashboard" name="Verify_that_select_twin_shaftdisperser_machine_and_check_scrapper_motor_last_on_off_date_is_displayed" time="14.480"/>
  <testcase classname="Test_dashboard" name="Verify_that_select_twin_shaftdisperser_machine_and_check_hydraulic_motor__on_off_is_displayed" time="14.025"/>
  <testcase classname="Test_dashboard" name="Verify_that_select_twin_shaftdisperser_machine_and_check_hydraulic_motor_Last_on_off__time_is_displayed" time="13.865"/>
  <testcase classname="Test_dashboard" name="Verify_that_select_twin_shaftdisperser_machine_and_check_hydraulic_motor_Last_on_off_date_is_displayed" time="13.822"/>
  <testcase classname="Test_dashboard" name="Verify_that_select_twin_shaftdisperser_machine_and_check_twin_shaft_disperser_machine_text_is_displayed" time="13.777"/>
  <testcase classname="Test_dashboard" name="Verify_that_select_twin_shaftdisperser_machine_and_check_temperature1_is_displayed" time="14.392"/>
  <testcase classname="Test_dashboard" name="Verify_that_select_twin_shaftdisperser_machine_and_check_temperature2_is_displayed" time="14.297"/>
  <testcase classname="Test_dashboard" name="Verify_that_select_twin_shaftdisperser_machine_and_check_temperature3_is_displayed" time="13.939"/>
  <testcase classname="Test_dashboard" name="Verify_that_select_twin_shaftdisperser_machine_and_check_vibration_is_displayed" time="13.778"/>
  <testcase classname="Test_dashboard" name="Verify_that_select_twin_shaftdisperser_machine_and_check_weight_is_displayed" time="13.866"/>
  <testcase classname="Test_dashboard" name="Verify_that_select_high_speed_disperser_machine_and_check_main_motor_on_off" time="18.013"/>
  <testcase classname="Test_dashboard" name="Verify_that_select_high_speed_disperser_machine_and_check_the_main_motor_RPM_is_displayed" time="13.884"/>
  <testcase classname="Test_dashboard" name="Verify_that_select_high_speed_disperser_machine_and_check_main_motor_Last_on_off_time" time="13.850"/>
  <testcase classname="Test_dashboard" name="Verify_that_select_high_speed_disperser_machine_and_check_main_motor_Last_on_off_date" time="13.821"/>
  <testcase classname="Test_dashboard" name="Verify_that_select_high_speed_disperser_machine_and_check_hydraulic_motor_on_off" time="13.789"/>
  <testcase classname="Test_dashboard" name="Verify_that_select_high_speed_disperser_machine_and_check_hydraulic_motor_last_on_off_time" time="13.797"/>
  <testcase classname="Test_dashboard" name="Verify_that_select_high_speed_disperser_machine_and_check_hydraulic_motor_last_on_off_date" time="13.805"/>
  <testcase classname="Test_dashboard" name="Verify_that_select_high_speed_disperser_machine_and_check_the_text_of_high_speed_disperser_is_visible" time="13.868"/>
  <testcase classname="Test_dashboard" name="Verify_that_select_high_speed_disperser_machine_and_check_the_temperature_is_visible" time="13.754"/>
  <testcase classname="Test_dashboard" name="Verify_that_select_high_speed_disperser_machine_and_check_the_vibration_is_visible" time="13.826"/>
  <testcase classname="Test_dashboard" name="Verify_that_select_high_speed_disperser_machine_and_check_the_weight_is_visible" time="13.950"/>
  <testcase classname="Test_dashboard" name="Verify_that_to_click_on_notification_and_cancel_the_notification" time="16.981"/>
</testsuite> <!-- Test_dashboard -->
