<?xml version="1.0" encoding="UTF-8"?>
<!-- Generated by org.testng.reporters.JUnitReportReporter -->
<testsuite hostname="DESKTOP-SPJ27N6" failures="1" tests="39" name="Test_Device" time="966.993" errors="0" timestamp="2025-02-03T11:31:22 IST" skipped="0">
  <testcase classname="Test_Device" name="Verify_that_the_Device_ID_field_is_unique_and_does_not_allow_duplicates" time="55.604"/>
  <testcase classname="Test_Device" name="Verify_to_check__Device_ID_Field_with_special_characters" time="44.300"/>
  <testcase classname="Test_Device" name="Verify_to_check__Device_IDfield_with_spaces" time="28.188"/>
  <testcase classname="Test_Device" name="Verify_that_the_Device_ID_field_does_not_accept_with_minimum_length_of_2_characters" time="14.490"/>
  <testcase classname="Test_Device" name="Verify_that_the_Device_ID_field_does_not_accept_with_max_length" time="44.322"/>
  <testcase classname="Test_Device" name="Verify_that_the_Max_Product_temp_field_accepts_numeric_values_between_1_to_100" time="33.846"/>
  <testcase classname="Test_Device" name="Verify_that_Max_Product_temp_field_should_not_accept_alphabet" time="79.362">
    <failure message="The following asserts failed:
	&#039;TechNova Solutions&#039; was not selected in the dropdown! expected [true] but found [false]" type="java.lang.AssertionError">
      <![CDATA[java.lang.AssertionError: The following asserts failed:
'TechNova Solutions' was not selected in the dropdown! expected [true] but found [false]
at org.testng.asserts.SoftAssert.assertAll(SoftAssert.java:46)
at org.testng.asserts.SoftAssert.assertAll(SoftAssert.java:30)
at Test_Device.Verify_that_Max_Product_temp_field_should_not_accept_alphabet(Test_Device.java:808)
at java.base/jdk.internal.reflect.NativeMethodAccessorImpl.invoke0(Native Method)
at java.base/jdk.internal.reflect.NativeMethodAccessorImpl.invoke(NativeMethodAccessorImpl.java:77)
at java.base/jdk.internal.reflect.DelegatingMethodAccessorImpl.invoke(DelegatingMethodAccessorImpl.java:43)
at java.base/java.lang.reflect.Method.invoke(Method.java:568)
at org.testng.internal.invokers.MethodInvocationHelper.invokeMethod(MethodInvocationHelper.java:139)
at org.testng.internal.invokers.TestInvoker.invokeMethod(TestInvoker.java:664)
at org.testng.internal.invokers.TestInvoker.invokeTestMethod(TestInvoker.java:227)
at org.testng.internal.invokers.MethodRunner.runInSequence(MethodRunner.java:50)
at org.testng.internal.invokers.TestInvoker$MethodInvocationAgent.invoke(TestInvoker.java:957)
at org.testng.internal.invokers.TestInvoker.invokeTestMethods(TestInvoker.java:200)
at org.testng.internal.invokers.TestMethodWorker.invokeTestMethods(TestMethodWorker.java:148)
at org.testng.internal.invokers.TestMethodWorker.run(TestMethodWorker.java:128)
at java.base/java.util.ArrayList.forEach(ArrayList.java:1511)
at org.testng.TestRunner.privateRun(TestRunner.java:848)
at org.testng.TestRunner.run(TestRunner.java:621)
at org.testng.SuiteRunner.runTest(SuiteRunner.java:443)
at org.testng.SuiteRunner.runSequentially(SuiteRunner.java:437)
at org.testng.SuiteRunner.privateRun(SuiteRunner.java:397)
at org.testng.SuiteRunner.run(SuiteRunner.java:336)
at org.testng.SuiteRunnerWorker.runSuite(SuiteRunnerWorker.java:52)
at org.testng.SuiteRunnerWorker.run(SuiteRunnerWorker.java:95)
at org.testng.TestNG.runSuitesSequentially(TestNG.java:1280)
at org.testng.TestNG.runSuitesLocally(TestNG.java:1200)
at org.testng.TestNG.runSuites(TestNG.java:1114)
at org.testng.TestNG.run(TestNG.java:1082)
at org.testng.remote.AbstractRemoteTestNG.run(AbstractRemoteTestNG.java:115)
at org.testng.remote.RemoteTestNG.initAndRun(RemoteTestNG.java:251)
at org.testng.remote.RemoteTestNG.main(RemoteTestNG.java:77)
]]>
    </failure>
  </testcase> <!-- Verify_that_Max_Product_temp_field_should_not_accept_alphabet -->
  <testcase classname="Test_Device" name="Verify_that_Max_Product_temp_field_take_blank_and_see_the_error_message" time="20.570"/>
  <testcase classname="Test_Device" name="Verify_that_the_Max_coolant_temp_field_does_not_accept_alphabetic_or_any_special_characters" time="20.818"/>
  <testcase classname="Test_Device" name="Verify_that_the_Max_coolant_temp_field_does_not_greater_than_100" time="20.797"/>
  <testcase classname="Test_Device" name="check_max_chill_water_temp__does_not_accept_special_char" time="20.734"/>
  <testcase classname="Test_Device" name="check_maxchill_water_temp_does_not_accept_greater_than_100" time="20.791"/>
  <testcase classname="Test_Device" name="check_to_create_device_with_chill_water_temperature_is_blank" time="20.668"/>
  <testcase classname="Test_Device" name="Verify_that_the_Max_product_presser_field_does_not_accept_alphabetic_or_any_speecial_characters" time="20.767"/>
  <testcase classname="Test_Device" name="Verify_that_the_Max_product_pressure_field_does_not_accept_values__greater_than_10" time="20.757"/>
  <testcase classname="Test_Device" name="Verify_that_the_product_pressure_field_does_not_accept_values_less_than_1" time="20.792"/>
  <testcase classname="Test_Device" name="Verify_that_the_Max_product_pressure__field_take_blnak_and_see_error" time="20.675"/>
  <testcase classname="Test_Device" name="Verify_that_the_Max_coolant_presser_field_does_not_accept_alphabetic_or_any_speecial_characters" time="20.683"/>
  <testcase classname="Test_Device" name="Verify_that_the_Max_coolant_pressure_field_does_not_accept_values__greater_than_10" time="20.730"/>
  <testcase classname="Test_Device" name="Verify_that_the_Max_coolant_pressure_field_does_not_accept_values__less_than_10" time="20.807"/>
  <testcase classname="Test_Device" name="Verify_that_the_Max_coolant_pressure_field_take_blank_and_see_error_message" time="20.667"/>
  <testcase classname="Test_Device" name="Verify_that_the_Max_chill_water_presser_field_does_not_accept_alphabetic_or_any_speecial_characters" time="20.696"/>
  <testcase classname="Test_Device" name="Verify_that_the_Max_chill_water_pressure_field_does_not_accept_values__greater_than_10" time="20.545"/>
  <testcase classname="Test_Device" name="Verify_that_the_Max_chill_water_pressure_field_does_not_accept_values__less_than_10" time="20.618"/>
  <testcase classname="Test_Device" name="Verify_that_the_Max_chill_water_pressure_field_take_blank_and_see_error_message" time="20.549"/>
  <testcase classname="Test_Device" name="Verify_that_the_Max_vibration_field_does_not_accept_alphabetic_or_any_special_characters" time="20.584"/>
  <testcase classname="Test_Device" name="Verify_that_the_Max_vibration_field_does_not_accept_value_greater_than_10000" time="20.583"/>
  <testcase classname="Test_Device" name="Verify_that_the_Max_vibration_field_does_not_accept_value_less_than_1" time="20.607"/>
  <testcase classname="Test_Device" name="Verify_that_the_Max_vibration_field_take_blank_and_see_error_message" time="20.511"/>
  <testcase classname="Test_Device" name="Verify_that_the_Time_Zone_field_displays_a_dropdown_menu" time="15.448"/>
  <testcase classname="Test_Device" name="Verify_the_empty_field_of_Device_ID_is_not_saved_and_gets_valid_errormessage" time="20.657"/>
  <testcase classname="Test_Device" name="Verify_that_click_on_cross_button_and_close_the_popup" time="10.741"/>
  <testcase classname="Test_Device" name="Verify_that_the_text_of_Device_page" time="4.343"/>
  <testcase classname="Test_Device" name="Verify_that_clickon_submit_button_when_all_the_fields_are_blank" time="14.945"/>
  <testcase classname="Test_Device" name="Verify_the_deice_text_on_add_device_page" time="14.947"/>
  <testcase classname="Test_Device" name="Verify_to_create_device_without_select_orgnization" time="20.479"/>
  <testcase classname="Test_Device" name="Verify_to_create_Horizontalbead_mill_machine" time="22.341"/>
  <testcase classname="Test_Device" name="verify_to_create_twinsaftdisperser" time="22.204"/>
  <testcase classname="Test_Device" name="Verify_to_create_highspeed_disperser_machine" time="65.827"/>
</testsuite> <!-- Test_Device -->
