<?xml version="1.0" encoding="UTF-8"?>
<!-- Generated by org.testng.reporters.JUnitReportReporter -->
<testsuite hostname="DESKTOP-SPJ27N6" failures="0" tests="2" name="Test_Orgnization" time="32.982" errors="0" timestamp="2024-09-26T20:31:30 IST" skipped="0">
  <testcase classname="Test_Orgnization" name="Create_Orgnization_with_invalid_orgnization_name" time="24.345"/>
  <testcase classname="Test_Orgnization" name="verify_to_create_orgnization_with_all_valid_data_of_orgnization" time="8.637"/>
</testsuite> <!-- Test_Orgnization -->
