<?xml version="1.0" encoding="UTF-8"?>
<!-- Generated by org.testng.reporters.JUnitReportReporter -->
<testsuite hostname="DESKTOP-SPJ27N6" failures="0" tests="30" name="Create_device_from_supervisor" time="607.622" errors="0" timestamp="2024-11-21T19:00:05 IST" skipped="0">
  <testcase classname="Create_device_from_supervisor" name="Verify_that_the_Device_ID_field_is_unique_and_does_not_allow_duplicates" time="28.399"/>
  <testcase classname="Create_device_from_supervisor" name="Verify_to_check__Device_ID_Field_with_special_characters" time="21.320"/>
  <testcase classname="Create_device_from_supervisor" name="Verify_to_check__Device_IDfield_with_spaces" time="21.224"/>
  <testcase classname="Create_device_from_supervisor" name="Verify_that_the_Device_ID_field_does_not_accept_with_minimum_length_of_2_characters" time="21.390"/>
  <testcase classname="Create_device_from_supervisor" name="Verify_that_the_Device_ID_field_does_not_accept_with_max_length" time="21.481"/>
  <testcase classname="Create_device_from_supervisor" name="Verify_that_the_Max_Temperature_1_field_accepts_numeric_values_between_1_to_100" time="15.256"/>
  <testcase classname="Create_device_from_supervisor" name="Verify_that_temp1_field_should_not_accept_alphabet" time="15.345"/>
  <testcase classname="Create_device_from_supervisor" name="Verify_that_temp1_field_take_blank_and_see_the_error_message" time="20.935"/>
  <testcase classname="Create_device_from_supervisor" name="Verify_that_the_Max_Temperature_2_field_does_not_accept_alphabetic_or_any_special_characters" time="15.427"/>
  <testcase classname="Create_device_from_supervisor" name="Verify_that_the_Max_Temperature_2_field_does_not_greater_than_100" time="15.354"/>
  <testcase classname="Create_device_from_supervisor" name="check_maxtemp3_field_does_not_accept_special_char" time="15.430"/>
  <testcase classname="Create_device_from_supervisor" name="check_maxtepm3_does_not_accept_greater_than_100" time="21.003"/>
  <testcase classname="Create_device_from_supervisor" name="check_to_create_device_with_maxtepm3_field_is_blank" time="15.267"/>
  <testcase classname="Create_device_from_supervisor" name="Verify_that_the_Max_Pressure_1_field_does_not_accept_alphabetic_or_any_speecial_characters" time="36.377"/>
  <testcase classname="Create_device_from_supervisor" name="Verify_that_the_Max_pressure_field_does_not_accept_values__greater_than_10" time="29.823"/>
  <testcase classname="Create_device_from_supervisor" name="Verify_that_the_Max_pressure_field_does_not_accept_values_less_than_1" time="31.577"/>
  <testcase classname="Create_device_from_supervisor" name="Verify_that_the_Max_pressure__field_take_blnak_and_see_error" time="29.668"/>
  <testcase classname="Create_device_from_supervisor" name="Verify_that_the_Max_vibration_field_does_not_accept_alphabetic_or_any_special_characters" time="31.622"/>
  <testcase classname="Create_device_from_supervisor" name="Verify_that_the_Max_vibration_field_does_not_accept_value_greater_than_10000" time="29.865"/>
  <testcase classname="Create_device_from_supervisor" name="Verify_that_the_Max_vibration_field_does_not_accept_value_less_than_1" time="15.155"/>
  <testcase classname="Create_device_from_supervisor" name="Verify_that_the_Max_vibration_field_take_blank_and_see_error_message" time="15.882"/>
  <testcase classname="Create_device_from_supervisor" name="Verify_that_the_Time_Zone_field_displays_a_dropdown_menu" time="20.414"/>
  <testcase classname="Create_device_from_supervisor" name="Verify_the_empty_field_of_Device_ID_is_not_saved_and_gets_valid_errormessage" time="15.818"/>
  <testcase classname="Create_device_from_supervisor" name="Verify_that_click_on_cross_button_and_close_the_popup" time="10.734"/>
  <testcase classname="Create_device_from_supervisor" name="Verify_that_the_text_of_Device_page" time="14.439"/>
  <testcase classname="Create_device_from_supervisor" name="Verify_that_clickon_submit_button_when_all_the_fields_are_blank" time="26.073"/>
  <testcase classname="Create_device_from_supervisor" name="Verify_the_deice_text_on_add_device_page" time="14.969"/>
  <testcase classname="Create_device_from_supervisor" name="Verify_to_create_Horizontalbead_mill_machine" time="11.860"/>
  <testcase classname="Create_device_from_supervisor" name="verify_to_create_twinsaftdisperser" time="11.717"/>
  <testcase classname="Create_device_from_supervisor" name="Verify_to_create_highspeed_disperser_machine" time="13.798"/>
</testsuite> <!-- Create_device_from_supervisor -->
