<?xml version="1.0" encoding="UTF-8"?>
<!-- Generated by org.testng.reporters.JUnitReportReporter -->
<testsuite hostname="DESKTOP-SPJ27N6" failures="0" tests="1" name="Test_dashboard" time="30.459" errors="0" timestamp="2024-09-26T20:40:16 IST" skipped="0">
  <testcase classname="Test_dashboard" name="Verify_that_select_orgnization_device_and_check_data_according_select_date" time="30.459"/>
</testsuite> <!-- Test_dashboard -->
