<?xml version="1.0" encoding="UTF-8"?>
<!-- Generated by org.testng.reporters.JUnitReportReporter -->
<testsuite hostname="DESKTOP-SPJ27N6" failures="0" tests="20" name="Edit_profile_from_supervisor" time="670.897" errors="0" timestamp="2024-11-25T15:32:21 IST" skipped="0">
  <testcase classname="Edit_profile_from_supervisor" name="Verify_to_check_edit_full_namefield_and_enter_max_length_of_fullname" time="26.176"/>
  <testcase classname="Edit_profile_from_supervisor" name="Verify_to_check_edit_full_namefield_and_enterMinimum_length_of_fullname" time="38.510"/>
  <testcase classname="Edit_profile_from_supervisor" name="Verify_to_check_edit_full_namefield_and_enter_special_charIn_fullname" time="38.513"/>
  <testcase classname="Edit_profile_from_supervisor" name="Verify_to_check_edit_full_namefield_and_enter_numericvalue_fullname" time="38.601"/>
  <testcase classname="Edit_profile_from_supervisor" name="Verify_to_check_edit_profile_without_fullname_field" time="38.296"/>
  <testcase classname="Edit_profile_from_supervisor" name="Verify_to_check_edit_profile_with_invalid_email_formate" time="36.247"/>
  <testcase classname="Edit_profile_from_supervisor" name="Verify_to_check_edit_profile_without_using_at_the_rate_in_name_field" time="36.374"/>
  <testcase classname="Edit_profile_from_supervisor" name="Verify_to_check_edit_profile_without_enter_email_field" time="37.026"/>
  <testcase classname="Edit_profile_from_supervisor" name="Verify_to_check_edit_profile_to_entermax_length_ofemail_field_more_than_50char" time="37.144"/>
  <testcase classname="Edit_profile_from_supervisor" name="Verify_to_check_edit_profile_to_enter_invalid_phoneNumber" time="36.364"/>
  <testcase classname="Edit_profile_from_supervisor" name="Verify_to_check_edit_profile_without_enter_phone_number" time="36.368"/>
  <testcase classname="Edit_profile_from_supervisor" name="Verify_to_close_popup_to_click_on_cross_button_of_the_popup" time="33.080"/>
  <testcase classname="Edit_profile_from_supervisor" name="Verify_to_check_select_other_country_code_and_enter_invalid_phone" time="39.498"/>
  <testcase classname="Edit_profile_from_supervisor" name="Verify_toupdate_profile_with_all_valid_data" time="33.903"/>
  <testcase classname="Edit_profile_from_supervisor" name="Verify_that_orgnization_field_is_disabled_in_update_profile_from_supervisor_side" time="33.290"/>
  <testcase classname="Edit_profile_from_supervisor" name="Verify_that_to_reset_password_without_enter_current_and_comfrim_password_field" time="25.667"/>
  <testcase classname="Edit_profile_from_supervisor" name="Verify_that_to_reset_password_with_newpassword_and_confirm_password_does_not_matched" time="31.255"/>
  <testcase classname="Edit_profile_from_supervisor" name="Verify_that_reset_password_to_enter_current_pasword_with_space" time="26.137"/>
  <testcase classname="Edit_profile_from_supervisor" name="Verify_that_to_reset_password_to_enter_current_pasword_and_newPassword_are_same" time="31.223"/>
  <testcase classname="Edit_profile_from_supervisor" name="Verify_to_check_edit_full_namefield_and_enter_valid_NAME" time="17.225"/>
</testsuite> <!-- Edit_profile_from_supervisor -->
