<?xml version="1.0" encoding="UTF-8"?>
<!-- Generated by org.testng.reporters.JUnitReportReporter -->
<testsuite hostname="DESKTOP-SPJ27N6" failures="0" tests="26" name="Test_Orgnization2" time="545.654" errors="0" timestamp="2024-11-25T11:06:02 IST" skipped="0">
  <testcase classname="Test_Orgnization2" name="Ensure_that_the_organization_update_fails_with_enter_max_length_of_GSTnumberfield" time="37.703"/>
  <testcase classname="Test_Orgnization2" name="Ensure_that_the_organization_update_fails_with_max_length_of_address_fields" time="22.261"/>
  <testcase classname="Test_Orgnization2" name="Ensure_that_the_organization_update_fails_without_address_fields" time="21.905"/>
  <testcase classname="Test_Orgnization2" name="Ensure_that_the_organization_update_fails_with_max_length_Of_city" time="22.071"/>
  <testcase classname="Test_Orgnization2" name="Ensure_that_the_organization_update_fails_without_enter_city" time="22.078"/>
  <testcase classname="Test_Orgnization2" name="Ensure_that_the_organization_update_fails_with_minimum_length_of_pincode" time="22.098"/>
  <testcase classname="Test_Orgnization2" name="Ensure_that_the_organization_update_fails_with_maximum_length_of_pincode" time="22.147"/>
  <testcase classname="Test_Orgnization2" name="Ensure_that_the_organization_update_fails_without_enter_pincode" time="22.001"/>
  <testcase classname="Test_Orgnization2" name="Ensure_that_the_organization_update_fails_with_max_length_of_state" time="22.493"/>
  <testcase classname="Test_Orgnization2" name="Ensure_that_the_organization_update_fails_with_using_undercurse_and_at_the_rate_in_state" time="22.136"/>
  <testcase classname="Test_Orgnization2" name="Ensure_that_the_organization_update_fails_withOut_enter_state" time="22.125"/>
  <testcase classname="Test_Orgnization2" name="Ensure_that_the_organization_update_fails_withOut_selecting_refresh_rate" time="22.023"/>
  <testcase classname="Test_Orgnization2" name="Verify_that_an_updateorganization_with_a_name_that_already_exists" time="23.007"/>
  <testcase classname="Test_Orgnization2" name="Verify_that_an_updateorganization_with_a_numeric_city" time="22.941"/>
  <testcase classname="Test_Orgnization2" name="Verify_that_an_updateorganization_without__city" time="21.996"/>
  <testcase classname="Test_Orgnization2" name="Verify_that_an_editorgnizationtext_in_update_orgnization_page" time="17.050"/>
  <testcase classname="Test_Orgnization2" name="Verify_that_an_editorgnization_page_and_click_on_cross_button" time="21.219"/>
  <testcase classname="Test_Orgnization2" name="Verify_that_orgnization_text_present_in_orgnizationpage" time="16.903"/>
  <testcase classname="Test_Orgnization2" name="Verify_that_update_orgnization_with_duplicate_GST_number" time="22.897"/>
  <testcase classname="Test_Orgnization2" name="Verify_that_to_check_sr_no_column_is_present_in_orgniozation_create_page" time="16.848"/>
  <testcase classname="Test_Orgnization2" name="Verify_that_to_check_orgnization_name_column_is_present_in_orgniozation_create_page" time="16.852"/>
  <testcase classname="Test_Orgnization2" name="Verify_that_to_check_city_columnname_is_present_in_orgniozation_create_page" time="16.804"/>
  <testcase classname="Test_Orgnization2" name="Verify_that_to_check_state_columnname_is_present_in_orgniozation_create_page" time="16.899"/>
  <testcase classname="Test_Orgnization2" name="Verify_that_to_check_action_columnname_is_present_in_orgniozation_create_page" time="17.022"/>
  <testcase classname="Test_Orgnization2" name="Verify_that_to_check_to_click_next_page_of_orgnization_page" time="16.987"/>
  <testcase classname="Test_Orgnization2" name="Verify_that_to_check_to_click_previous_page_of_orgnization_page" time="17.188"/>
</testsuite> <!-- Test_Orgnization2 -->
