<?xml version="1.0" encoding="UTF-8"?>
<!-- Generated by org.testng.reporters.JUnitReportReporter -->
<testsuite hostname="DESKTOP-SPJ27N6" failures="0" tests="19" name="Device_TC_from_from_supervisor" time="402.240" errors="0" timestamp="2024-10-16T11:06:10 IST" skipped="0">
  <testcase classname="Device_TC_from_from_supervisor" name="Verify_to_check_click_on_update_and_click_on_submit_button" time="38.711"/>
  <testcase classname="Device_TC_from_from_supervisor" name="Verify_and_check_to_update_devicezone_by_selecting_other_country_from_dropdown" time="27.913"/>
  <testcase classname="Device_TC_from_from_supervisor" name="Verify_and_check_to_type_on_timezone_field_and_select_from_list_box" time="31.232"/>
  <testcase classname="Device_TC_from_from_supervisor" name="Verify_and_check_to_type_on_timezone_field_but_the_country_are_not_present_in_dropbox" time="31.223"/>
  <testcase classname="Device_TC_from_from_supervisor" name="Verify_and_check_orgnization_field_disable_in_update_form" time="21.315"/>
  <testcase classname="Device_TC_from_from_supervisor" name="Verify_to_check_clear_all_fields_and_click_on_submit_in_update_form" time="25.822"/>
  <testcase classname="Device_TC_from_from_supervisor" name="Verify_to_check_tipco_logo_is_visible_or_not_in_device_create_page" time="13.120"/>
  <testcase classname="Device_TC_from_from_supervisor" name="Verify_to_check_and_click_next_page_of_the_device_page" time="3.130"/>
  <testcase classname="Device_TC_from_from_supervisor" name="Verify_to_check_sr_number_column_of_the_device_in_device_page" time="13.648"/>
  <testcase classname="Device_TC_from_from_supervisor" name="Verify_to_check_and_click_prvious_pagebutton_of_the_device_page" time="13.323"/>
  <testcase classname="Device_TC_from_from_supervisor" name="Verify_to_check_devicwID_column_of_the_device_in_device_page" time="43.060"/>
  <testcase classname="Device_TC_from_from_supervisor" name="Verify_to_check_devicetype_column_of_the_device_in_device_page" time="13.182"/>
  <testcase classname="Device_TC_from_from_supervisor" name="Verify_to_check_Organization_Namecolumn_of_the_device_in_device_page" time="13.174"/>
  <testcase classname="Device_TC_from_from_supervisor" name="Verify_to_check_Action_column_of_the_device_in_device_page" time="13.200"/>
  <testcase classname="Device_TC_from_from_supervisor" name="Verify_to_check_selected_option_of_zone_in_update_form_is_visible" time="20.628"/>
  <testcase classname="Device_TC_from_from_supervisor" name="Verify_to_check_selected_option_of_devicetype_in_update_form_is_visible" time="21.020"/>
  <testcase classname="Device_TC_from_from_supervisor" name="Verify_to_check_selected_orgnization_should_not_change_in_update" time="20.884"/>
  <testcase classname="Device_TC_from_from_supervisor" name="Verify_to_check_click_on_any_intermediate_page_of_device_page" time="17.774"/>
  <testcase classname="Device_TC_from_from_supervisor" name="Verify_that_the_total_number_of_pages_is_displayed_correctly" time="19.881"/>
</testsuite> <!-- Device_TC_from_from_supervisor -->
