<?xml version="1.0" encoding="UTF-8"?>
<!-- Generated by org.testng.reporters.JUnitReportReporter -->
<testsuite hostname="DESKTOP-SPJ27N6" failures="0" tests="3" name="Test_Device" time="97.488" errors="0" timestamp="2024-09-19T17:02:04 IST" skipped="0">
  <testcase classname="Test_Device" name="Verify_to_create_Horizontalbead_mill_machine" time="50.909"/>
  <testcase classname="Test_Device" name="verify_to_create_twinsaftdisperser" time="17.782"/>
  <testcase classname="Test_Device" name="Verify_to_create_highspeed_disperser_machine" time="28.797"/>
</testsuite> <!-- Test_Device -->
