<?xml version="1.0" encoding="UTF-8"?>
<!-- Generated by org.testng.reporters.JUnitReportReporter -->
<testsuite hostname="DESKTOP-SPJ27N6" failures="0" tests="1" name="Test_Device" time="37.234" errors="0" timestamp="2024-09-24T18:34:00 IST" skipped="0">
  <testcase classname="Test_Device" name="Verify_to_check_the_Device_ID_with_special_characters" time="37.234"/>
</testsuite> <!-- Test_Device -->
