<?xml version="1.0" encoding="UTF-8"?>
<!-- Generated by org.testng.reporters.JUnitReportReporter -->
<testsuite hostname="DESKTOP-SPJ27N6" failures="0" tests="32" name="Test_Supervisor" time="718.532" errors="0" timestamp="2024-10-23T15:05:26 IST" skipped="0">
  <testcase classname="Test_Supervisor" name="verify_that_createSupervisor_with_invalid_email" time="23.846"/>
  <testcase classname="Test_Supervisor" name="Verify_that_the_full_name_field_does_not_accept_numeric_or_special_characters_accept_only_character" time="24.450"/>
  <testcase classname="Test_Supervisor" name="Verify_that_the_email_field_is_mandatory_and_displays_an_error_message_when_left_empty" time="24.550"/>
  <testcase classname="Test_Supervisor" name="Verify_that_the_full_name_field_is_mandatory_and_displays_an_error_message_when_left_empty" time="26.244"/>
  <testcase classname="Test_Supervisor" name="Verify_that_the_mobile_number_field_does_not_accept_alphabetic_or_special_characters" time="24.157"/>
  <testcase classname="Test_Supervisor" name="Verify_that_the_mobile_number_field_accepts_different_formats_based_on_the_selected_country_code" time="26.473"/>
  <testcase classname="Test_Supervisor" name="Verify_that_the_user_can_type_in_the_mobile_number_after_selecting_the_country_code" time="28.585"/>
  <testcase classname="Test_Supervisor" name="Verify_that_the_organization_name_can_be_selected_from_a_dropdown_menu" time="26.469"/>
  <testcase classname="Test_Supervisor" name="Verify_that_the_user_can_type_and_select_an_organization_name_if_it_is_not_listed_in_the_dropdown" time="20.059"/>
  <testcase classname="Test_Supervisor" name="Verify_that_an_error_message_is_displayed_if_the_save_button_is_clicked_when_mandatory_fields_are_not_filled" time="19.429"/>
  <testcase classname="Test_Supervisor" name="Verify_the_maximum_and_minimum_length_of_the_full_name" time="24.493"/>
  <testcase classname="Test_Supervisor" name="Verify_the_maximum_and_minimum_length_of_the_mobile_number_for_each_country_code" time="25.461"/>
  <testcase classname="Test_Supervisor" name="Enter_an_email_without_a_domain_and_verify_that_an_error_message_is_displayed" time="31.509"/>
  <testcase classname="Test_Supervisor" name="Verify_to_check_and_click_on_next_page_button_of_supervisor" time="18.912"/>
  <testcase classname="Test_Supervisor" name="check_to_update_supervisor_without_select_orgnization_name" time="24.186"/>
  <testcase classname="Test_Supervisor" name="check_and_update_superviaor_without_using_attherate" time="26.152"/>
  <testcase classname="Test_Supervisor" name="check_to_update_supervisor_without_enter_mandatory_field" time="22.046"/>
  <testcase classname="Test_Supervisor" name="Verify_to_update_supervisor_with_max_char_in_full_name_field" time="22.076"/>
  <testcase classname="Test_Supervisor" name="Verify_to_update_superviosr_with_invalid_number" time="22.193"/>
  <testcase classname="Test_Supervisor" name="Verify_to_check_createsupervisor_that_are_already_exist" time="28.024"/>
  <testcase classname="Test_Supervisor" name="Verify_to_check_sr_no_column_is_present_in_supervisor_page" time="16.791"/>
  <testcase classname="Test_Supervisor" name="Verify_to_check_supervisor_name_column_is_present_in_supervisor_page" time="16.795"/>
  <testcase classname="Test_Supervisor" name="Verify_to_check_Email_column_is_present_in_supervisor_page" time="16.745"/>
  <testcase classname="Test_Supervisor" name="Verify_to_check_mobile_number_column_is_present_in_supervisor_page" time="16.796"/>
  <testcase classname="Test_Supervisor" name="Verify_to_check_orgnizationname_column_is_present_in_supervisor_page" time="16.751"/>
  <testcase classname="Test_Supervisor" name="Verify_to_check_action_column_is_present_in_supervisor_page" time="16.826"/>
  <testcase classname="Test_Supervisor" name="Verify_to_check_click_on_previous_page_button_of_supervisor_page" time="16.891"/>
  <testcase classname="Test_Supervisor" name="Verify_that_to_select_orgnization_from_filter_and_see_supervisor" time="19.973"/>
  <testcase classname="Test_Supervisor" name="Verify_that_search_and_select_orgnization_from_filter_and_see_supervisor" time="23.035"/>
  <testcase classname="Test_Supervisor" name="Verify_that_search_the_orgnization_that_are_not_present_in_list_box_and_see_valid_error_message" time="20.106"/>
  <testcase classname="Test_Supervisor" name="Create_Supervisor_with_valid_email" time="28.984"/>
  <testcase classname="Test_Supervisor" name="Verify_that_click_on_tipco_Logo_from_supervisor_page_and_redirect_on_dashborad" time="19.525"/>
</testsuite> <!-- Test_Supervisor -->
