<?xml version="1.0" encoding="UTF-8"?>
<!-- Generated by org.testng.reporters.JUnitReportReporter -->
<testsuite hostname="DESKTOP-SPJ27N6" failures="0" tests="30" name="Device_update_TC" time="837.179" errors="0" timestamp="2024-11-25T11:49:48 IST" skipped="0">
  <testcase classname="Device_update_TC" name="verify_that_to_update_device_and_enter_min_length_of_device_ID" time="36.751"/>
  <testcase classname="Device_update_TC" name="verify_that_to_update_device_and_enter_max_length_of_device_ID" time="18.006"/>
  <testcase classname="Device_update_TC" name="verify_that_to_update_device_and_take_deviceId_field_blank" time="39.398"/>
  <testcase classname="Device_update_TC" name="verify_that_to_update_device_and_enter_temp1_below_the_range" time="30.889"/>
  <testcase classname="Device_update_TC" name="verify_that_to_update_device_and_enter_maxtemp1_above_the_range" time="30.228"/>
  <testcase classname="Device_update_TC" name="verify_that_to_update_device_and_enter_alphabet_in_maxtemp1_field" time="26.938"/>
  <testcase classname="Device_update_TC" name="verify_that_to_update_device_without_enter_temp1" time="24.740"/>
  <testcase classname="Device_update_TC" name="verify_that_to_update_device_with_enter_special_char_in_temp1_field" time="28.165"/>
  <testcase classname="Device_update_TC" name="verify_that_to_update_device_with_enter_maxtemp2_below_the_range" time="34.404"/>
  <testcase classname="Device_update_TC" name="verify_that_to_update_device_with_enter_maxtemp2_above_the_range" time="26.493"/>
  <testcase classname="Device_update_TC" name="verify_that_to_update_device_with_enter_alphabet_in_temp2_field" time="26.636"/>
  <testcase classname="Device_update_TC" name="verify_that_to_update_device_without_enter_temp2_field" time="26.479"/>
  <testcase classname="Device_update_TC" name="verify_that_to_update_device_with_enter_special_char_in_temp2_field" time="23.555"/>
  <testcase classname="Device_update_TC" name="verify_that_to_update_device_with_maxtemp3_below_the_range" time="24.412"/>
  <testcase classname="Device_update_TC" name="verify_that_to_update_device_with_maxtemp3_above_the_range" time="24.341"/>
  <testcase classname="Device_update_TC" name="verify_that_to_update_device_with_enter_alphabet_in_maxtemp3_field" time="27.458"/>
  <testcase classname="Device_update_TC" name="verify_that_to_update_device_without_enter_maxtemp3" time="27.392"/>
  <testcase classname="Device_update_TC" name="verify_that_to_update_device_maxtemp3_with_special_char" time="27.504"/>
  <testcase classname="Device_update_TC" name="verify_that_to_update_device_with_below_range_of_the_maxpresser" time="27.470"/>
  <testcase classname="Device_update_TC" name="verify_that_to_update_device_with_above_range_of_the_maxpresser" time="27.566"/>
  <testcase classname="Device_update_TC" name="verify_that_to_update_device_with_enter_alphabet_in_maxtpresser_field" time="27.320"/>
  <testcase classname="Device_update_TC" name="verify_that_to_update_device_with0ut_enter_maxtpresser_field" time="27.393"/>
  <testcase classname="Device_update_TC" name="verify_that_to_update_device_with_enter_specialchar_in_maxtpresser_field" time="27.666"/>
  <testcase classname="Device_update_TC" name="verify_that_to_update_device_with_below_range_of_the_vibration" time="48.671"/>
  <testcase classname="Device_update_TC" name="verify_that_to_update_device_with_above_range_of_the_vibration" time="27.484"/>
  <testcase classname="Device_update_TC" name="verify_that_to_update_device_with_enter_alphabet_in_maxvibration_field" time="27.651"/>
  <testcase classname="Device_update_TC" name="verify_that_to_update_device_without_enter_maxvibration_field" time="27.276"/>
  <testcase classname="Device_update_TC" name="verify_that_to_update_device_with_enter_specialchar_in_maxvibration_field" time="27.547"/>
  <testcase classname="Device_update_TC" name="verify_that_to_clickon_update_device_and_click_on_cross_button_of_the_popup" time="16.813"/>
  <testcase classname="Device_update_TC" name="verify_to_check_clickon_update_device_and_check_the_text_ofthe_page" time="20.533"/>
</testsuite> <!-- Device_update_TC -->
