<?xml version="1.0" encoding="UTF-8"?>
<!-- Generated by org.testng.reporters.JUnitReportReporter -->
<testsuite hostname="DESKTOP-SPJ27N6" failures="0" tests="16" name="Test_editprofile" time="578.760" errors="0" timestamp="2024-11-22T12:12:31 IST" skipped="0">
  <testcase classname="Test_editprofile" name="Verify_to_check_edit_full_namefield_and_enter_max_length_of_fullname" time="26.420"/>
  <testcase classname="Test_editprofile" name="Verify_to_check_edit_full_namefield_and_enterMinimum_length_of_fullname" time="39.075"/>
  <testcase classname="Test_editprofile" name="Verify_to_check_edit_full_namefield_and_enter_special_charIn_fullname" time="38.901"/>
  <testcase classname="Test_editprofile" name="Verify_to_check_edit_full_namefield_and_enter_numericvalue_fullname" time="38.592"/>
  <testcase classname="Test_editprofile" name="Verify_to_check_edit_profile_without_fullname_field" time="38.808"/>
  <testcase classname="Test_editprofile" name="Verify_to_check_edit_profile_with_invalid_email_formate" time="36.333"/>
  <testcase classname="Test_editprofile" name="Verify_to_check_edit_profile_without_using_at_the_ratein_name_field" time="36.196"/>
  <testcase classname="Test_editprofile" name="Verify_to_check_edit_profile_without_enter_email_field" time="36.629"/>
  <testcase classname="Test_editprofile" name="Verify_to_check_edit_profile_to_entermax_length_ofemail_field_more_than_50char" time="42.164"/>
  <testcase classname="Test_editprofile" name="Verify_to_check_edit_profile_to_enter_invalid_phoneNumber" time="36.772"/>
  <testcase classname="Test_editprofile" name="Verify_to_check_edit_profile_without_enter_phone_number" time="36.542"/>
  <testcase classname="Test_editprofile" name="Verify_to_get_text_of_edit_profile_page" time="33.488"/>
  <testcase classname="Test_editprofile" name="Verify_to_close_popup_to_click_on_cross_button_of_the_popup" time="38.500"/>
  <testcase classname="Test_editprofile" name="Verify_to_check_select_other_country_code_and_enter_invalid_phone" time="39.824"/>
  <testcase classname="Test_editprofile" name="Verify_toupdate_profile_with_all_valid_data" time="38.937"/>
  <testcase classname="Test_editprofile" name="Verify_to_check_edit_full_namefield_and_enter_valid_NAME" time="21.579"/>
</testsuite> <!-- Test_editprofile -->
