<?xml version="1.0" encoding="UTF-8"?>
<!-- Generated by org.testng.reporters.JUnitReportReporter -->
<testsuite hostname="DESKTOP-SPJ27N6" failures="0" tests="45" name="Dashboard_from_supervisor" time="7.095" errors="1" timestamp="2024-12-17T15:10:42 IST" skipped="44">
  <testcase classname="Dashboard_from_supervisor" name="initialisebrowser" time="7.095">
    <error message="no such window: target window already closed
from unknown error: web view not found
  (Session info: chrome=131.0.6778.140)
Build info: version: &#039;4.12.1&#039;, revision: &#039;8e34639b11&#039;
System info: os.name: &#039;Windows 11&#039;, os.arch: &#039;amd64&#039;, os.version: &#039;10.0&#039;, java.version: &#039;17.0.8.1&#039;
Driver info: org.openqa.selenium.chrome.ChromeDriver
Command: [aab4bd9798cc23f5ad9d412c4c169d14, findElement {using=xpath, value=//input[@name=&#039;email&#039;]}]
Capabilities {acceptInsecureCerts: false, browserName: chrome, browserVersion: 131.0.6778.140, chrome: {chromedriverVersion: 131.0.6778.108 (3b014839fbc..., userDataDir: C:\Users\EXTERN~1\AppData\L...}, fedcm:accounts: true, goog:chromeOptions: {debuggerAddress: localhost:55323}, networkConnectionEnabled: false, pageLoadStrategy: normal, platformName: windows, proxy: Proxy(), se:cdp: ws://localhost:55323/devtoo..., se:cdpVersion: 131.0.6778.140, setWindowRect: true, strictFileInteractability: false, timeouts: {implicit: 0, pageLoad: 300000, script: 30000}, unhandledPromptBehavior: dismiss and notify, webauthn:extension:credBlob: true, webauthn:extension:largeBlob: true, webauthn:extension:minPinLength: true, webauthn:extension:prf: true, webauthn:virtualAuthenticators: true}
Session ID: aab4bd9798cc23f5ad9d412c4c169d14" type="org.openqa.selenium.NoSuchWindowException">
      <![CDATA[org.openqa.selenium.NoSuchWindowException: no such window: target window already closed
from unknown error: web view not found
  (Session info: chrome=131.0.6778.140)
Build info: version: '4.12.1', revision: '8e34639b11'
System info: os.name: 'Windows 11', os.arch: 'amd64', os.version: '10.0', java.version: '17.0.8.1'
Driver info: org.openqa.selenium.chrome.ChromeDriver
Command: [aab4bd9798cc23f5ad9d412c4c169d14, findElement {using=xpath, value=//input[@name='email']}]
Capabilities {acceptInsecureCerts: false, browserName: chrome, browserVersion: 131.0.6778.140, chrome: {chromedriverVersion: 131.0.6778.108 (3b014839fbc..., userDataDir: C:\Users\EXTERN~1\AppData\L...}, fedcm:accounts: true, goog:chromeOptions: {debuggerAddress: localhost:55323}, networkConnectionEnabled: false, pageLoadStrategy: normal, platformName: windows, proxy: Proxy(), se:cdp: ws://localhost:55323/devtoo..., se:cdpVersion: 131.0.6778.140, setWindowRect: true, strictFileInteractability: false, timeouts: {implicit: 0, pageLoad: 300000, script: 30000}, unhandledPromptBehavior: dismiss and notify, webauthn:extension:credBlob: true, webauthn:extension:largeBlob: true, webauthn:extension:minPinLength: true, webauthn:extension:prf: true, webauthn:virtualAuthenticators: true}
Session ID: aab4bd9798cc23f5ad9d412c4c169d14
at java.base/jdk.internal.reflect.NativeConstructorAccessorImpl.newInstance0(Native Method)
at java.base/jdk.internal.reflect.NativeConstructorAccessorImpl.newInstance(NativeConstructorAccessorImpl.java:77)
at java.base/jdk.internal.reflect.DelegatingConstructorAccessorImpl.newInstance(DelegatingConstructorAccessorImpl.java:45)
at java.base/java.lang.reflect.Constructor.newInstanceWithCaller(Constructor.java:499)
at java.base/java.lang.reflect.Constructor.newInstance(Constructor.java:480)
at org.openqa.selenium.remote.codec.w3c.W3CHttpResponseCodec.createException(W3CHttpResponseCodec.java:200)
at org.openqa.selenium.remote.codec.w3c.W3CHttpResponseCodec.decode(W3CHttpResponseCodec.java:133)
at org.openqa.selenium.remote.codec.w3c.W3CHttpResponseCodec.decode(W3CHttpResponseCodec.java:52)
at org.openqa.selenium.remote.HttpCommandExecutor.execute(HttpCommandExecutor.java:191)
at org.openqa.selenium.remote.service.DriverCommandExecutor.invokeExecute(DriverCommandExecutor.java:196)
at org.openqa.selenium.remote.service.DriverCommandExecutor.execute(DriverCommandExecutor.java:171)
at org.openqa.selenium.remote.RemoteWebDriver.execute(RemoteWebDriver.java:602)
at org.openqa.selenium.remote.ElementLocation$ElementFinder$2.findElement(ElementLocation.java:165)
at org.openqa.selenium.remote.ElementLocation.findElement(ElementLocation.java:59)
at org.openqa.selenium.remote.RemoteWebDriver.findElement(RemoteWebDriver.java:359)
at org.openqa.selenium.remote.RemoteWebDriver.findElement(RemoteWebDriver.java:353)
at org.openqa.selenium.support.pagefactory.DefaultElementLocator.findElement(DefaultElementLocator.java:68)
at org.openqa.selenium.support.pagefactory.internal.LocatingElementHandler.invoke(LocatingElementHandler.java:38)
at jdk.proxy2/jdk.proxy2.$Proxy15.sendKeys(Unknown Source)
at Dashboard.Dashboard.entermail(Dashboard.java:24)
at Dashboard_from_supervisor.initialisebrowser(Dashboard_from_supervisor.java:26)
at java.base/jdk.internal.reflect.NativeMethodAccessorImpl.invoke0(Native Method)
at java.base/jdk.internal.reflect.NativeMethodAccessorImpl.invoke(NativeMethodAccessorImpl.java:77)
at java.base/jdk.internal.reflect.DelegatingMethodAccessorImpl.invoke(DelegatingMethodAccessorImpl.java:43)
at java.base/java.lang.reflect.Method.invoke(Method.java:568)
at org.testng.internal.invokers.MethodInvocationHelper.invokeMethod(MethodInvocationHelper.java:139)
at org.testng.internal.invokers.MethodInvocationHelper.invokeMethodConsideringTimeout(MethodInvocationHelper.java:69)
at org.testng.internal.invokers.ConfigInvoker.invokeConfigurationMethod(ConfigInvoker.java:390)
at org.testng.internal.invokers.ConfigInvoker.invokeConfigurations(ConfigInvoker.java:325)
at org.testng.internal.invokers.TestMethodWorker.invokeBeforeClassMethods(TestMethodWorker.java:180)
at org.testng.internal.invokers.TestMethodWorker.run(TestMethodWorker.java:122)
at java.base/java.util.ArrayList.forEach(ArrayList.java:1511)
at org.testng.TestRunner.privateRun(TestRunner.java:848)
at org.testng.TestRunner.run(TestRunner.java:621)
at org.testng.SuiteRunner.runTest(SuiteRunner.java:443)
at org.testng.SuiteRunner.runSequentially(SuiteRunner.java:437)
at org.testng.SuiteRunner.privateRun(SuiteRunner.java:397)
at org.testng.SuiteRunner.run(SuiteRunner.java:336)
at org.testng.SuiteRunnerWorker.runSuite(SuiteRunnerWorker.java:52)
at org.testng.SuiteRunnerWorker.run(SuiteRunnerWorker.java:95)
at org.testng.TestNG.runSuitesSequentially(TestNG.java:1280)
at org.testng.TestNG.runSuitesLocally(TestNG.java:1200)
at org.testng.TestNG.runSuites(TestNG.java:1114)
at org.testng.TestNG.run(TestNG.java:1082)
at org.testng.remote.AbstractRemoteTestNG.run(AbstractRemoteTestNG.java:115)
at org.testng.remote.RemoteTestNG.initAndRun(RemoteTestNG.java:251)
at org.testng.remote.RemoteTestNG.main(RemoteTestNG.java:77)
]]>
    </error>
  </testcase> <!-- initialisebrowser -->
  <testcase classname="Dashboard_from_supervisor" name="Verify_that_select_Horizontal_bead_mill_machine_and_check_product_pump_motor_on_off" time="0.000">
    <skipped/>
  </testcase> <!-- Verify_that_select_Horizontal_bead_mill_machine_and_check_product_pump_motor_on_off -->
  <testcase classname="Dashboard_from_supervisor" name="Verify_that_select_Horizontal_bead_mill_machine_and_check_product_pump_motor_RPM_is_displayed" time="0.000">
    <skipped/>
  </testcase> <!-- Verify_that_select_Horizontal_bead_mill_machine_and_check_product_pump_motor_RPM_is_displayed -->
  <testcase classname="Dashboard_from_supervisor" name="Verify_that_select_Horizontal_bead_mill_machine_and_check_product_pump_motor_Last_of_off_time_isDisplayed" time="0.000">
    <skipped/>
  </testcase> <!-- Verify_that_select_Horizontal_bead_mill_machine_and_check_product_pump_motor_Last_of_off_time_isDisplayed -->
  <testcase classname="Dashboard_from_supervisor" name="Verify_that_select_Horizontal_bead_mill_machine_and_check_product_pump_motor_Last_on_off_date_isDisplayed" time="0.000">
    <skipped/>
  </testcase> <!-- Verify_that_select_Horizontal_bead_mill_machine_and_check_product_pump_motor_Last_on_off_date_isDisplayed -->
  <testcase classname="Dashboard_from_supervisor" name="Verify_that_select_Horizontal_bead_mill_machine_and_check_milli_motor_on_off" time="0.000">
    <skipped/>
  </testcase> <!-- Verify_that_select_Horizontal_bead_mill_machine_and_check_milli_motor_on_off -->
  <testcase classname="Dashboard_from_supervisor" name="Verify_that_select_Horizontal_bead_mill_machine_and_check_milli_motor_RPM_is_displayed" time="0.000">
    <skipped/>
  </testcase> <!-- Verify_that_select_Horizontal_bead_mill_machine_and_check_milli_motor_RPM_is_displayed -->
  <testcase classname="Dashboard_from_supervisor" name="Verify_that_select_Horizontal_bead_mill_machine_and_check_Milli_motor_Last_on_off_time_isDisplayed" time="0.000">
    <skipped/>
  </testcase> <!-- Verify_that_select_Horizontal_bead_mill_machine_and_check_Milli_motor_Last_on_off_time_isDisplayed -->
  <testcase classname="Dashboard_from_supervisor" name="Verify_that_select_Horizontal_bead_mill_machine_and_check_milli_motor_Last_on_off_date_isDisplayed" time="0.000">
    <skipped/>
  </testcase> <!-- Verify_that_select_Horizontal_bead_mill_machine_and_check_milli_motor_Last_on_off_date_isDisplayed -->
  <testcase classname="Dashboard_from_supervisor" name="Verify_that_select_Horizontal_bead_mill_machine_and_check_coolant_motor_on_off" time="0.000">
    <skipped/>
  </testcase> <!-- Verify_that_select_Horizontal_bead_mill_machine_and_check_coolant_motor_on_off -->
  <testcase classname="Dashboard_from_supervisor" name="Verify_that_select_Horizontal_bead_mill_machine_and_check_coolant_motor_Last_on_off_time_isDisplayed" time="0.000">
    <skipped/>
  </testcase> <!-- Verify_that_select_Horizontal_bead_mill_machine_and_check_coolant_motor_Last_on_off_time_isDisplayed -->
  <testcase classname="Dashboard_from_supervisor" name="Verify_that_select_Horizontal_bead_mill_machine_and_check_coolant_motor_Last_on_off_date_isDisplayed" time="0.000">
    <skipped/>
  </testcase> <!-- Verify_that_select_Horizontal_bead_mill_machine_and_check_coolant_motor_Last_on_off_date_isDisplayed -->
  <testcase classname="Dashboard_from_supervisor" name="Verify_that_select_Horizontal_bead_mill_machine_and_check_horizontal_bead_mill_machine_isDisplayed" time="0.000">
    <skipped/>
  </testcase> <!-- Verify_that_select_Horizontal_bead_mill_machine_and_check_horizontal_bead_mill_machine_isDisplayed -->
  <testcase classname="Dashboard_from_supervisor" name="Verify_that_select_Horizontal_bead_mill_machine_and_check_temperature_isDisplayed" time="0.000">
    <skipped/>
  </testcase> <!-- Verify_that_select_Horizontal_bead_mill_machine_and_check_temperature_isDisplayed -->
  <testcase classname="Dashboard_from_supervisor" name="Verify_that_select_Horizontal_bead_mill_machine_and_check_pressure_isDisplayed" time="0.000">
    <skipped/>
  </testcase> <!-- Verify_that_select_Horizontal_bead_mill_machine_and_check_pressure_isDisplayed -->
  <testcase classname="Dashboard_from_supervisor" name="Verify_that_select_Horizontal_bead_mill_machine_and_check_vibration_isDisplayed" time="0.000">
    <skipped/>
  </testcase> <!-- Verify_that_select_Horizontal_bead_mill_machine_and_check_vibration_isDisplayed -->
  <testcase classname="Dashboard_from_supervisor" name="Verify_that_select_Horizontal_bead_mill_machine_and_check_weight_isDisplayed" time="0.000">
    <skipped/>
  </testcase> <!-- Verify_that_select_Horizontal_bead_mill_machine_and_check_weight_isDisplayed -->
  <testcase classname="Dashboard_from_supervisor" name="Verify_that_select_twin_saft_disperser_machine_and_check_main_motor_on_off" time="0.000">
    <skipped/>
  </testcase> <!-- Verify_that_select_twin_saft_disperser_machine_and_check_main_motor_on_off -->
  <testcase classname="Dashboard_from_supervisor" name="Verify_that_select_twin_shaftdisperser_machine_and_check_main_motor_motor_RPM_is_displayed" time="0.000">
    <skipped/>
  </testcase> <!-- Verify_that_select_twin_shaftdisperser_machine_and_check_main_motor_motor_RPM_is_displayed -->
  <testcase classname="Dashboard_from_supervisor" name="Verify_that_select_twin_shaftdisperser_machine_and_check_main_motor_motor_Last_on_off_time_is_displayed" time="0.000">
    <skipped/>
  </testcase> <!-- Verify_that_select_twin_shaftdisperser_machine_and_check_main_motor_motor_Last_on_off_time_is_displayed -->
  <testcase classname="Dashboard_from_supervisor" name="Verify_that_select_twin_shaftdisperser_machine_and_check_main_motor_motor_Last_on_off_date_is_displayed" time="0.000">
    <skipped/>
  </testcase> <!-- Verify_that_select_twin_shaftdisperser_machine_and_check_main_motor_motor_Last_on_off_date_is_displayed -->
  <testcase classname="Dashboard_from_supervisor" name="Verify_that_select_twin_shaftdisperser_machine_and_check_scrapper_motor_on_off_is_displayed" time="0.000">
    <skipped/>
  </testcase> <!-- Verify_that_select_twin_shaftdisperser_machine_and_check_scrapper_motor_on_off_is_displayed -->
  <testcase classname="Dashboard_from_supervisor" name="Verify_that_select_twin_shaftdisperser_machine_and_check_scrapper_motor_RPM_is_displayed" time="0.000">
    <skipped/>
  </testcase> <!-- Verify_that_select_twin_shaftdisperser_machine_and_check_scrapper_motor_RPM_is_displayed -->
  <testcase classname="Dashboard_from_supervisor" name="Verify_that_select_twin_shaftdisperser_machine_and_check_scrapper_motor_last_on_off_time_is_displayed" time="0.000">
    <skipped/>
  </testcase> <!-- Verify_that_select_twin_shaftdisperser_machine_and_check_scrapper_motor_last_on_off_time_is_displayed -->
  <testcase classname="Dashboard_from_supervisor" name="Verify_that_select_twin_shaftdisperser_machine_and_check_scrapper_motor_last_on_off_date_is_displayed" time="0.000">
    <skipped/>
  </testcase> <!-- Verify_that_select_twin_shaftdisperser_machine_and_check_scrapper_motor_last_on_off_date_is_displayed -->
  <testcase classname="Dashboard_from_supervisor" name="Verify_that_select_twin_shaftdisperser_machine_and_check_hydraulic_motor__on_off_is_displayed" time="0.000">
    <skipped/>
  </testcase> <!-- Verify_that_select_twin_shaftdisperser_machine_and_check_hydraulic_motor__on_off_is_displayed -->
  <testcase classname="Dashboard_from_supervisor" name="Verify_that_select_twin_shaftdisperser_machine_and_check_hydraulic_motor_Last_on_off__time_is_displayed" time="0.000">
    <skipped/>
  </testcase> <!-- Verify_that_select_twin_shaftdisperser_machine_and_check_hydraulic_motor_Last_on_off__time_is_displayed -->
  <testcase classname="Dashboard_from_supervisor" name="Verify_that_select_twin_shaftdisperser_machine_and_check_hydraulic_motor_Last_on_off_date_is_displayed" time="0.000">
    <skipped/>
  </testcase> <!-- Verify_that_select_twin_shaftdisperser_machine_and_check_hydraulic_motor_Last_on_off_date_is_displayed -->
  <testcase classname="Dashboard_from_supervisor" name="Verify_that_select_twin_shaftdisperser_machine_and_check_twin_shaft_disperser_machine_text_is_displayed" time="0.000">
    <skipped/>
  </testcase> <!-- Verify_that_select_twin_shaftdisperser_machine_and_check_twin_shaft_disperser_machine_text_is_displayed -->
  <testcase classname="Dashboard_from_supervisor" name="Verify_that_select_twin_shaftdisperser_machine_and_check_temperature1_is_displayed" time="0.000">
    <skipped/>
  </testcase> <!-- Verify_that_select_twin_shaftdisperser_machine_and_check_temperature1_is_displayed -->
  <testcase classname="Dashboard_from_supervisor" name="Verify_that_select_twin_shaftdisperser_machine_and_check_temperature2_is_displayed" time="0.000">
    <skipped/>
  </testcase> <!-- Verify_that_select_twin_shaftdisperser_machine_and_check_temperature2_is_displayed -->
  <testcase classname="Dashboard_from_supervisor" name="Verify_that_select_twin_shaftdisperser_machine_and_check_temperature3_is_displayed" time="0.000">
    <skipped/>
  </testcase> <!-- Verify_that_select_twin_shaftdisperser_machine_and_check_temperature3_is_displayed -->
  <testcase classname="Dashboard_from_supervisor" name="Verify_that_select_twin_shaftdisperser_machine_and_check_vibration_is_displayed" time="0.000">
    <skipped/>
  </testcase> <!-- Verify_that_select_twin_shaftdisperser_machine_and_check_vibration_is_displayed -->
  <testcase classname="Dashboard_from_supervisor" name="Verify_that_select_twin_shaftdisperser_machine_and_check_weight_is_displayed" time="0.000">
    <skipped/>
  </testcase> <!-- Verify_that_select_twin_shaftdisperser_machine_and_check_weight_is_displayed -->
  <testcase classname="Dashboard_from_supervisor" name="Verify_that_select_high_speed_disperser_machine_and_check_main_motor_on_off" time="0.000">
    <skipped/>
  </testcase> <!-- Verify_that_select_high_speed_disperser_machine_and_check_main_motor_on_off -->
  <testcase classname="Dashboard_from_supervisor" name="Verify_that_select_high_speed_disperser_machine_and_check_the_main_motor_RPM_is_displayed" time="0.000">
    <skipped/>
  </testcase> <!-- Verify_that_select_high_speed_disperser_machine_and_check_the_main_motor_RPM_is_displayed -->
  <testcase classname="Dashboard_from_supervisor" name="Verify_that_select_high_speed_disperser_machine_and_check_main_motor_Last_on_off_time" time="0.000">
    <skipped/>
  </testcase> <!-- Verify_that_select_high_speed_disperser_machine_and_check_main_motor_Last_on_off_time -->
  <testcase classname="Dashboard_from_supervisor" name="Verify_that_select_high_speed_disperser_machine_and_check_main_motor_Last_on_off_date" time="0.000">
    <skipped/>
  </testcase> <!-- Verify_that_select_high_speed_disperser_machine_and_check_main_motor_Last_on_off_date -->
  <testcase classname="Dashboard_from_supervisor" name="Verify_that_select_high_speed_disperser_machine_and_check_hydraulic_motor_on_off" time="0.000">
    <skipped/>
  </testcase> <!-- Verify_that_select_high_speed_disperser_machine_and_check_hydraulic_motor_on_off -->
  <testcase classname="Dashboard_from_supervisor" name="Verify_that_select_high_speed_disperser_machine_and_check_hydraulic_motor_last_on_off_time" time="0.000">
    <skipped/>
  </testcase> <!-- Verify_that_select_high_speed_disperser_machine_and_check_hydraulic_motor_last_on_off_time -->
  <testcase classname="Dashboard_from_supervisor" name="Verify_that_select_high_speed_disperser_machine_and_check_hydraulic_motor_last_on_off_date" time="0.000">
    <skipped/>
  </testcase> <!-- Verify_that_select_high_speed_disperser_machine_and_check_hydraulic_motor_last_on_off_date -->
  <testcase classname="Dashboard_from_supervisor" name="Verify_that_select_high_speed_disperser_machine_and_check_the_text_of_high_speed_disperser_is_visible" time="0.000">
    <skipped/>
  </testcase> <!-- Verify_that_select_high_speed_disperser_machine_and_check_the_text_of_high_speed_disperser_is_visible -->
  <testcase classname="Dashboard_from_supervisor" name="Verify_that_select_high_speed_disperser_machine_and_check_the_temperature_is_visible" time="0.000">
    <skipped/>
  </testcase> <!-- Verify_that_select_high_speed_disperser_machine_and_check_the_temperature_is_visible -->
  <testcase classname="Dashboard_from_supervisor" name="Verify_that_select_high_speed_disperser_machine_and_check_the_vibration_is_visible" time="0.000">
    <skipped/>
  </testcase> <!-- Verify_that_select_high_speed_disperser_machine_and_check_the_vibration_is_visible -->
  <testcase classname="Dashboard_from_supervisor" name="Verify_that_select_high_speed_disperser_machine_and_check_the_weight_is_visible" time="0.000">
    <skipped/>
  </testcase> <!-- Verify_that_select_high_speed_disperser_machine_and_check_the_weight_is_visible -->
</testsuite> <!-- Dashboard_from_supervisor -->
