<?xml version="1.0" encoding="UTF-8"?>
<!-- Generated by org.testng.reporters.JUnitReportReporter -->
<testsuite hostname="DESKTOP-SPJ27N6" failures="0" tests="16" name="Test_editprofile" time="553.513" errors="0" timestamp="2024-10-24T15:45:37 IST" skipped="0">
  <testcase classname="Test_editprofile" name="Verify_to_check_edit_full_namefield_and_enter_max_length_of_fullname" time="26.505"/>
  <testcase classname="Test_editprofile" name="Verify_to_check_edit_full_namefield_and_enterMinimum_length_of_fullname" time="38.553"/>
  <testcase classname="Test_editprofile" name="Verify_to_check_edit_full_namefield_and_enter_special_charIn_fullname" time="38.323"/>
  <testcase classname="Test_editprofile" name="Verify_to_check_edit_full_namefield_and_enter_numericvalue_fullname" time="38.921"/>
  <testcase classname="Test_editprofile" name="Verify_to_check_edit_profile_without_fullname_field" time="38.547"/>
  <testcase classname="Test_editprofile" name="Verify_to_check_edit_profile_with_invalid_email_formate" time="36.247"/>
  <testcase classname="Test_editprofile" name="Verify_to_check_edit_profile_without_using_at_the_ratein_name_field" time="36.358"/>
  <testcase classname="Test_editprofile" name="Verify_to_check_edit_profile_without_enter_email_field" time="36.365"/>
  <testcase classname="Test_editprofile" name="Verify_to_check_edit_profile_to_entermax_length_ofemail_field_more_than_50char" time="37.407"/>
  <testcase classname="Test_editprofile" name="Verify_to_check_edit_profile_to_enter_invalid_phoneNumber" time="36.282"/>
  <testcase classname="Test_editprofile" name="Verify_to_check_edit_profile_without_enter_phone_number" time="36.329"/>
  <testcase classname="Test_editprofile" name="Verify_to_get_text_of_edit_profile_page" time="33.073"/>
  <testcase classname="Test_editprofile" name="Verify_to_close_popup_to_click_on_cross_button_of_the_popup" time="33.623"/>
  <testcase classname="Test_editprofile" name="Verify_to_check_select_other_country_code_and_enter_invalid_phone" time="39.420"/>
  <testcase classname="Test_editprofile" name="Verify_toupdate_profile_with_all_valid_data" time="34.018"/>
  <testcase classname="Test_editprofile" name="Verify_to_check_edit_full_namefield_and_enter_valid_NAME" time="13.542"/>
</testsuite> <!-- Test_editprofile -->
