<?xml version="1.0" encoding="UTF-8"?>
<!-- Generated by org.testng.reporters.JUnitReportReporter -->
<testsuite hostname="DESKTOP-SPJ27N6" failures="1" tests="26" name="Test_Supervisor_from_supervisor" time="639.265" errors="0" timestamp="2024-11-22T11:16:57 IST" skipped="0">
  <testcase classname="Test_Supervisor_from_supervisor" name="verify_that_createSupervisor_with_invalid_email" time="30.321"/>
  <testcase classname="Test_Supervisor_from_supervisor" name="Verify_that_the_full_name_field_does_not_accept_numeric_or_special_characters_accept_only_character" time="20.224"/>
  <testcase classname="Test_Supervisor_from_supervisor" name="Verify_that_the_email_field_is_mandatory_and_displays_an_error_message_when_left_empty" time="20.042"/>
  <testcase classname="Test_Supervisor_from_supervisor" name="Verify_that_the_full_name_field_is_mandatory_and_displays_an_error_message_when_left_empty" time="20.038"/>
  <testcase classname="Test_Supervisor_from_supervisor" name="Verify_that_the_mobile_number_field_does_not_accept_alphabetic_or_special_characters" time="20.084"/>
  <testcase classname="Test_Supervisor_from_supervisor" name="Verify_that_the_mobile_number_field_accepts_different_formats_based_on_the_selected_country_code" time="22.364"/>
  <testcase classname="Test_Supervisor_from_supervisor" name="Verify_that_the_user_can_type_in_the_mobile_number_after_selecting_the_country_code" time="24.232"/>
  <testcase classname="Test_Supervisor_from_supervisor" name="Verify_that_the_organization_name_field_is_disabled_from_supervisorside" time="20.046"/>
  <testcase classname="Test_Supervisor_from_supervisor" name="Verify_that_an_error_message_is_displayed_if_the_save_button_is_clicked_when_mandatory_fields_are_not_filled" time="19.398"/>
  <testcase classname="Test_Supervisor_from_supervisor" name="Verify_the_maximum_and_minimum_length_of_the_full_name" time="20.292"/>
  <testcase classname="Test_Supervisor_from_supervisor" name="Verify_the_maximum_and_minimum_length_of_the_mobile_number_for_each_country_code" time="23.093"/>
  <testcase classname="Test_Supervisor_from_supervisor" name="Enter_an_email_without_a_domain_and_verify_that_an_error_message_is_displayed" time="25.204"/>
  <testcase classname="Test_Supervisor_from_supervisor" name="Verify_to_check_and_click_on_next_page_button_of_supervisor" time="18.824"/>
  <testcase classname="Test_Supervisor_from_supervisor" name="check_to_update_supervisor_without_select_orgnization_name" time="21.957"/>
  <testcase classname="Test_Supervisor_from_supervisor" name="check_and_update_superviaor_without_using_attherate" time="26.142"/>
  <testcase classname="Test_Supervisor_from_supervisor" name="check_to_update_supervisor_without_enter_mandatory_field" time="42.063"/>
  <testcase classname="Test_Supervisor_from_supervisor" name="Verify_to_update_supervisor_with_max_char_in_full_name_field" time="40.850"/>
  <testcase classname="Test_Supervisor_from_supervisor" name="Verify_to_update_superviosr_with_invalid_number" time="22.142"/>
  <testcase classname="Test_Supervisor_from_supervisor" name="Verify_to_check_createsupervisor_that_are_already_exist" time="32.619"/>
  <testcase classname="Test_Supervisor_from_supervisor" name="Verify_to_check_sr_no_column_is_present_in_supervisor_page" time="16.771"/>
  <testcase classname="Test_Supervisor_from_supervisor" name="Verify_to_check_supervisor_name_column_is_present_in_supervisor_page" time="16.776"/>
  <testcase classname="Test_Supervisor_from_supervisor" name="Verify_to_check_Email_column_is_present_in_supervisor_page" time="16.812"/>
  <testcase classname="Test_Supervisor_from_supervisor" name="Verify_to_check_mobile_number_column_is_present_in_supervisor_page" time="36.103"/>
  <testcase classname="Test_Supervisor_from_supervisor" name="Verify_to_check_orgnizationname_column_is_present_in_supervisor_page" time="16.812"/>
  <testcase classname="Test_Supervisor_from_supervisor" name="Verify_to_check_action_column_is_present_in_supervisor_page" time="16.917"/>
  <testcase classname="Test_Supervisor_from_supervisor" name="Create_Supervisor_with_valid_email" time="49.139">
    <failure message="The following asserts failed:
	Exception  Expected condition failed: waiting for visibility of element located by By.xpath: //div[text()=&#039;Successfully Registered&#039;] (tried for 25 second(s) with 500 milliseconds interval)
Build info: version: &#039;4.12.1&#039;, revision: &#039;8e34639b11&#039;
System info: os.name: &#039;Windows 11&#039;, os.arch: &#039;amd64&#039;, os.version: &#039;10.0&#039;, java.version: &#039;17.0.8.1&#039;
Driver info: org.openqa.selenium.chrome.ChromeDriver
Capabilities {acceptInsecureCerts: false, browserName: chrome, browserVersion: 131.0.6778.86, chrome: {chromedriverVersion: 131.0.6778.85 (3d81e41b6f3a..., userDataDir: C:\Users\EXTERN~1\AppData\L...}, fedcm:accounts: true, goog:chromeOptions: {debuggerAddress: localhost:52910}, networkConnectionEnabled: false, pageLoadStrategy: normal, platformName: windows, proxy: Proxy(), se:cdp: ws://localhost:52910/devtoo..., se:cdpVersion: 131.0.6778.86, setWindowRect: true, strictFileInteractability: false, timeouts: {implicit: 0, pageLoad: 300000, script: 30000}, unhandledPromptBehavior: dismiss and notify, webauthn:extension:credBlob: true, webauthn:extension:largeBlob: true, webauthn:extension:minPinLength: true, webauthn:extension:prf: true, webauthn:virtualAuthenticators: true}
Session ID: 01a52585f401d66e361f8639ef86330f" type="java.lang.AssertionError">
      <![CDATA[java.lang.AssertionError: The following asserts failed:
Exception  Expected condition failed: waiting for visibility of element located by By.xpath: //div[text()='Successfully Registered'] (tried for 25 second(s) with 500 milliseconds interval)
Build info: version: '4.12.1', revision: '8e34639b11'
System info: os.name: 'Windows 11', os.arch: 'amd64', os.version: '10.0', java.version: '17.0.8.1'
Driver info: org.openqa.selenium.chrome.ChromeDriver
Capabilities {acceptInsecureCerts: false, browserName: chrome, browserVersion: 131.0.6778.86, chrome: {chromedriverVersion: 131.0.6778.85 (3d81e41b6f3a..., userDataDir: C:\Users\EXTERN~1\AppData\L...}, fedcm:accounts: true, goog:chromeOptions: {debuggerAddress: localhost:52910}, networkConnectionEnabled: false, pageLoadStrategy: normal, platformName: windows, proxy: Proxy(), se:cdp: ws://localhost:52910/devtoo..., se:cdpVersion: 131.0.6778.86, setWindowRect: true, strictFileInteractability: false, timeouts: {implicit: 0, pageLoad: 300000, script: 30000}, unhandledPromptBehavior: dismiss and notify, webauthn:extension:credBlob: true, webauthn:extension:largeBlob: true, webauthn:extension:minPinLength: true, webauthn:extension:prf: true, webauthn:virtualAuthenticators: true}
Session ID: 01a52585f401d66e361f8639ef86330f
at org.testng.asserts.SoftAssert.assertAll(SoftAssert.java:46)
at org.testng.asserts.SoftAssert.assertAll(SoftAssert.java:30)
at Test_Supervisor_from_supervisor.Create_Supervisor_with_valid_email(Test_Supervisor_from_supervisor.java:72)
at java.base/jdk.internal.reflect.NativeMethodAccessorImpl.invoke0(Native Method)
at java.base/jdk.internal.reflect.NativeMethodAccessorImpl.invoke(NativeMethodAccessorImpl.java:77)
at java.base/jdk.internal.reflect.DelegatingMethodAccessorImpl.invoke(DelegatingMethodAccessorImpl.java:43)
at java.base/java.lang.reflect.Method.invoke(Method.java:568)
at org.testng.internal.invokers.MethodInvocationHelper.invokeMethod(MethodInvocationHelper.java:139)
at org.testng.internal.invokers.TestInvoker.invokeMethod(TestInvoker.java:664)
at org.testng.internal.invokers.TestInvoker.invokeTestMethod(TestInvoker.java:227)
at org.testng.internal.invokers.MethodRunner.runInSequence(MethodRunner.java:50)
at org.testng.internal.invokers.TestInvoker$MethodInvocationAgent.invoke(TestInvoker.java:957)
at org.testng.internal.invokers.TestInvoker.invokeTestMethods(TestInvoker.java:200)
at org.testng.internal.invokers.TestMethodWorker.invokeTestMethods(TestMethodWorker.java:148)
at org.testng.internal.invokers.TestMethodWorker.run(TestMethodWorker.java:128)
at java.base/java.util.ArrayList.forEach(ArrayList.java:1511)
at org.testng.TestRunner.privateRun(TestRunner.java:848)
at org.testng.TestRunner.run(TestRunner.java:621)
at org.testng.SuiteRunner.runTest(SuiteRunner.java:443)
at org.testng.SuiteRunner.runSequentially(SuiteRunner.java:437)
at org.testng.SuiteRunner.privateRun(SuiteRunner.java:397)
at org.testng.SuiteRunner.run(SuiteRunner.java:336)
at org.testng.SuiteRunnerWorker.runSuite(SuiteRunnerWorker.java:52)
at org.testng.SuiteRunnerWorker.run(SuiteRunnerWorker.java:95)
at org.testng.TestNG.runSuitesSequentially(TestNG.java:1280)
at org.testng.TestNG.runSuitesLocally(TestNG.java:1200)
at org.testng.TestNG.runSuites(TestNG.java:1114)
at org.testng.TestNG.run(TestNG.java:1082)
at org.testng.remote.AbstractRemoteTestNG.run(AbstractRemoteTestNG.java:115)
at org.testng.remote.RemoteTestNG.initAndRun(RemoteTestNG.java:251)
at org.testng.remote.RemoteTestNG.main(RemoteTestNG.java:77)
]]>
    </failure>
  </testcase> <!-- Create_Supervisor_with_valid_email -->
</testsuite> <!-- Test_Supervisor_from_supervisor -->
