<?xml version="1.0" encoding="UTF-8"?>
<!-- Generated by org.testng.reporters.JUnitReportReporter -->
<testsuite hostname="DESKTOP-SPJ27N6" failures="0" tests="1" name="Test_dashboard" time="64.719" errors="0" timestamp="2024-09-20T14:12:28 IST" skipped="0">
  <testcase classname="Test_dashboard" name="Verify_that_select_orgnization_device_and_check_data_according_select_date" time="64.719"/>
</testsuite> <!-- Test_dashboard -->
