<?xml version="1.0" encoding="UTF-8"?>
<!-- Generated by org.testng.reporters.JUnitReportReporter -->
<testsuite hostname="DESKTOP-SPJ27N6" failures="0" tests="26" name="Test_Supervisor_from_supervisor" time="552.382" errors="0" timestamp="2024-11-25T14:51:37 IST" skipped="0">
  <testcase classname="Test_Supervisor_from_supervisor" name="verify_that_createSupervisor_with_invalid_email" time="30.750"/>
  <testcase classname="Test_Supervisor_from_supervisor" name="Verify_that_the_full_name_field_does_not_accept_numeric_or_special_characters_accept_only_character" time="20.397"/>
  <testcase classname="Test_Supervisor_from_supervisor" name="Verify_that_the_email_field_is_mandatory_and_displays_an_error_message_when_left_empty" time="20.153"/>
  <testcase classname="Test_Supervisor_from_supervisor" name="Verify_that_the_full_name_field_is_mandatory_and_displays_an_error_message_when_left_empty" time="20.098"/>
  <testcase classname="Test_Supervisor_from_supervisor" name="Verify_that_the_mobile_number_field_does_not_accept_alphabetic_or_special_characters" time="20.124"/>
  <testcase classname="Test_Supervisor_from_supervisor" name="Verify_that_the_mobile_number_field_accepts_different_formats_based_on_the_selected_country_code" time="22.156"/>
  <testcase classname="Test_Supervisor_from_supervisor" name="Verify_that_the_user_can_type_in_the_mobile_number_after_selecting_the_country_code" time="24.540"/>
  <testcase classname="Test_Supervisor_from_supervisor" name="Verify_that_the_organization_name_field_is_disabled_from_supervisorside" time="20.065"/>
  <testcase classname="Test_Supervisor_from_supervisor" name="Verify_that_an_error_message_is_displayed_if_the_save_button_is_clicked_when_mandatory_fields_are_not_filled" time="19.437"/>
  <testcase classname="Test_Supervisor_from_supervisor" name="Verify_the_maximum_and_minimum_length_of_the_full_name" time="20.450"/>
  <testcase classname="Test_Supervisor_from_supervisor" name="Verify_the_maximum_and_minimum_length_of_the_mobile_number_for_each_country_code" time="23.134"/>
  <testcase classname="Test_Supervisor_from_supervisor" name="Enter_an_email_without_a_domain_and_verify_that_an_error_message_is_displayed" time="25.262"/>
  <testcase classname="Test_Supervisor_from_supervisor" name="Verify_to_check_and_click_on_next_page_button_of_supervisor" time="18.961"/>
  <testcase classname="Test_Supervisor_from_supervisor" name="check_to_update_supervisor_without_select_orgnization_name" time="22.109"/>
  <testcase classname="Test_Supervisor_from_supervisor" name="check_and_update_superviaor_without_using_attherate" time="26.279"/>
  <testcase classname="Test_Supervisor_from_supervisor" name="check_to_update_supervisor_without_enter_mandatory_field" time="22.053"/>
  <testcase classname="Test_Supervisor_from_supervisor" name="Verify_to_update_supervisor_with_max_char_in_full_name_field" time="22.095"/>
  <testcase classname="Test_Supervisor_from_supervisor" name="Verify_to_update_superviosr_with_invalid_number" time="22.237"/>
  <testcase classname="Test_Supervisor_from_supervisor" name="Verify_to_check_createsupervisor_that_are_already_exist" time="25.984"/>
  <testcase classname="Test_Supervisor_from_supervisor" name="Verify_to_check_sr_no_column_is_present_in_supervisor_page" time="16.824"/>
  <testcase classname="Test_Supervisor_from_supervisor" name="Verify_to_check_supervisor_name_column_is_present_in_supervisor_page" time="16.834"/>
  <testcase classname="Test_Supervisor_from_supervisor" name="Verify_to_check_Email_column_is_present_in_supervisor_page" time="16.776"/>
  <testcase classname="Test_Supervisor_from_supervisor" name="Verify_to_check_mobile_number_column_is_present_in_supervisor_page" time="16.809"/>
  <testcase classname="Test_Supervisor_from_supervisor" name="Verify_to_check_orgnizationname_column_is_present_in_supervisor_page" time="16.834"/>
  <testcase classname="Test_Supervisor_from_supervisor" name="Verify_to_check_action_column_is_present_in_supervisor_page" time="16.815"/>
  <testcase classname="Test_Supervisor_from_supervisor" name="Create_Supervisor_with_valid_email" time="25.206"/>
</testsuite> <!-- Test_Supervisor_from_supervisor -->
