<?xml version="1.0" encoding="UTF-8"?>
<!-- Generated by org.testng.reporters.JUnitReportReporter -->
<testsuite hostname="DESKTOP-SPJ27N6" failures="0" tests="26" name="Test_Orgnization2" time="675.556" errors="0" timestamp="2024-12-17T12:10:53 IST" skipped="0">
  <testcase classname="Test_Orgnization2" name="Ensure_that_the_organization_update_fails_with_enter_max_length_of_GSTnumberfield" time="39.294"/>
  <testcase classname="Test_Orgnization2" name="Ensure_that_the_organization_update_fails_with_max_length_of_address_fields" time="31.032"/>
  <testcase classname="Test_Orgnization2" name="Ensure_that_the_organization_update_fails_without_address_fields" time="22.393"/>
  <testcase classname="Test_Orgnization2" name="Ensure_that_the_organization_update_fails_with_max_length_Of_city" time="22.374"/>
  <testcase classname="Test_Orgnization2" name="Ensure_that_the_organization_update_fails_without_enter_city" time="22.173"/>
  <testcase classname="Test_Orgnization2" name="Ensure_that_the_organization_update_fails_with_minimum_length_of_pincode" time="22.564"/>
  <testcase classname="Test_Orgnization2" name="Ensure_that_the_organization_update_fails_with_maximum_length_of_pincode" time="22.403"/>
  <testcase classname="Test_Orgnization2" name="Ensure_that_the_organization_update_fails_without_enter_pincode" time="26.115"/>
  <testcase classname="Test_Orgnization2" name="Ensure_that_the_organization_update_fails_with_max_length_of_state" time="22.212"/>
  <testcase classname="Test_Orgnization2" name="Ensure_that_the_organization_update_fails_with_using_undercurse_and_at_the_rate_in_state" time="22.094"/>
  <testcase classname="Test_Orgnization2" name="Ensure_that_the_organization_update_fails_withOut_enter_state" time="22.075"/>
  <testcase classname="Test_Orgnization2" name="Ensure_that_the_organization_update_fails_withOut_selecting_refresh_rate" time="43.036"/>
  <testcase classname="Test_Orgnization2" name="Verify_that_an_updateorganization_with_a_name_that_already_exists" time="41.507"/>
  <testcase classname="Test_Orgnization2" name="Verify_that_an_updateorganization_with_a_numeric_city" time="31.153"/>
  <testcase classname="Test_Orgnization2" name="Verify_that_an_updateorganization_without__city" time="22.087"/>
  <testcase classname="Test_Orgnization2" name="Verify_that_an_editorgnizationtext_in_update_orgnization_page" time="16.921"/>
  <testcase classname="Test_Orgnization2" name="Verify_that_an_editorgnization_page_and_click_on_cross_button" time="25.265"/>
  <testcase classname="Test_Orgnization2" name="Verify_that_orgnization_text_present_in_orgnizationpage" time="27.905"/>
  <testcase classname="Test_Orgnization2" name="Verify_that_update_orgnization_with_duplicate_GST_number" time="57.563"/>
  <testcase classname="Test_Orgnization2" name="Verify_that_to_check_sr_no_column_is_present_in_orgniozation_create_page" time="16.800"/>
  <testcase classname="Test_Orgnization2" name="Verify_that_to_check_orgnization_name_column_is_present_in_orgniozation_create_page" time="26.090"/>
  <testcase classname="Test_Orgnization2" name="Verify_that_to_check_city_columnname_is_present_in_orgniozation_create_page" time="16.783"/>
  <testcase classname="Test_Orgnization2" name="Verify_that_to_check_state_columnname_is_present_in_orgniozation_create_page" time="17.137"/>
  <testcase classname="Test_Orgnization2" name="Verify_that_to_check_action_columnname_is_present_in_orgniozation_create_page" time="20.682"/>
  <testcase classname="Test_Orgnization2" name="Verify_that_to_check_to_click_next_page_of_orgnization_page" time="17.090"/>
  <testcase classname="Test_Orgnization2" name="Verify_that_to_check_to_click_previous_page_of_orgnization_page" time="20.808"/>
</testsuite> <!-- Test_Orgnization2 -->
