<?xml version="1.0" encoding="UTF-8"?>
<!-- Generated by org.testng.reporters.JUnitReportReporter -->
<testsuite hostname="DESKTOP-SPJ27N6" failures="0" tests="26" name="Test_Supervisor_from_supervisor" time="683.033" errors="0" timestamp="2024-12-17T15:10:42 IST" skipped="0">
  <testcase classname="Test_Supervisor_from_supervisor" name="verify_that_createSupervisor_with_invalid_email" time="73.955"/>
  <testcase classname="Test_Supervisor_from_supervisor" name="Verify_that_the_full_name_field_does_not_accept_numeric_or_special_characters_accept_only_character" time="22.585"/>
  <testcase classname="Test_Supervisor_from_supervisor" name="Verify_that_the_email_field_is_mandatory_and_displays_an_error_message_when_left_empty" time="20.500"/>
  <testcase classname="Test_Supervisor_from_supervisor" name="Verify_that_the_full_name_field_is_mandatory_and_displays_an_error_message_when_left_empty" time="27.217"/>
  <testcase classname="Test_Supervisor_from_supervisor" name="Verify_that_the_mobile_number_field_does_not_accept_alphabetic_or_special_characters" time="21.343"/>
  <testcase classname="Test_Supervisor_from_supervisor" name="Verify_that_the_mobile_number_field_accepts_different_formats_based_on_the_selected_country_code" time="22.854"/>
  <testcase classname="Test_Supervisor_from_supervisor" name="Verify_that_the_user_can_type_in_the_mobile_number_after_selecting_the_country_code" time="30.015"/>
  <testcase classname="Test_Supervisor_from_supervisor" name="Verify_that_the_organization_name_field_is_disabled_from_supervisorside" time="20.702"/>
  <testcase classname="Test_Supervisor_from_supervisor" name="Verify_that_an_error_message_is_displayed_if_the_save_button_is_clicked_when_mandatory_fields_are_not_filled" time="19.655"/>
  <testcase classname="Test_Supervisor_from_supervisor" name="Verify_the_maximum_and_minimum_length_of_the_full_name" time="20.666"/>
  <testcase classname="Test_Supervisor_from_supervisor" name="Verify_the_maximum_and_minimum_length_of_the_mobile_number_for_each_country_code" time="24.064"/>
  <testcase classname="Test_Supervisor_from_supervisor" name="Enter_an_email_without_a_domain_and_verify_that_an_error_message_is_displayed" time="25.200"/>
  <testcase classname="Test_Supervisor_from_supervisor" name="Verify_to_check_and_click_on_next_page_button_of_supervisor" time="19.152"/>
  <testcase classname="Test_Supervisor_from_supervisor" name="check_to_update_supervisor_without_select_orgnization_name" time="22.285"/>
  <testcase classname="Test_Supervisor_from_supervisor" name="check_and_update_superviaor_without_using_attherate" time="26.733"/>
  <testcase classname="Test_Supervisor_from_supervisor" name="check_to_update_supervisor_without_enter_mandatory_field" time="22.548"/>
  <testcase classname="Test_Supervisor_from_supervisor" name="Verify_to_update_supervisor_with_max_char_in_full_name_field" time="22.700"/>
  <testcase classname="Test_Supervisor_from_supervisor" name="Verify_to_update_superviosr_with_invalid_number" time="22.774"/>
  <testcase classname="Test_Supervisor_from_supervisor" name="Verify_to_check_createsupervisor_that_are_already_exist" time="26.571"/>
  <testcase classname="Test_Supervisor_from_supervisor" name="Verify_to_check_sr_no_column_is_present_in_supervisor_page" time="16.915"/>
  <testcase classname="Test_Supervisor_from_supervisor" name="Verify_to_check_supervisor_name_column_is_present_in_supervisor_page" time="6.935"/>
  <testcase classname="Test_Supervisor_from_supervisor" name="Verify_to_check_Email_column_is_present_in_supervisor_page" time="36.661"/>
  <testcase classname="Test_Supervisor_from_supervisor" name="Verify_to_check_mobile_number_column_is_present_in_supervisor_page" time="27.274"/>
  <testcase classname="Test_Supervisor_from_supervisor" name="Verify_to_check_orgnizationname_column_is_present_in_supervisor_page" time="16.998"/>
  <testcase classname="Test_Supervisor_from_supervisor" name="Verify_to_check_action_column_is_present_in_supervisor_page" time="37.185"/>
  <testcase classname="Test_Supervisor_from_supervisor" name="Create_Supervisor_with_valid_email" time="49.546"/>
</testsuite> <!-- Test_Supervisor_from_supervisor -->
