<?xml version="1.0" encoding="UTF-8"?>
<!-- Generated by org.testng.reporters.JUnitReportReporter -->
<testsuite hostname="DESKTOP-SPJ27N6" failures="0" tests="33" name="Test_dashboard" time="490.120" errors="0" timestamp="2024-10-29T17:32:08 IST" skipped="0">
  <testcase classname="Test_dashboard" name="Verify_that_select_Horizontal_bead_mill_machine_and_check_product_pump_motor_on_off" time="29.039"/>
  <testcase classname="Test_dashboard" name="Verify_that_select_Horizontal_bead_mill_machine_and_check_product_pump_motor_RPM_is_displayed" time="15.799"/>
  <testcase classname="Test_dashboard" name="Verify_that_select_Horizontal_bead_mill_machine_and_check_product_pump_motor_Last_of_off_time_isDisplayed" time="15.692"/>
  <testcase classname="Test_dashboard" name="Verify_that_select_Horizontal_bead_mill_machine_and_check_product_pump_motor_Last_on_off_date_isDisplayed" time="15.874"/>
  <testcase classname="Test_dashboard" name="Verify_that_select_Horizontal_bead_mill_machine_and_check_milli_motor_on_off" time="14.355"/>
  <testcase classname="Test_dashboard" name="Verify_that_select_Horizontal_bead_mill_machine_and_check_milli_motor_RPM_is_displayed" time="14.364"/>
  <testcase classname="Test_dashboard" name="Verify_that_select_Horizontal_bead_mill_machine_and_check_Milli_motor_Last_on_off_time_isDisplayed" time="14.284"/>
  <testcase classname="Test_dashboard" name="Verify_that_select_Horizontal_bead_mill_machine_and_check_milli_motor_Last_on_off_date_isDisplayed" time="14.392"/>
  <testcase classname="Test_dashboard" name="Verify_that_select_Horizontal_bead_mill_machine_and_check_coolant_motor_on_off" time="14.334"/>
  <testcase classname="Test_dashboard" name="Verify_that_select_Horizontal_bead_mill_machine_and_check_coolant_motor_Last_on_off_time_isDisplayed" time="14.660"/>
  <testcase classname="Test_dashboard" name="Verify_that_select_Horizontal_bead_mill_machine_and_check_coolant_motor_Last_on_off_date_isDisplayed" time="14.401"/>
  <testcase classname="Test_dashboard" name="Verify_that_select_Horizontal_bead_mill_machine_and_check_horizontal_bead_mill_machine_isDisplayed" time="15.185"/>
  <testcase classname="Test_dashboard" name="Verify_that_select_Horizontal_bead_mill_machine_and_check_temperature_isDisplayed" time="14.603"/>
  <testcase classname="Test_dashboard" name="Verify_that_select_Horizontal_bead_mill_machine_and_check_pressure_isDisplayed" time="14.351"/>
  <testcase classname="Test_dashboard" name="Verify_that_select_Horizontal_bead_mill_machine_and_check_vibration_isDisplayed" time="14.430"/>
  <testcase classname="Test_dashboard" name="Verify_that_select_Horizontal_bead_mill_machine_and_check_weight_isDisplayed" time="14.856"/>
  <testcase classname="Test_dashboard" name="Verify_that_select_twin_saft_disperser_machine_and_check_main_motor_on_off" time="16.614"/>
  <testcase classname="Test_dashboard" name="Verify_that_select_twin_shaftdisperser_machine_and_check_main_motor_motor_RPM_is_displayed" time="13.780"/>
  <testcase classname="Test_dashboard" name="Verify_that_select_twin_shaftdisperser_machine_and_check_main_motor_motor_Last_on_off_time_is_displayed" time="13.799"/>
  <testcase classname="Test_dashboard" name="Verify_that_select_twin_shaftdisperser_machine_and_check_main_motor_motor_Last_on_off_date_is_displayed" time="14.510"/>
  <testcase classname="Test_dashboard" name="Verify_that_select_twin_shaftdisperser_machine_and_check_scrapper_motor_on_off_is_displayed" time="13.798"/>
  <testcase classname="Test_dashboard" name="Verify_that_select_twin_shaftdisperser_machine_and_check_scrapper_motor_RPM_is_displayed" time="13.805"/>
  <testcase classname="Test_dashboard" name="Verify_that_select_twin_shaftdisperser_machine_and_check_scrapper_motor_last_on_off_time_is_displayed" time="13.961"/>
  <testcase classname="Test_dashboard" name="Verify_that_select_twin_shaftdisperser_machine_and_check_scrapper_motor_last_on_off_date_is_displayed" time="13.795"/>
  <testcase classname="Test_dashboard" name="Verify_that_select_twin_shaftdisperser_machine_and_check_hydraulic_motor__on_off_is_displayed" time="13.796"/>
  <testcase classname="Test_dashboard" name="Verify_that_select_twin_shaftdisperser_machine_and_check_hydraulic_motor_Last_on_off_date_is_displayed" time="13.801"/>
  <testcase classname="Test_dashboard" name="Verify_that_select_twin_shaftdisperser_machine_and_check_twin_shaft_disperser_machine_text_is_displayed" time="13.811"/>
  <testcase classname="Test_dashboard" name="Verify_that_select_twin_shaftdisperser_machine_and_check_hydraulic_motor_Last_on_off__time_is_displayed" time="13.796"/>
  <testcase classname="Test_dashboard" name="Verify_that_select_twin_shaftdisperser_machine_and_check_temperature1_is_displayed" time="13.862"/>
  <testcase classname="Test_dashboard" name="Verify_that_select_twin_shaftdisperser_machine_and_check_temperature2_is_displayed" time="13.748"/>
  <testcase classname="Test_dashboard" name="Verify_that_select_twin_shaftdisperser_machine_and_check_temperature3_is_displayed" time="13.953"/>
  <testcase classname="Test_dashboard" name="Verify_that_select_twin_shaftdisperser_machine_and_check_vibration_is_displayed" time="14.907"/>
  <testcase classname="Test_dashboard" name="Verify_that_select_twin_shaftdisperser_machine_and_check_weight_is_displayed" time="13.765"/>
</testsuite> <!-- Test_dashboard -->
