<?xml version="1.0" encoding="UTF-8"?>
<!-- Generated by org.testng.reporters.JUnitReportReporter -->
<testsuite hostname="DESKTOP-SPJ27N6" failures="0" tests="3" name="Device_update_TC" time="51.004" errors="0" timestamp="2024-09-30T17:47:39 IST" skipped="0">
  <testcase classname="Device_update_TC" name="verify_that_to_update_device_and_enter_maxtemp1_above_the_range" time="23.446"/>
  <testcase classname="Device_update_TC" name="verify_that_to_update_device_and_enter_alphabet_in_maxtemp1_field" time="13.806"/>
  <testcase classname="Device_update_TC" name="verify_that_to_update_device_without_enter_temp1" time="13.752"/>
</testsuite> <!-- Device_update_TC -->
