<?xml version="1.0" encoding="UTF-8"?>
<!-- Generated by org.testng.reporters.JUnitReportReporter -->
<testsuite hostname="DESKTOP-SPJ27N6" failures="0" tests="1" name="Test_dashboard" time="34.422" errors="0" timestamp="2024-09-12T18:36:29 IST" skipped="0">
  <testcase classname="Test_dashboard" name="Verify_that_select_orgnization_device_and_check_data_according_select_date" time="34.422"/>
</testsuite> <!-- Test_dashboard -->
