<?xml version="1.0" encoding="UTF-8"?>
<!-- Generated by org.testng.reporters.JUnitReportReporter -->
<testsuite hostname="DESKTOP-SPJ27N6" failures="0" tests="13" name="Test_Device" time="335.450" errors="0" timestamp="2024-09-25T17:31:26 IST" skipped="0">
  <testcase classname="Test_Device" name="Verify_that_the_Device_ID_field_is_unique_and_does_not_allow_duplicates" time="37.897"/>
  <testcase classname="Test_Device" name="Verify_to_check_the_Device_ID_with_special_characters" time="26.105"/>
  <testcase classname="Test_Device" name="Verify_to_check_the_Device_ID_with_spaces" time="26.188"/>
  <testcase classname="Test_Device" name="Verify_that_the_Device_ID_field_does_not_accept_with_minimum_length_of_2_characters" time="26.370"/>
  <testcase classname="Test_Device" name="Verify_that_the_Device_ID_field_does_not_accept_with_max_length" time="26.023"/>
  <testcase classname="Test_Device" name="Verify_that_the_Max_Temperature_1_field_accepts_numeric_values_between_1_to_100" time="26.276"/>
  <testcase classname="Test_Device" name="Verify_that_temp1_field_should_not_accept_alphabet" time="27.994"/>
  <testcase classname="Test_Device" name="Verify_that_temp1_field_take_blank" time="23.061"/>
  <testcase classname="Test_Device" name="Verify_that_the_Max_Temperature_2_field_does_not_accept_alphabetic_or_any_special_characters" time="22.984"/>
  <testcase classname="Test_Device" name="Verify_that_the_Max_Temperature_2_field_does_not_greater_than_100" time="23.262"/>
  <testcase classname="Test_Device" name="check_maxtemp3_field_does_not_accept_special_and_char" time="23.129"/>
  <testcase classname="Test_Device" name="check_maxtepm3_does_not_accept_greater_than_100" time="23.088"/>
  <testcase classname="Test_Device" name="check_maxtepm3_field_blank" time="23.073"/>
</testsuite> <!-- Test_Device -->
