<?xml version="1.0" encoding="UTF-8"?>
<!-- Generated by org.testng.reporters.JUnitReportReporter -->
<testsuite hostname="DESKTOP-SPJ27N6" failures="0" tests="3" name="Test_Device" time="82.726" errors="0" timestamp="2024-10-28T18:23:11 IST" skipped="0">
  <testcase classname="Test_Device" name="Verify_to_create_Horizontalbead_mill_machine" time="31.174"/>
  <testcase classname="Test_Device" name="verify_to_create_twinsaftdisperser" time="25.877"/>
  <testcase classname="Test_Device" name="Verify_to_create_highspeed_disperser_machine" time="25.675"/>
</testsuite> <!-- Test_Device -->
