<?xml version="1.0" encoding="UTF-8"?>
<!-- Generated by org.testng.reporters.JUnitReportReporter -->
<testsuite hostname="DESKTOP-SPJ27N6" failures="0" tests="30" name="Create_device_from_supervisor" time="484.402" errors="0" timestamp="2024-11-25T13:14:34 IST" skipped="0">
  <testcase classname="Create_device_from_supervisor" name="Verify_that_the_Device_ID_field_is_unique_and_does_not_allow_duplicates" time="28.725"/>
  <testcase classname="Create_device_from_supervisor" name="Verify_to_check__Device_ID_Field_with_special_characters" time="21.386"/>
  <testcase classname="Create_device_from_supervisor" name="Verify_to_check__Device_IDfield_with_spaces" time="21.436"/>
  <testcase classname="Create_device_from_supervisor" name="Verify_that_the_Device_ID_field_does_not_accept_with_minimum_length_of_2_characters" time="21.418"/>
  <testcase classname="Create_device_from_supervisor" name="Verify_that_the_Device_ID_field_does_not_accept_with_max_length" time="21.405"/>
  <testcase classname="Create_device_from_supervisor" name="Verify_that_the_Max_Temperature_1_field_accepts_numeric_values_between_1_to_100" time="15.239"/>
  <testcase classname="Create_device_from_supervisor" name="Verify_that_temp1_field_should_not_accept_alphabet" time="15.166"/>
  <testcase classname="Create_device_from_supervisor" name="Verify_that_temp1_field_take_blank_and_see_the_error_message" time="15.338"/>
  <testcase classname="Create_device_from_supervisor" name="Verify_that_the_Max_Temperature_2_field_does_not_accept_alphabetic_or_any_special_characters" time="15.433"/>
  <testcase classname="Create_device_from_supervisor" name="Verify_that_the_Max_Temperature_2_field_does_not_greater_than_100" time="15.381"/>
  <testcase classname="Create_device_from_supervisor" name="check_maxtemp3_field_does_not_accept_special_char" time="15.280"/>
  <testcase classname="Create_device_from_supervisor" name="check_maxtepm3_does_not_accept_greater_than_100" time="15.370"/>
  <testcase classname="Create_device_from_supervisor" name="check_to_create_device_with_maxtepm3_field_is_blank" time="15.336"/>
  <testcase classname="Create_device_from_supervisor" name="Verify_that_the_Max_Pressure_1_field_does_not_accept_alphabetic_or_any_speecial_characters" time="15.755"/>
  <testcase classname="Create_device_from_supervisor" name="Verify_that_the_Max_pressure_field_does_not_accept_values__greater_than_10" time="16.002"/>
  <testcase classname="Create_device_from_supervisor" name="Verify_that_the_Max_pressure_field_does_not_accept_values_less_than_1" time="15.753"/>
  <testcase classname="Create_device_from_supervisor" name="Verify_that_the_Max_pressure__field_take_blnak_and_see_error" time="15.303"/>
  <testcase classname="Create_device_from_supervisor" name="Verify_that_the_Max_vibration_field_does_not_accept_alphabetic_or_any_special_characters" time="15.280"/>
  <testcase classname="Create_device_from_supervisor" name="Verify_that_the_Max_vibration_field_does_not_accept_value_greater_than_10000" time="15.322"/>
  <testcase classname="Create_device_from_supervisor" name="Verify_that_the_Max_vibration_field_does_not_accept_value_less_than_1" time="15.487"/>
  <testcase classname="Create_device_from_supervisor" name="Verify_that_the_Max_vibration_field_take_blank_and_see_error_message" time="15.263"/>
  <testcase classname="Create_device_from_supervisor" name="Verify_that_the_Time_Zone_field_displays_a_dropdown_menu" time="15.218"/>
  <testcase classname="Create_device_from_supervisor" name="Verify_the_empty_field_of_Device_ID_is_not_saved_and_gets_valid_errormessage" time="15.246"/>
  <testcase classname="Create_device_from_supervisor" name="Verify_that_click_on_cross_button_and_close_the_popup" time="10.913"/>
  <testcase classname="Create_device_from_supervisor" name="Verify_that_the_text_of_Device_page" time="14.272"/>
  <testcase classname="Create_device_from_supervisor" name="Verify_that_clickon_submit_button_when_all_the_fields_are_blank" time="15.255"/>
  <testcase classname="Create_device_from_supervisor" name="Verify_the_deice_text_on_add_device_page" time="14.924"/>
  <testcase classname="Create_device_from_supervisor" name="Verify_to_create_Horizontalbead_mill_machine" time="12.448"/>
  <testcase classname="Create_device_from_supervisor" name="verify_to_create_twinsaftdisperser" time="12.739"/>
  <testcase classname="Create_device_from_supervisor" name="Verify_to_create_highspeed_disperser_machine" time="12.309"/>
</testsuite> <!-- Create_device_from_supervisor -->
