<?xml version="1.0" encoding="UTF-8"?>
<!-- Generated by org.testng.reporters.JUnitReportReporter -->
<testsuite hostname="DESKTOP-SPJ27N6" failures="0" tests="2" name="Edit_profile_from_supervisor" time="62.190" errors="0" timestamp="2024-10-22T14:18:14 IST" skipped="0">
  <testcase classname="Edit_profile_from_supervisor" name="Verify_that_reset_password_to_enter_current_pasword_with_space" time="30.999"/>
  <testcase classname="Edit_profile_from_supervisor" name="Verify_that_to_reset_password_to_enter_current_pasword_and_newPassword_are_same" time="31.191"/>
</testsuite> <!-- Edit_profile_from_supervisor -->
