<?xml version="1.0" encoding="UTF-8"?>
<!-- Generated by org.testng.reporters.JUnitReportReporter -->
<testsuite hostname="DESKTOP-SPJ27N6" failures="0" tests="5" name="Device_update_TC" time="177.140" errors="0" timestamp="2024-10-01T18:34:56 IST" skipped="0">
  <testcase classname="Device_update_TC" name="verify_that_to_update_device_with_maxtemp3_below_the_range" time="41.027"/>
  <testcase classname="Device_update_TC" name="verify_that_to_update_device_with_maxtemp3_above_the_range" time="34.918"/>
  <testcase classname="Device_update_TC" name="verify_that_to_update_device_with_enter_alphabet_in_maxtemp3_field" time="23.994"/>
  <testcase classname="Device_update_TC" name="verify_that_to_update_device_without_enter_maxtemp3" time="37.766"/>
  <testcase classname="Device_update_TC" name="verify_that_to_update_device_with_special_char" time="39.435"/>
</testsuite> <!-- Device_update_TC -->
