<?xml version="1.0" encoding="UTF-8"?>
<!-- Generated by org.testng.reporters.JUnitReportReporter -->
<testsuite hostname="DESKTOP-SPJ27N6" failures="0" tests="44" name="Dashboard_from_supervisor" time="663.707" errors="0" timestamp="2024-11-21T19:00:05 IST" skipped="0">
  <testcase classname="Dashboard_from_supervisor" name="Verify_that_select_Horizontal_bead_mill_machine_and_check_product_pump_motor_on_off" time="32.428"/>
  <testcase classname="Dashboard_from_supervisor" name="Verify_that_select_Horizontal_bead_mill_machine_and_check_product_pump_motor_RPM_is_displayed" time="16.809"/>
  <testcase classname="Dashboard_from_supervisor" name="Verify_that_select_Horizontal_bead_mill_machine_and_check_product_pump_motor_Last_of_off_time_isDisplayed" time="16.132"/>
  <testcase classname="Dashboard_from_supervisor" name="Verify_that_select_Horizontal_bead_mill_machine_and_check_product_pump_motor_Last_on_off_date_isDisplayed" time="16.134"/>
  <testcase classname="Dashboard_from_supervisor" name="Verify_that_select_Horizontal_bead_mill_machine_and_check_milli_motor_on_off" time="16.631"/>
  <testcase classname="Dashboard_from_supervisor" name="Verify_that_select_Horizontal_bead_mill_machine_and_check_milli_motor_RPM_is_displayed" time="16.193"/>
  <testcase classname="Dashboard_from_supervisor" name="Verify_that_select_Horizontal_bead_mill_machine_and_check_Milli_motor_Last_on_off_time_isDisplayed" time="16.164"/>
  <testcase classname="Dashboard_from_supervisor" name="Verify_that_select_Horizontal_bead_mill_machine_and_check_milli_motor_Last_on_off_date_isDisplayed" time="17.059"/>
  <testcase classname="Dashboard_from_supervisor" name="Verify_that_select_Horizontal_bead_mill_machine_and_check_coolant_motor_on_off" time="19.549"/>
  <testcase classname="Dashboard_from_supervisor" name="Verify_that_select_Horizontal_bead_mill_machine_and_check_coolant_motor_Last_on_off_time_isDisplayed" time="6.322"/>
  <testcase classname="Dashboard_from_supervisor" name="Verify_that_select_Horizontal_bead_mill_machine_and_check_coolant_motor_Last_on_off_date_isDisplayed" time="17.539"/>
  <testcase classname="Dashboard_from_supervisor" name="Verify_that_select_Horizontal_bead_mill_machine_and_check_horizontal_bead_mill_machine_isDisplayed" time="16.694"/>
  <testcase classname="Dashboard_from_supervisor" name="Verify_that_select_Horizontal_bead_mill_machine_and_check_temperature_isDisplayed" time="15.754"/>
  <testcase classname="Dashboard_from_supervisor" name="Verify_that_select_Horizontal_bead_mill_machine_and_check_pressure_isDisplayed" time="17.145"/>
  <testcase classname="Dashboard_from_supervisor" name="Verify_that_select_Horizontal_bead_mill_machine_and_check_vibration_isDisplayed" time="16.664"/>
  <testcase classname="Dashboard_from_supervisor" name="Verify_that_select_Horizontal_bead_mill_machine_and_check_weight_isDisplayed" time="16.610"/>
  <testcase classname="Dashboard_from_supervisor" name="Verify_that_select_twin_saft_disperser_machine_and_check_main_motor_on_off" time="18.878"/>
  <testcase classname="Dashboard_from_supervisor" name="Verify_that_select_twin_shaftdisperser_machine_and_check_main_motor_motor_RPM_is_displayed" time="13.939"/>
  <testcase classname="Dashboard_from_supervisor" name="Verify_that_select_twin_shaftdisperser_machine_and_check_main_motor_motor_Last_on_off_time_is_displayed" time="13.957"/>
  <testcase classname="Dashboard_from_supervisor" name="Verify_that_select_twin_shaftdisperser_machine_and_check_main_motor_motor_Last_on_off_date_is_displayed" time="13.768"/>
  <testcase classname="Dashboard_from_supervisor" name="Verify_that_select_twin_shaftdisperser_machine_and_check_scrapper_motor_on_off_is_displayed" time="13.881"/>
  <testcase classname="Dashboard_from_supervisor" name="Verify_that_select_twin_shaftdisperser_machine_and_check_scrapper_motor_RPM_is_displayed" time="14.124"/>
  <testcase classname="Dashboard_from_supervisor" name="Verify_that_select_twin_shaftdisperser_machine_and_check_scrapper_motor_last_on_off_time_is_displayed" time="13.709"/>
  <testcase classname="Dashboard_from_supervisor" name="Verify_that_select_twin_shaftdisperser_machine_and_check_scrapper_motor_last_on_off_date_is_displayed" time="13.844"/>
  <testcase classname="Dashboard_from_supervisor" name="Verify_that_select_twin_shaftdisperser_machine_and_check_hydraulic_motor__on_off_is_displayed" time="13.748"/>
  <testcase classname="Dashboard_from_supervisor" name="Verify_that_select_twin_shaftdisperser_machine_and_check_hydraulic_motor_Last_on_off__time_is_displayed" time="13.913"/>
  <testcase classname="Dashboard_from_supervisor" name="Verify_that_select_twin_shaftdisperser_machine_and_check_hydraulic_motor_Last_on_off_date_is_displayed" time="13.753"/>
  <testcase classname="Dashboard_from_supervisor" name="Verify_that_select_twin_shaftdisperser_machine_and_check_twin_shaft_disperser_machine_text_is_displayed" time="13.776"/>
  <testcase classname="Dashboard_from_supervisor" name="Verify_that_select_twin_shaftdisperser_machine_and_check_temperature1_is_displayed" time="14.223"/>
  <testcase classname="Dashboard_from_supervisor" name="Verify_that_select_twin_shaftdisperser_machine_and_check_temperature2_is_displayed" time="14.352"/>
  <testcase classname="Dashboard_from_supervisor" name="Verify_that_select_twin_shaftdisperser_machine_and_check_temperature3_is_displayed" time="14.408"/>
  <testcase classname="Dashboard_from_supervisor" name="Verify_that_select_twin_shaftdisperser_machine_and_check_vibration_is_displayed" time="13.822"/>
  <testcase classname="Dashboard_from_supervisor" name="Verify_that_select_twin_shaftdisperser_machine_and_check_weight_is_displayed" time="3.735"/>
  <testcase classname="Dashboard_from_supervisor" name="Verify_that_select_high_speed_disperser_machine_and_check_main_motor_on_off" time="17.920"/>
  <testcase classname="Dashboard_from_supervisor" name="Verify_that_select_high_speed_disperser_machine_and_check_the_main_motor_RPM_is_displayed" time="14.500"/>
  <testcase classname="Dashboard_from_supervisor" name="Verify_that_select_high_speed_disperser_machine_and_check_main_motor_Last_on_off_time" time="13.776"/>
  <testcase classname="Dashboard_from_supervisor" name="Verify_that_select_high_speed_disperser_machine_and_check_main_motor_Last_on_off_date" time="13.778"/>
  <testcase classname="Dashboard_from_supervisor" name="Verify_that_select_high_speed_disperser_machine_and_check_hydraulic_motor_on_off" time="13.834"/>
  <testcase classname="Dashboard_from_supervisor" name="Verify_that_select_high_speed_disperser_machine_and_check_hydraulic_motor_last_on_off_time" time="14.361"/>
  <testcase classname="Dashboard_from_supervisor" name="Verify_that_select_high_speed_disperser_machine_and_check_hydraulic_motor_last_on_off_date" time="13.867"/>
  <testcase classname="Dashboard_from_supervisor" name="Verify_that_select_high_speed_disperser_machine_and_check_the_text_of_high_speed_disperser_is_visible" time="13.780"/>
  <testcase classname="Dashboard_from_supervisor" name="Verify_that_select_high_speed_disperser_machine_and_check_the_temperature_is_visible" time="14.363"/>
  <testcase classname="Dashboard_from_supervisor" name="Verify_that_select_high_speed_disperser_machine_and_check_the_vibration_is_visible" time="13.914"/>
  <testcase classname="Dashboard_from_supervisor" name="Verify_that_select_high_speed_disperser_machine_and_check_the_weight_is_visible" time="13.957"/>
</testsuite> <!-- Dashboard_from_supervisor -->
