<?xml version="1.0" encoding="UTF-8"?>
<!-- Generated by org.testng.reporters.JUnitReportReporter -->
<testsuite hostname="DESKTOP-SPJ27N6" failures="0" tests="16" name="Test_editprofile" time="580.762" errors="0" timestamp="2024-11-25T15:32:21 IST" skipped="0">
  <testcase classname="Test_editprofile" name="Verify_to_check_edit_full_namefield_and_enter_max_length_of_fullname" time="26.810"/>
  <testcase classname="Test_editprofile" name="Verify_to_check_edit_full_namefield_and_enterMinimum_length_of_fullname" time="38.504"/>
  <testcase classname="Test_editprofile" name="Verify_to_check_edit_full_namefield_and_enter_special_charIn_fullname" time="38.429"/>
  <testcase classname="Test_editprofile" name="Verify_to_check_edit_full_namefield_and_enter_numericvalue_fullname" time="38.689"/>
  <testcase classname="Test_editprofile" name="Verify_to_check_edit_profile_without_fullname_field" time="38.440"/>
  <testcase classname="Test_editprofile" name="Verify_to_check_edit_profile_with_invalid_email_formate" time="55.840"/>
  <testcase classname="Test_editprofile" name="Verify_to_check_edit_profile_without_using_at_the_ratein_name_field" time="36.359"/>
  <testcase classname="Test_editprofile" name="Verify_to_check_edit_profile_without_enter_email_field" time="36.547"/>
  <testcase classname="Test_editprofile" name="Verify_to_check_edit_profile_to_entermax_length_ofemail_field_more_than_50char" time="37.100"/>
  <testcase classname="Test_editprofile" name="Verify_to_check_edit_profile_to_enter_invalid_phoneNumber" time="36.370"/>
  <testcase classname="Test_editprofile" name="Verify_to_check_edit_profile_without_enter_phone_number" time="36.377"/>
  <testcase classname="Test_editprofile" name="Verify_to_get_text_of_edit_profile_page" time="33.155"/>
  <testcase classname="Test_editprofile" name="Verify_to_close_popup_to_click_on_cross_button_of_the_popup" time="33.368"/>
  <testcase classname="Test_editprofile" name="Verify_to_check_select_other_country_code_and_enter_invalid_phone" time="39.527"/>
  <testcase classname="Test_editprofile" name="Verify_toupdate_profile_with_all_valid_data" time="33.942"/>
  <testcase classname="Test_editprofile" name="Verify_to_check_edit_full_namefield_and_enter_valid_NAME" time="21.305"/>
</testsuite> <!-- Test_editprofile -->
