<?xml version="1.0" encoding="UTF-8"?>
<!-- Generated by org.testng.reporters.JUnitReportReporter -->
<testsuite hostname="DESKTOP-SPJ27N6" failures="0" tests="1" name="Test_editprofile" time="36.356" errors="0" timestamp="2024-09-12T18:32:38 IST" skipped="0">
  <testcase classname="Test_editprofile" name="Verify_to_check_edit_full_namefield" time="36.356"/>
</testsuite> <!-- Test_editprofile -->
