<?xml version="1.0" encoding="UTF-8"?>
<!-- Generated by org.testng.reporters.JUnitReportReporter -->
<testsuite hostname="DESKTOP-SPJ27N6" failures="0" tests="1" name="Device_TC" time="21.579" errors="0" timestamp="2024-10-04T17:28:23 IST" skipped="0">
  <testcase classname="Device_TC" name="Verify_and_check_to_type_on_timezone_field_but_the_country_are_not_present_in_dropbox" time="21.579"/>
</testsuite> <!-- Device_TC -->
